2.5540 	INFO 	Screen res set as: 1920x1080
2.5550 	INFO 	Loaded monitor calibration from ['2018_09_18 09:28']
2.9734 	EXP 	Created window1 = Window(allowGUI=True, allowStencil=False, args=UNKNOWN, autoLog=True, bitsMode=UNKNOWN, blendMode='avg', color='Gainsboro', colorSpace='named', fullscr=UNKNOWN, gamma=None, kwargs=UNKNOWN, lms=UNKNOWN, monitor=<psychopy.monitors.calibTools.Monitor object at 0x7f656f5c4f60>, multiSample=False, name='window1', numSamples=2, pos=None, screen=0, size=array([1920, 1080]), stereo=False, units='pix', useFBO=False, useRetina=False, viewOri=0.0, viewPos=None, viewScale=None, waitBlanking=True, winType='pygame')
2.9734 	INFO 	Detected framerate: 30 frames per sec.
2.9734 	INFO 	Mouse: using default window
3.0325 	EXP 	Created unnamed ImageStim = ImageStim(__class__=<class 'psychopy.visual.image.ImageStim'>, autoLog=True, color=array([1., 1., 1.]), colorSpace='rgb', contrast=1.0, depth=0, flipHoriz=False, flipVert=False, image='images/clock.png', interpolate=True, mask=None, maskParams=None, name='unnamed ImageStim', opacity=1.0, ori=0.0, pos=array([200., 200.]), size=array([50., 50.]), texRes=128, units='pix', win=Window(...))
3.0680 	INFO 	using sysFont Arial
3.0695 	EXP 	Created unnamed TextStim = TextStim(__class__=<class 'psychopy.visual.text.TextStim'>, alignHoriz='center', alignVert='center', antialias=True, autoLog=True, bold=False, color='black', colorSpace='named', contrast=1.0, depth=0, flipHoriz=False, flipVert=False, font='Arial', fontFiles=[], height=32, italic=False, name='unnamed TextStim', opacity=1.0, ori=0.0, pos=array([0., 0.]), rgb=array([0., 0., 0.]), text='Wstęp', units='pix', win=Window(...), wrapWidth=1920)
3.7980 	EXP 	Created unnamed ImageStim = ImageStim(__class__=<class 'psychopy.visual.image.ImageStim'>, autoLog=True, color=array([1., 1., 1.]), colorSpace='rgb', contrast=1.0, depth=0, flipHoriz=False, flipVert=False, image='images/23_11.png', interpolate=True, mask=None, maskParams=None, name='unnamed ImageStim', opacity=1.0, ori=0.0, pos=array([-50., 150.]), size=array([40., 40.]), texRes=128, units='pix', win=Window(...))
3.8123 	EXP 	Created unnamed ImageStim = ImageStim(__class__=<class 'psychopy.visual.image.ImageStim'>, autoLog=True, color=array([1., 1., 1.]), colorSpace='rgb', contrast=1.0, depth=0, flipHoriz=False, flipVert=False, image='images/4_11.png', interpolate=True, mask=None, maskParams=None, name='unnamed ImageStim', opacity=1.0, ori=0.0, pos=array([ 50., 150.]), size=array([40., 40.]), texRes=128, units='pix', win=Window(...))
3.8279 	EXP 	Created unnamed ImageStim = ImageStim(__class__=<class 'psychopy.visual.image.ImageStim'>, autoLog=True, color=array([1., 1., 1.]), colorSpace='rgb', contrast=1.0, depth=0, flipHoriz=False, flipVert=False, image='images/9_11.png', interpolate=True, mask=None, maskParams=None, name='unnamed ImageStim', opacity=1.0, ori=0.0, pos=array([-50.,  50.]), size=array([40., 40.]), texRes=128, units='pix', win=Window(...))
3.8428 	EXP 	Created unnamed ImageStim = ImageStim(__class__=<class 'psychopy.visual.image.ImageStim'>, autoLog=True, color=array([1., 1., 1.]), colorSpace='rgb', contrast=1.0, depth=0, flipHoriz=False, flipVert=False, image='images/12_11.png', interpolate=True, mask=None, maskParams=None, name='unnamed ImageStim', opacity=1.0, ori=0.0, pos=array([50., 50.]), size=array([40., 40.]), texRes=128, units='pix', win=Window(...))
3.8475 	EXP 	Created unnamed Line = Line(__class__=<class 'psychopy.visual.line.Line'>, autoDraw=False, autoLog=True, closeShape=False, contrast=1.0, depth=0, fillColor=None, fillColorSpace='rgb', interpolate=True, lineColor='black', lineColorSpace='named', lineWidth=1.5, name='unnamed Line', opacity=1.0, ori=array(0.), pos=array([0., 0.]), size=array([1., 1.]), units='pix', vertices=array([[-0.5, -0.5],
       [ 0.5,  0.5]]), win=Window(...), windingRule=None)
3.8486 	EXP 	Created unnamed Line = Line(__class__=<class 'psychopy.visual.line.Line'>, autoDraw=False, autoLog=True, closeShape=False, contrast=1.0, depth=0, fillColor=None, fillColorSpace='rgb', interpolate=True, lineColor='black', lineColorSpace='named', lineWidth=1.5, name='unnamed Line', opacity=1.0, ori=array(0.), pos=array([0., 0.]), size=array([1., 1.]), units='pix', vertices=array([[-0.5, -0.5],
       [ 0.5,  0.5]]), win=Window(...), windingRule=None)
3.8496 	EXP 	Created unnamed Line = Line(__class__=<class 'psychopy.visual.line.Line'>, autoDraw=False, autoLog=True, closeShape=False, contrast=1.0, depth=0, fillColor=None, fillColorSpace='rgb', interpolate=True, lineColor='black', lineColorSpace='named', lineWidth=1.5, name='unnamed Line', opacity=1.0, ori=array(0.), pos=array([0., 0.]), size=array([1., 1.]), units='pix', vertices=array([[-0.5, -0.5],
       [ 0.5,  0.5]]), win=Window(...), windingRule=None)
3.8511 	EXP 	Created unnamed Line = Line(__class__=<class 'psychopy.visual.line.Line'>, autoDraw=False, autoLog=True, closeShape=False, contrast=1.0, depth=0, fillColor=None, fillColorSpace='rgb', interpolate=True, lineColor='black', lineColorSpace='named', lineWidth=1.5, name='unnamed Line', opacity=1.0, ori=array(0.), pos=array([0., 0.]), size=array([1., 1.]), units='pix', vertices=array([[-0.5, -0.5],
       [ 0.5,  0.5]]), win=Window(...), windingRule=None)
3.8521 	EXP 	Created unnamed Line = Line(__class__=<class 'psychopy.visual.line.Line'>, autoDraw=False, autoLog=True, closeShape=False, contrast=1.0, depth=0, fillColor=None, fillColorSpace='rgb', interpolate=True, lineColor='black', lineColorSpace='named', lineWidth=1.5, name='unnamed Line', opacity=1.0, ori=array(0.), pos=array([0., 0.]), size=array([1., 1.]), units='pix', vertices=array([[-0.5, -0.5],
       [ 0.5,  0.5]]), win=Window(...), windingRule=None)
3.8531 	EXP 	Created unnamed Line = Line(__class__=<class 'psychopy.visual.line.Line'>, autoDraw=False, autoLog=True, closeShape=False, contrast=1.0, depth=0, fillColor=None, fillColorSpace='rgb', interpolate=True, lineColor='black', lineColorSpace='named', lineWidth=1.5, name='unnamed Line', opacity=1.0, ori=array(0.), pos=array([0., 0.]), size=array([1., 1.]), units='pix', vertices=array([[-0.5, -0.5],
       [ 0.5,  0.5]]), win=Window(...), windingRule=None)
3.8546 	EXP 	Created unnamed Line = Line(__class__=<class 'psychopy.visual.line.Line'>, autoDraw=False, autoLog=True, closeShape=False, contrast=1.0, depth=0, fillColor=None, fillColorSpace='rgb', interpolate=True, lineColor='black', lineColorSpace='named', lineWidth=1.5, name='unnamed Line', opacity=1.0, ori=array(0.), pos=array([0., 0.]), size=array([1., 1.]), units='pix', vertices=array([[-0.5, -0.5],
       [ 0.5,  0.5]]), win=Window(...), windingRule=None)
3.8556 	EXP 	Created unnamed Line = Line(__class__=<class 'psychopy.visual.line.Line'>, autoDraw=False, autoLog=True, closeShape=False, contrast=1.0, depth=0, fillColor=None, fillColorSpace='rgb', interpolate=True, lineColor='black', lineColorSpace='named', lineWidth=1.5, name='unnamed Line', opacity=1.0, ori=array(0.), pos=array([0., 0.]), size=array([1., 1.]), units='pix', vertices=array([[-0.5, -0.5],
       [ 0.5,  0.5]]), win=Window(...), windingRule=None)
3.8566 	EXP 	Created unnamed Line = Line(__class__=<class 'psychopy.visual.line.Line'>, autoDraw=False, autoLog=True, closeShape=False, contrast=1.0, depth=0, fillColor=None, fillColorSpace='rgb', interpolate=True, lineColor='black', lineColorSpace='named', lineWidth=1.5, name='unnamed Line', opacity=1.0, ori=array(0.), pos=array([0., 0.]), size=array([1., 1.]), units='pix', vertices=array([[-0.5, -0.5],
       [ 0.5,  0.5]]), win=Window(...), windingRule=None)
3.8669 	EXP 	Created unnamed ImageStim = ImageStim(__class__=<class 'psychopy.visual.image.ImageStim'>, autoLog=True, color=array([1., 1., 1.]), colorSpace='rgb', contrast=1.0, depth=0, flipHoriz=False, flipVert=False, image='images/9_11.png', interpolate=True, mask=None, maskParams=None, name='unnamed ImageStim', opacity=1.0, ori=0.0, pos=array([-500., -150.]), size=array([30., 30.]), texRes=128, units='pix', win=Window(...))
3.8756 	EXP 	Created unnamed ImageStim = ImageStim(__class__=<class 'psychopy.visual.image.ImageStim'>, autoLog=True, color=array([1., 1., 1.]), colorSpace='rgb', contrast=1.0, depth=0, flipHoriz=False, flipVert=False, image='images/4_11.png', interpolate=True, mask=None, maskParams=None, name='unnamed ImageStim', opacity=1.0, ori=0.0, pos=array([-400., -150.]), size=array([30., 30.]), texRes=128, units='pix', win=Window(...))
3.8857 	EXP 	Created unnamed ImageStim = ImageStim(__class__=<class 'psychopy.visual.image.ImageStim'>, autoLog=True, color=array([1., 1., 1.]), colorSpace='rgb', contrast=1.0, depth=0, flipHoriz=False, flipVert=False, image='images/23_11.png', interpolate=True, mask=None, maskParams=None, name='unnamed ImageStim', opacity=1.0, ori=0.0, pos=array([-500., -250.]), size=array([30., 30.]), texRes=128, units='pix', win=Window(...))
3.8950 	EXP 	Created unnamed ImageStim = ImageStim(__class__=<class 'psychopy.visual.image.ImageStim'>, autoLog=True, color=array([1., 1., 1.]), colorSpace='rgb', contrast=1.0, depth=0, flipHoriz=False, flipVert=False, image='images/12_11.png', interpolate=True, mask=None, maskParams=None, name='unnamed ImageStim', opacity=1.0, ori=0.0, pos=array([-400., -250.]), size=array([30., 30.]), texRes=128, units='pix', win=Window(...))
3.8962 	EXP 	Created unnamed Line = Line(__class__=<class 'psychopy.visual.line.Line'>, autoDraw=False, autoLog=True, closeShape=False, contrast=1.0, depth=0, fillColor=None, fillColorSpace='rgb', interpolate=True, lineColor='black', lineColorSpace='named', lineWidth=1.5, name='unnamed Line', opacity=1.0, ori=array(0.), pos=array([0., 0.]), size=array([1., 1.]), units='pix', vertices=array([[-0.5, -0.5],
       [ 0.5,  0.5]]), win=Window(...), windingRule=None)
3.8971 	EXP 	Created unnamed Line = Line(__class__=<class 'psychopy.visual.line.Line'>, autoDraw=False, autoLog=True, closeShape=False, contrast=1.0, depth=0, fillColor=None, fillColorSpace='rgb', interpolate=True, lineColor='black', lineColorSpace='named', lineWidth=1.5, name='unnamed Line', opacity=1.0, ori=array(0.), pos=array([0., 0.]), size=array([1., 1.]), units='pix', vertices=array([[-0.5, -0.5],
       [ 0.5,  0.5]]), win=Window(...), windingRule=None)
3.8981 	EXP 	Created unnamed Line = Line(__class__=<class 'psychopy.visual.line.Line'>, autoDraw=False, autoLog=True, closeShape=False, contrast=1.0, depth=0, fillColor=None, fillColorSpace='rgb', interpolate=True, lineColor='black', lineColorSpace='named', lineWidth=1.5, name='unnamed Line', opacity=1.0, ori=array(0.), pos=array([0., 0.]), size=array([1., 1.]), units='pix', vertices=array([[-0.5, -0.5],
       [ 0.5,  0.5]]), win=Window(...), windingRule=None)
3.8998 	EXP 	Created unnamed Line = Line(__class__=<class 'psychopy.visual.line.Line'>, autoDraw=False, autoLog=True, closeShape=False, contrast=1.0, depth=0, fillColor=None, fillColorSpace='rgb', interpolate=True, lineColor='black', lineColorSpace='named', lineWidth=1.5, name='unnamed Line', opacity=1.0, ori=array(0.), pos=array([0., 0.]), size=array([1., 1.]), units='pix', vertices=array([[-0.5, -0.5],
       [ 0.5,  0.5]]), win=Window(...), windingRule=None)
3.9009 	EXP 	Created unnamed Line = Line(__class__=<class 'psychopy.visual.line.Line'>, autoDraw=False, autoLog=True, closeShape=False, contrast=1.0, depth=0, fillColor=None, fillColorSpace='rgb', interpolate=True, lineColor='black', lineColorSpace='named', lineWidth=1.5, name='unnamed Line', opacity=1.0, ori=array(0.), pos=array([0., 0.]), size=array([1., 1.]), units='pix', vertices=array([[-0.5, -0.5],
       [ 0.5,  0.5]]), win=Window(...), windingRule=None)
3.9019 	EXP 	Created unnamed Line = Line(__class__=<class 'psychopy.visual.line.Line'>, autoDraw=False, autoLog=True, closeShape=False, contrast=1.0, depth=0, fillColor=None, fillColorSpace='rgb', interpolate=True, lineColor='black', lineColorSpace='named', lineWidth=1.5, name='unnamed Line', opacity=1.0, ori=array(0.), pos=array([0., 0.]), size=array([1., 1.]), units='pix', vertices=array([[-0.5, -0.5],
       [ 0.5,  0.5]]), win=Window(...), windingRule=None)
3.9034 	EXP 	Created unnamed Line = Line(__class__=<class 'psychopy.visual.line.Line'>, autoDraw=False, autoLog=True, closeShape=False, contrast=1.0, depth=0, fillColor=None, fillColorSpace='rgb', interpolate=True, lineColor='black', lineColorSpace='named', lineWidth=1.5, name='unnamed Line', opacity=1.0, ori=array(0.), pos=array([0., 0.]), size=array([1., 1.]), units='pix', vertices=array([[-0.5, -0.5],
       [ 0.5,  0.5]]), win=Window(...), windingRule=None)
3.9044 	EXP 	Created unnamed Line = Line(__class__=<class 'psychopy.visual.line.Line'>, autoDraw=False, autoLog=True, closeShape=False, contrast=1.0, depth=0, fillColor=None, fillColorSpace='rgb', interpolate=True, lineColor='black', lineColorSpace='named', lineWidth=1.5, name='unnamed Line', opacity=1.0, ori=array(0.), pos=array([0., 0.]), size=array([1., 1.]), units='pix', vertices=array([[-0.5, -0.5],
       [ 0.5,  0.5]]), win=Window(...), windingRule=None)
3.9054 	EXP 	Created unnamed Line = Line(__class__=<class 'psychopy.visual.line.Line'>, autoDraw=False, autoLog=True, closeShape=False, contrast=1.0, depth=0, fillColor=None, fillColorSpace='rgb', interpolate=True, lineColor='black', lineColorSpace='named', lineWidth=1.5, name='unnamed Line', opacity=1.0, ori=array(0.), pos=array([0., 0.]), size=array([1., 1.]), units='pix', vertices=array([[-0.5, -0.5],
       [ 0.5,  0.5]]), win=Window(...), windingRule=None)
3.9158 	EXP 	Created unnamed ImageStim = ImageStim(__class__=<class 'psychopy.visual.image.ImageStim'>, autoLog=True, color=array([1., 1., 1.]), colorSpace='rgb', contrast=1.0, depth=0, flipHoriz=False, flipVert=False, image='images/4_11.png', interpolate=True, mask=None, maskParams=None, name='unnamed ImageStim', opacity=1.0, ori=0.0, pos=array([-200., -150.]), size=array([30., 30.]), texRes=128, units='pix', win=Window(...))
3.9249 	EXP 	Created unnamed ImageStim = ImageStim(__class__=<class 'psychopy.visual.image.ImageStim'>, autoLog=True, color=array([1., 1., 1.]), colorSpace='rgb', contrast=1.0, depth=0, flipHoriz=False, flipVert=False, image='images/12_11.png', interpolate=True, mask=None, maskParams=None, name='unnamed ImageStim', opacity=1.0, ori=0.0, pos=array([-100., -150.]), size=array([30., 30.]), texRes=128, units='pix', win=Window(...))
3.9344 	EXP 	Created unnamed ImageStim = ImageStim(__class__=<class 'psychopy.visual.image.ImageStim'>, autoLog=True, color=array([1., 1., 1.]), colorSpace='rgb', contrast=1.0, depth=0, flipHoriz=False, flipVert=False, image='images/9_11.png', interpolate=True, mask=None, maskParams=None, name='unnamed ImageStim', opacity=1.0, ori=0.0, pos=array([-200., -250.]), size=array([30., 30.]), texRes=128, units='pix', win=Window(...))
3.9444 	EXP 	Created unnamed ImageStim = ImageStim(__class__=<class 'psychopy.visual.image.ImageStim'>, autoLog=True, color=array([1., 1., 1.]), colorSpace='rgb', contrast=1.0, depth=0, flipHoriz=False, flipVert=False, image='images/23_11.png', interpolate=True, mask=None, maskParams=None, name='unnamed ImageStim', opacity=1.0, ori=0.0, pos=array([-100., -250.]), size=array([30., 30.]), texRes=128, units='pix', win=Window(...))
3.9456 	EXP 	Created unnamed Line = Line(__class__=<class 'psychopy.visual.line.Line'>, autoDraw=False, autoLog=True, closeShape=False, contrast=1.0, depth=0, fillColor=None, fillColorSpace='rgb', interpolate=True, lineColor='black', lineColorSpace='named', lineWidth=1.5, name='unnamed Line', opacity=1.0, ori=array(0.), pos=array([0., 0.]), size=array([1., 1.]), units='pix', vertices=array([[-0.5, -0.5],
       [ 0.5,  0.5]]), win=Window(...), windingRule=None)
3.9466 	EXP 	Created unnamed Line = Line(__class__=<class 'psychopy.visual.line.Line'>, autoDraw=False, autoLog=True, closeShape=False, contrast=1.0, depth=0, fillColor=None, fillColorSpace='rgb', interpolate=True, lineColor='black', lineColorSpace='named', lineWidth=1.5, name='unnamed Line', opacity=1.0, ori=array(0.), pos=array([0., 0.]), size=array([1., 1.]), units='pix', vertices=array([[-0.5, -0.5],
       [ 0.5,  0.5]]), win=Window(...), windingRule=None)
3.9477 	EXP 	Created unnamed Line = Line(__class__=<class 'psychopy.visual.line.Line'>, autoDraw=False, autoLog=True, closeShape=False, contrast=1.0, depth=0, fillColor=None, fillColorSpace='rgb', interpolate=True, lineColor='black', lineColorSpace='named', lineWidth=1.5, name='unnamed Line', opacity=1.0, ori=array(0.), pos=array([0., 0.]), size=array([1., 1.]), units='pix', vertices=array([[-0.5, -0.5],
       [ 0.5,  0.5]]), win=Window(...), windingRule=None)
3.9491 	EXP 	Created unnamed Line = Line(__class__=<class 'psychopy.visual.line.Line'>, autoDraw=False, autoLog=True, closeShape=False, contrast=1.0, depth=0, fillColor=None, fillColorSpace='rgb', interpolate=True, lineColor='black', lineColorSpace='named', lineWidth=1.5, name='unnamed Line', opacity=1.0, ori=array(0.), pos=array([0., 0.]), size=array([1., 1.]), units='pix', vertices=array([[-0.5, -0.5],
       [ 0.5,  0.5]]), win=Window(...), windingRule=None)
3.9502 	EXP 	Created unnamed Line = Line(__class__=<class 'psychopy.visual.line.Line'>, autoDraw=False, autoLog=True, closeShape=False, contrast=1.0, depth=0, fillColor=None, fillColorSpace='rgb', interpolate=True, lineColor='black', lineColorSpace='named', lineWidth=1.5, name='unnamed Line', opacity=1.0, ori=array(0.), pos=array([0., 0.]), size=array([1., 1.]), units='pix', vertices=array([[-0.5, -0.5],
       [ 0.5,  0.5]]), win=Window(...), windingRule=None)
3.9512 	EXP 	Created unnamed Line = Line(__class__=<class 'psychopy.visual.line.Line'>, autoDraw=False, autoLog=True, closeShape=False, contrast=1.0, depth=0, fillColor=None, fillColorSpace='rgb', interpolate=True, lineColor='black', lineColorSpace='named', lineWidth=1.5, name='unnamed Line', opacity=1.0, ori=array(0.), pos=array([0., 0.]), size=array([1., 1.]), units='pix', vertices=array([[-0.5, -0.5],
       [ 0.5,  0.5]]), win=Window(...), windingRule=None)
3.9527 	EXP 	Created unnamed Line = Line(__class__=<class 'psychopy.visual.line.Line'>, autoDraw=False, autoLog=True, closeShape=False, contrast=1.0, depth=0, fillColor=None, fillColorSpace='rgb', interpolate=True, lineColor='black', lineColorSpace='named', lineWidth=1.5, name='unnamed Line', opacity=1.0, ori=array(0.), pos=array([0., 0.]), size=array([1., 1.]), units='pix', vertices=array([[-0.5, -0.5],
       [ 0.5,  0.5]]), win=Window(...), windingRule=None)
3.9537 	EXP 	Created unnamed Line = Line(__class__=<class 'psychopy.visual.line.Line'>, autoDraw=False, autoLog=True, closeShape=False, contrast=1.0, depth=0, fillColor=None, fillColorSpace='rgb', interpolate=True, lineColor='black', lineColorSpace='named', lineWidth=1.5, name='unnamed Line', opacity=1.0, ori=array(0.), pos=array([0., 0.]), size=array([1., 1.]), units='pix', vertices=array([[-0.5, -0.5],
       [ 0.5,  0.5]]), win=Window(...), windingRule=None)
3.9547 	EXP 	Created unnamed Line = Line(__class__=<class 'psychopy.visual.line.Line'>, autoDraw=False, autoLog=True, closeShape=False, contrast=1.0, depth=0, fillColor=None, fillColorSpace='rgb', interpolate=True, lineColor='black', lineColorSpace='named', lineWidth=1.5, name='unnamed Line', opacity=1.0, ori=array(0.), pos=array([0., 0.]), size=array([1., 1.]), units='pix', vertices=array([[-0.5, -0.5],
       [ 0.5,  0.5]]), win=Window(...), windingRule=None)
3.9645 	EXP 	Created unnamed ImageStim = ImageStim(__class__=<class 'psychopy.visual.image.ImageStim'>, autoLog=True, color=array([1., 1., 1.]), colorSpace='rgb', contrast=1.0, depth=0, flipHoriz=False, flipVert=False, image='images/23_11.png', interpolate=True, mask=None, maskParams=None, name='unnamed ImageStim', opacity=1.0, ori=0.0, pos=array([ 100., -150.]), size=array([30., 30.]), texRes=128, units='pix', win=Window(...))
3.9738 	EXP 	Created unnamed ImageStim = ImageStim(__class__=<class 'psychopy.visual.image.ImageStim'>, autoLog=True, color=array([1., 1., 1.]), colorSpace='rgb', contrast=1.0, depth=0, flipHoriz=False, flipVert=False, image='images/9_11.png', interpolate=True, mask=None, maskParams=None, name='unnamed ImageStim', opacity=1.0, ori=0.0, pos=array([ 200., -150.]), size=array([30., 30.]), texRes=128, units='pix', win=Window(...))
3.9830 	EXP 	Created unnamed ImageStim = ImageStim(__class__=<class 'psychopy.visual.image.ImageStim'>, autoLog=True, color=array([1., 1., 1.]), colorSpace='rgb', contrast=1.0, depth=0, flipHoriz=False, flipVert=False, image='images/4_11.png', interpolate=True, mask=None, maskParams=None, name='unnamed ImageStim', opacity=1.0, ori=0.0, pos=array([ 100., -250.]), size=array([30., 30.]), texRes=128, units='pix', win=Window(...))
3.9927 	EXP 	Created unnamed ImageStim = ImageStim(__class__=<class 'psychopy.visual.image.ImageStim'>, autoLog=True, color=array([1., 1., 1.]), colorSpace='rgb', contrast=1.0, depth=0, flipHoriz=False, flipVert=False, image='images/12_11.png', interpolate=True, mask=None, maskParams=None, name='unnamed ImageStim', opacity=1.0, ori=0.0, pos=array([ 200., -250.]), size=array([30., 30.]), texRes=128, units='pix', win=Window(...))
3.9938 	EXP 	Created unnamed Line = Line(__class__=<class 'psychopy.visual.line.Line'>, autoDraw=False, autoLog=True, closeShape=False, contrast=1.0, depth=0, fillColor=None, fillColorSpace='rgb', interpolate=True, lineColor='black', lineColorSpace='named', lineWidth=1.5, name='unnamed Line', opacity=1.0, ori=array(0.), pos=array([0., 0.]), size=array([1., 1.]), units='pix', vertices=array([[-0.5, -0.5],
       [ 0.5,  0.5]]), win=Window(...), windingRule=None)
3.9951 	EXP 	Created unnamed Line = Line(__class__=<class 'psychopy.visual.line.Line'>, autoDraw=False, autoLog=True, closeShape=False, contrast=1.0, depth=0, fillColor=None, fillColorSpace='rgb', interpolate=True, lineColor='black', lineColorSpace='named', lineWidth=1.5, name='unnamed Line', opacity=1.0, ori=array(0.), pos=array([0., 0.]), size=array([1., 1.]), units='pix', vertices=array([[-0.5, -0.5],
       [ 0.5,  0.5]]), win=Window(...), windingRule=None)
3.9961 	EXP 	Created unnamed Line = Line(__class__=<class 'psychopy.visual.line.Line'>, autoDraw=False, autoLog=True, closeShape=False, contrast=1.0, depth=0, fillColor=None, fillColorSpace='rgb', interpolate=True, lineColor='black', lineColorSpace='named', lineWidth=1.5, name='unnamed Line', opacity=1.0, ori=array(0.), pos=array([0., 0.]), size=array([1., 1.]), units='pix', vertices=array([[-0.5, -0.5],
       [ 0.5,  0.5]]), win=Window(...), windingRule=None)
3.9976 	EXP 	Created unnamed Line = Line(__class__=<class 'psychopy.visual.line.Line'>, autoDraw=False, autoLog=True, closeShape=False, contrast=1.0, depth=0, fillColor=None, fillColorSpace='rgb', interpolate=True, lineColor='black', lineColorSpace='named', lineWidth=1.5, name='unnamed Line', opacity=1.0, ori=array(0.), pos=array([0., 0.]), size=array([1., 1.]), units='pix', vertices=array([[-0.5, -0.5],
       [ 0.5,  0.5]]), win=Window(...), windingRule=None)
3.9986 	EXP 	Created unnamed Line = Line(__class__=<class 'psychopy.visual.line.Line'>, autoDraw=False, autoLog=True, closeShape=False, contrast=1.0, depth=0, fillColor=None, fillColorSpace='rgb', interpolate=True, lineColor='black', lineColorSpace='named', lineWidth=1.5, name='unnamed Line', opacity=1.0, ori=array(0.), pos=array([0., 0.]), size=array([1., 1.]), units='pix', vertices=array([[-0.5, -0.5],
       [ 0.5,  0.5]]), win=Window(...), windingRule=None)
3.9996 	EXP 	Created unnamed Line = Line(__class__=<class 'psychopy.visual.line.Line'>, autoDraw=False, autoLog=True, closeShape=False, contrast=1.0, depth=0, fillColor=None, fillColorSpace='rgb', interpolate=True, lineColor='black', lineColorSpace='named', lineWidth=1.5, name='unnamed Line', opacity=1.0, ori=array(0.), pos=array([0., 0.]), size=array([1., 1.]), units='pix', vertices=array([[-0.5, -0.5],
       [ 0.5,  0.5]]), win=Window(...), windingRule=None)
4.0012 	EXP 	Created unnamed Line = Line(__class__=<class 'psychopy.visual.line.Line'>, autoDraw=False, autoLog=True, closeShape=False, contrast=1.0, depth=0, fillColor=None, fillColorSpace='rgb', interpolate=True, lineColor='black', lineColorSpace='named', lineWidth=1.5, name='unnamed Line', opacity=1.0, ori=array(0.), pos=array([0., 0.]), size=array([1., 1.]), units='pix', vertices=array([[-0.5, -0.5],
       [ 0.5,  0.5]]), win=Window(...), windingRule=None)
4.0022 	EXP 	Created unnamed Line = Line(__class__=<class 'psychopy.visual.line.Line'>, autoDraw=False, autoLog=True, closeShape=False, contrast=1.0, depth=0, fillColor=None, fillColorSpace='rgb', interpolate=True, lineColor='black', lineColorSpace='named', lineWidth=1.5, name='unnamed Line', opacity=1.0, ori=array(0.), pos=array([0., 0.]), size=array([1., 1.]), units='pix', vertices=array([[-0.5, -0.5],
       [ 0.5,  0.5]]), win=Window(...), windingRule=None)
4.0032 	EXP 	Created unnamed Line = Line(__class__=<class 'psychopy.visual.line.Line'>, autoDraw=False, autoLog=True, closeShape=False, contrast=1.0, depth=0, fillColor=None, fillColorSpace='rgb', interpolate=True, lineColor='black', lineColorSpace='named', lineWidth=1.5, name='unnamed Line', opacity=1.0, ori=array(0.), pos=array([0., 0.]), size=array([1., 1.]), units='pix', vertices=array([[-0.5, -0.5],
       [ 0.5,  0.5]]), win=Window(...), windingRule=None)
4.0131 	EXP 	Created unnamed ImageStim = ImageStim(__class__=<class 'psychopy.visual.image.ImageStim'>, autoLog=True, color=array([1., 1., 1.]), colorSpace='rgb', contrast=1.0, depth=0, flipHoriz=False, flipVert=False, image='images/12_11.png', interpolate=True, mask=None, maskParams=None, name='unnamed ImageStim', opacity=1.0, ori=0.0, pos=array([ 400., -150.]), size=array([30., 30.]), texRes=128, units='pix', win=Window(...))
4.0226 	EXP 	Created unnamed ImageStim = ImageStim(__class__=<class 'psychopy.visual.image.ImageStim'>, autoLog=True, color=array([1., 1., 1.]), colorSpace='rgb', contrast=1.0, depth=0, flipHoriz=False, flipVert=False, image='images/23_11.png', interpolate=True, mask=None, maskParams=None, name='unnamed ImageStim', opacity=1.0, ori=0.0, pos=array([ 500., -150.]), size=array([30., 30.]), texRes=128, units='pix', win=Window(...))
4.0332 	EXP 	Created unnamed ImageStim = ImageStim(__class__=<class 'psychopy.visual.image.ImageStim'>, autoLog=True, color=array([1., 1., 1.]), colorSpace='rgb', contrast=1.0, depth=0, flipHoriz=False, flipVert=False, image='images/4_11.png', interpolate=True, mask=None, maskParams=None, name='unnamed ImageStim', opacity=1.0, ori=0.0, pos=array([ 400., -250.]), size=array([30., 30.]), texRes=128, units='pix', win=Window(...))
4.0476 	EXP 	Created unnamed ImageStim = ImageStim(__class__=<class 'psychopy.visual.image.ImageStim'>, autoLog=True, color=array([1., 1., 1.]), colorSpace='rgb', contrast=1.0, depth=0, flipHoriz=False, flipVert=False, image='images/9_11.png', interpolate=True, mask=None, maskParams=None, name='unnamed ImageStim', opacity=1.0, ori=0.0, pos=array([ 500., -250.]), size=array([30., 30.]), texRes=128, units='pix', win=Window(...))
4.0492 	EXP 	Created unnamed Line = Line(__class__=<class 'psychopy.visual.line.Line'>, autoDraw=False, autoLog=True, closeShape=False, contrast=1.0, depth=0, fillColor=None, fillColorSpace='rgb', interpolate=True, lineColor='black', lineColorSpace='named', lineWidth=1.5, name='unnamed Line', opacity=1.0, ori=array(0.), pos=array([0., 0.]), size=array([1., 1.]), units='pix', vertices=array([[-0.5, -0.5],
       [ 0.5,  0.5]]), win=Window(...), windingRule=None)
4.0506 	EXP 	Created unnamed Line = Line(__class__=<class 'psychopy.visual.line.Line'>, autoDraw=False, autoLog=True, closeShape=False, contrast=1.0, depth=0, fillColor=None, fillColorSpace='rgb', interpolate=True, lineColor='black', lineColorSpace='named', lineWidth=1.5, name='unnamed Line', opacity=1.0, ori=array(0.), pos=array([0., 0.]), size=array([1., 1.]), units='pix', vertices=array([[-0.5, -0.5],
       [ 0.5,  0.5]]), win=Window(...), windingRule=None)
4.0519 	EXP 	Created unnamed Line = Line(__class__=<class 'psychopy.visual.line.Line'>, autoDraw=False, autoLog=True, closeShape=False, contrast=1.0, depth=0, fillColor=None, fillColorSpace='rgb', interpolate=True, lineColor='black', lineColorSpace='named', lineWidth=1.5, name='unnamed Line', opacity=1.0, ori=array(0.), pos=array([0., 0.]), size=array([1., 1.]), units='pix', vertices=array([[-0.5, -0.5],
       [ 0.5,  0.5]]), win=Window(...), windingRule=None)
4.0535 	EXP 	Created unnamed Line = Line(__class__=<class 'psychopy.visual.line.Line'>, autoDraw=False, autoLog=True, closeShape=False, contrast=1.0, depth=0, fillColor=None, fillColorSpace='rgb', interpolate=True, lineColor='black', lineColorSpace='named', lineWidth=1.5, name='unnamed Line', opacity=1.0, ori=array(0.), pos=array([0., 0.]), size=array([1., 1.]), units='pix', vertices=array([[-0.5, -0.5],
       [ 0.5,  0.5]]), win=Window(...), windingRule=None)
4.0545 	EXP 	Created unnamed Line = Line(__class__=<class 'psychopy.visual.line.Line'>, autoDraw=False, autoLog=True, closeShape=False, contrast=1.0, depth=0, fillColor=None, fillColorSpace='rgb', interpolate=True, lineColor='black', lineColorSpace='named', lineWidth=1.5, name='unnamed Line', opacity=1.0, ori=array(0.), pos=array([0., 0.]), size=array([1., 1.]), units='pix', vertices=array([[-0.5, -0.5],
       [ 0.5,  0.5]]), win=Window(...), windingRule=None)
4.0555 	EXP 	Created unnamed Line = Line(__class__=<class 'psychopy.visual.line.Line'>, autoDraw=False, autoLog=True, closeShape=False, contrast=1.0, depth=0, fillColor=None, fillColorSpace='rgb', interpolate=True, lineColor='black', lineColorSpace='named', lineWidth=1.5, name='unnamed Line', opacity=1.0, ori=array(0.), pos=array([0., 0.]), size=array([1., 1.]), units='pix', vertices=array([[-0.5, -0.5],
       [ 0.5,  0.5]]), win=Window(...), windingRule=None)
4.0570 	EXP 	Created unnamed Line = Line(__class__=<class 'psychopy.visual.line.Line'>, autoDraw=False, autoLog=True, closeShape=False, contrast=1.0, depth=0, fillColor=None, fillColorSpace='rgb', interpolate=True, lineColor='black', lineColorSpace='named', lineWidth=1.5, name='unnamed Line', opacity=1.0, ori=array(0.), pos=array([0., 0.]), size=array([1., 1.]), units='pix', vertices=array([[-0.5, -0.5],
       [ 0.5,  0.5]]), win=Window(...), windingRule=None)
4.0580 	EXP 	Created unnamed Line = Line(__class__=<class 'psychopy.visual.line.Line'>, autoDraw=False, autoLog=True, closeShape=False, contrast=1.0, depth=0, fillColor=None, fillColorSpace='rgb', interpolate=True, lineColor='black', lineColorSpace='named', lineWidth=1.5, name='unnamed Line', opacity=1.0, ori=array(0.), pos=array([0., 0.]), size=array([1., 1.]), units='pix', vertices=array([[-0.5, -0.5],
       [ 0.5,  0.5]]), win=Window(...), windingRule=None)
4.0593 	EXP 	Created unnamed Line = Line(__class__=<class 'psychopy.visual.line.Line'>, autoDraw=False, autoLog=True, closeShape=False, contrast=1.0, depth=0, fillColor=None, fillColorSpace='rgb', interpolate=True, lineColor='black', lineColorSpace='named', lineWidth=1.5, name='unnamed Line', opacity=1.0, ori=array(0.), pos=array([0., 0.]), size=array([1., 1.]), units='pix', vertices=array([[-0.5, -0.5],
       [ 0.5,  0.5]]), win=Window(...), windingRule=None)
4.0960 	EXP 	unnamed Line: start = [30.0, 70.0]
4.0960 	EXP 	unnamed Line: end = [-30.0, 130.0]
4.0960 	EXP 	unnamed Line: start = [-15.857864376269049, 130.0]
4.0960 	EXP 	unnamed Line: end = [-30.0, 130.0]
4.0960 	EXP 	unnamed Line: start = [-30.0, 115.85786437626905]
4.0960 	EXP 	unnamed Line: end = [-30.0, 130.0]
4.0960 	EXP 	unnamed Line: start = [30.0, 50.0]
4.0960 	EXP 	unnamed Line: end = [-30.0, 50.0]
4.0960 	EXP 	unnamed Line: start = [-20.0, 60.0]
4.0960 	EXP 	unnamed Line: end = [-30.0, 50.0]
4.0960 	EXP 	unnamed Line: start = [-20.0, 40.0]
4.0960 	EXP 	unnamed Line: end = [-30.0, 50.0]
4.0960 	EXP 	unnamed Line: start = [-30.0, 70.0]
4.0960 	EXP 	unnamed Line: end = [30.0, 130.0]
4.0960 	EXP 	unnamed Line: start = [30.0, 115.85786437626905]
4.0960 	EXP 	unnamed Line: end = [30.0, 130.0]
4.0960 	EXP 	unnamed Line: start = [15.857864376269049, 130.0]
4.0960 	EXP 	unnamed Line: end = [30.0, 130.0]
4.0960 	EXP 	unnamed Line: start = [-485.0, -250.0]
4.0960 	EXP 	unnamed Line: end = [-415.0, -250.0]
4.0960 	EXP 	unnamed Line: start = [-425.0, -260.0]
4.0960 	EXP 	unnamed Line: end = [-415.0, -250.0]
4.0960 	EXP 	unnamed Line: start = [-425.0, -240.0]
4.0960 	EXP 	unnamed Line: end = [-415.0, -250.0]
4.0960 	EXP 	unnamed Line: start = [-415.0, -235.0]
4.0960 	EXP 	unnamed Line: end = [-485.0, -165.0]
4.0960 	EXP 	unnamed Line: start = [-470.85786437626905, -165.0]
4.0960 	EXP 	unnamed Line: end = [-485.0, -165.0]
4.0960 	EXP 	unnamed Line: start = [-485.0, -179.14213562373095]
4.0960 	EXP 	unnamed Line: end = [-485.0, -165.0]
4.0960 	EXP 	unnamed Line: start = [-485.0, -150.0]
4.0960 	EXP 	unnamed Line: end = [-415.0, -150.0]
4.0960 	EXP 	unnamed Line: start = [-425.0, -160.0]
4.0960 	EXP 	unnamed Line: end = [-415.0, -150.0]
4.0960 	EXP 	unnamed Line: start = [-425.0, -140.0]
4.0960 	EXP 	unnamed Line: end = [-415.0, -150.0]
4.0960 	EXP 	unnamed Line: start = [-100.0, -165.0]
4.0960 	EXP 	unnamed Line: end = [-100.0, -235.0]
4.0960 	EXP 	unnamed Line: start = [-110.0, -225.0]
4.0960 	EXP 	unnamed Line: end = [-100.0, -235.0]
4.0960 	EXP 	unnamed Line: start = [-90.0, -225.0]
4.0960 	EXP 	unnamed Line: end = [-100.0, -235.0]
4.0960 	EXP 	unnamed Line: start = [-115.0, -165.0]
4.0960 	EXP 	unnamed Line: end = [-185.0, -235.0]
4.0960 	EXP 	unnamed Line: start = [-185.0, -220.85786437626905]
4.0960 	EXP 	unnamed Line: end = [-185.0, -235.0]
4.0960 	EXP 	unnamed Line: start = [-170.85786437626905, -235.0]
4.0960 	EXP 	unnamed Line: end = [-185.0, -235.0]
4.0960 	EXP 	unnamed Line: start = [-200.0, -165.0]
4.0960 	EXP 	unnamed Line: end = [-200.0, -235.0]
4.0960 	EXP 	unnamed Line: start = [-210.0, -225.0]
4.0960 	EXP 	unnamed Line: end = [-200.0, -235.0]
4.0960 	EXP 	unnamed Line: start = [-190.0, -225.0]
4.0960 	EXP 	unnamed Line: end = [-200.0, -235.0]
4.0960 	EXP 	unnamed Line: start = [185.0, -235.0]
4.0960 	EXP 	unnamed Line: end = [115.0, -165.0]
4.0960 	EXP 	unnamed Line: start = [129.14213562373095, -165.0]
4.0960 	EXP 	unnamed Line: end = [115.0, -165.0]
4.0960 	EXP 	unnamed Line: start = [115.0, -179.14213562373095]
4.0960 	EXP 	unnamed Line: end = [115.0, -165.0]
4.0960 	EXP 	unnamed Line: start = [200.0, -235.0]
4.0960 	EXP 	unnamed Line: end = [200.0, -165.0]
4.0960 	EXP 	unnamed Line: start = [210.0, -175.0]
4.0960 	EXP 	unnamed Line: end = [200.0, -165.0]
4.0960 	EXP 	unnamed Line: start = [190.0, -175.0]
4.0960 	EXP 	unnamed Line: end = [200.0, -165.0]
4.0960 	EXP 	unnamed Line: start = [185.0, -165.0]
4.0960 	EXP 	unnamed Line: end = [115.0, -235.0]
4.0960 	EXP 	unnamed Line: start = [115.0, -220.85786437626905]
4.0960 	EXP 	unnamed Line: end = [115.0, -235.0]
4.0960 	EXP 	unnamed Line: start = [129.14213562373095, -235.0]
4.0960 	EXP 	unnamed Line: end = [115.0, -235.0]
4.0960 	EXP 	unnamed Line: start = [415.0, -150.0]
4.0960 	EXP 	unnamed Line: end = [485.0, -150.0]
4.0960 	EXP 	unnamed Line: start = [475.0, -160.0]
4.0960 	EXP 	unnamed Line: end = [485.0, -150.0]
4.0960 	EXP 	unnamed Line: start = [475.0, -140.0]
4.0960 	EXP 	unnamed Line: end = [485.0, -150.0]
4.0960 	EXP 	unnamed Line: start = [415.0, -165.0]
4.0960 	EXP 	unnamed Line: end = [485.0, -235.0]
4.0960 	EXP 	unnamed Line: start = [470.85786437626905, -235.0]
4.0960 	EXP 	unnamed Line: end = [485.0, -235.0]
4.0960 	EXP 	unnamed Line: start = [485.0, -220.85786437626905]
4.0960 	EXP 	unnamed Line: end = [485.0, -235.0]
4.0960 	EXP 	unnamed Line: start = [485.0, -250.0]
4.0960 	EXP 	unnamed Line: end = [415.0, -250.0]
4.0960 	EXP 	unnamed Line: start = [425.0, -240.0]
4.0960 	EXP 	unnamed Line: end = [415.0, -250.0]
4.0960 	EXP 	unnamed Line: start = [425.0, -260.0]
4.0960 	EXP 	unnamed Line: end = [415.0, -250.0]
4.0960 	EXP 	unnamed ImageStim: autoDraw = True
4.0960 	EXP 	unnamed ImageStim: autoDraw = True
4.0960 	EXP 	unnamed ImageStim: autoDraw = True
4.0960 	EXP 	unnamed ImageStim: autoDraw = True
4.0960 	EXP 	unnamed Line: autoDraw = True
4.0960 	EXP 	unnamed Line: autoDraw = True
4.0960 	EXP 	unnamed Line: autoDraw = True
4.0960 	EXP 	unnamed Line: autoDraw = True
4.0960 	EXP 	unnamed Line: autoDraw = True
4.0960 	EXP 	unnamed Line: autoDraw = True
4.0960 	EXP 	unnamed Line: autoDraw = True
4.0960 	EXP 	unnamed Line: autoDraw = True
4.0960 	EXP 	unnamed Line: autoDraw = True
4.0960 	EXP 	unnamed ImageStim: autoDraw = True
4.0960 	EXP 	unnamed ImageStim: autoDraw = True
4.0960 	EXP 	unnamed ImageStim: autoDraw = True
4.0960 	EXP 	unnamed ImageStim: autoDraw = True
4.0960 	EXP 	unnamed Line: autoDraw = True
4.0960 	EXP 	unnamed Line: autoDraw = True
4.0960 	EXP 	unnamed Line: autoDraw = True
4.0960 	EXP 	unnamed Line: autoDraw = True
4.0960 	EXP 	unnamed Line: autoDraw = True
4.0960 	EXP 	unnamed Line: autoDraw = True
4.0960 	EXP 	unnamed Line: autoDraw = True
4.0960 	EXP 	unnamed Line: autoDraw = True
4.0960 	EXP 	unnamed Line: autoDraw = True
4.0960 	EXP 	unnamed ImageStim: autoDraw = True
4.0960 	EXP 	unnamed ImageStim: autoDraw = True
4.0960 	EXP 	unnamed ImageStim: autoDraw = True
4.0960 	EXP 	unnamed ImageStim: autoDraw = True
4.0960 	EXP 	unnamed Line: autoDraw = True
4.0960 	EXP 	unnamed Line: autoDraw = True
4.0960 	EXP 	unnamed Line: autoDraw = True
4.0960 	EXP 	unnamed Line: autoDraw = True
4.0960 	EXP 	unnamed Line: autoDraw = True
4.0960 	EXP 	unnamed Line: autoDraw = True
4.0960 	EXP 	unnamed Line: autoDraw = True
4.0960 	EXP 	unnamed Line: autoDraw = True
4.0960 	EXP 	unnamed Line: autoDraw = True
4.0960 	EXP 	unnamed ImageStim: autoDraw = True
4.0960 	EXP 	unnamed ImageStim: autoDraw = True
4.0960 	EXP 	unnamed ImageStim: autoDraw = True
4.0960 	EXP 	unnamed ImageStim: autoDraw = True
4.0960 	EXP 	unnamed Line: autoDraw = True
4.0960 	EXP 	unnamed Line: autoDraw = True
4.0960 	EXP 	unnamed Line: autoDraw = True
4.0960 	EXP 	unnamed Line: autoDraw = True
4.0960 	EXP 	unnamed Line: autoDraw = True
4.0960 	EXP 	unnamed Line: autoDraw = True
4.0960 	EXP 	unnamed Line: autoDraw = True
4.0960 	EXP 	unnamed Line: autoDraw = True
4.0960 	EXP 	unnamed Line: autoDraw = True
4.0960 	EXP 	unnamed ImageStim: autoDraw = True
4.0960 	EXP 	unnamed ImageStim: autoDraw = True
4.0960 	EXP 	unnamed ImageStim: autoDraw = True
4.0960 	EXP 	unnamed ImageStim: autoDraw = True
4.0960 	EXP 	unnamed Line: autoDraw = True
4.0960 	EXP 	unnamed Line: autoDraw = True
4.0960 	EXP 	unnamed Line: autoDraw = True
4.0960 	EXP 	unnamed Line: autoDraw = True
4.0960 	EXP 	unnamed Line: autoDraw = True
4.0960 	EXP 	unnamed Line: autoDraw = True
4.0960 	EXP 	unnamed Line: autoDraw = True
4.0960 	EXP 	unnamed Line: autoDraw = True
4.0960 	EXP 	unnamed Line: autoDraw = True
27.1188 	EXP 	unnamed ImageStim: autoDraw = False
27.1188 	EXP 	unnamed ImageStim: autoDraw = False
27.1188 	EXP 	unnamed ImageStim: autoDraw = False
27.1188 	EXP 	unnamed ImageStim: autoDraw = False
27.1188 	EXP 	unnamed Line: autoDraw = False
27.1188 	EXP 	unnamed Line: autoDraw = False
27.1188 	EXP 	unnamed Line: autoDraw = False
27.1188 	EXP 	unnamed Line: autoDraw = False
27.1188 	EXP 	unnamed Line: autoDraw = False
27.1188 	EXP 	unnamed Line: autoDraw = False
27.1188 	EXP 	unnamed Line: autoDraw = False
27.1188 	EXP 	unnamed Line: autoDraw = False
27.1188 	EXP 	unnamed Line: autoDraw = False
27.1188 	EXP 	unnamed ImageStim: autoDraw = False
27.1188 	EXP 	unnamed ImageStim: autoDraw = False
27.1188 	EXP 	unnamed ImageStim: autoDraw = False
27.1188 	EXP 	unnamed ImageStim: autoDraw = False
27.1188 	EXP 	unnamed Line: autoDraw = False
27.1188 	EXP 	unnamed Line: autoDraw = False
27.1188 	EXP 	unnamed Line: autoDraw = False
27.1188 	EXP 	unnamed Line: autoDraw = False
27.1188 	EXP 	unnamed Line: autoDraw = False
27.1188 	EXP 	unnamed Line: autoDraw = False
27.1188 	EXP 	unnamed Line: autoDraw = False
27.1188 	EXP 	unnamed Line: autoDraw = False
27.1188 	EXP 	unnamed Line: autoDraw = False
27.1188 	EXP 	unnamed ImageStim: autoDraw = False
27.1188 	EXP 	unnamed ImageStim: autoDraw = False
27.1188 	EXP 	unnamed ImageStim: autoDraw = False
27.1188 	EXP 	unnamed ImageStim: autoDraw = False
27.1188 	EXP 	unnamed Line: autoDraw = False
27.1188 	EXP 	unnamed Line: autoDraw = False
27.1188 	EXP 	unnamed Line: autoDraw = False
27.1188 	EXP 	unnamed Line: autoDraw = False
27.1188 	EXP 	unnamed Line: autoDraw = False
27.1188 	EXP 	unnamed Line: autoDraw = False
27.1188 	EXP 	unnamed Line: autoDraw = False
27.1188 	EXP 	unnamed Line: autoDraw = False
27.1188 	EXP 	unnamed Line: autoDraw = False
27.1188 	EXP 	unnamed ImageStim: autoDraw = False
27.1188 	EXP 	unnamed ImageStim: autoDraw = False
27.1188 	EXP 	unnamed ImageStim: autoDraw = False
27.1188 	EXP 	unnamed ImageStim: autoDraw = False
27.1188 	EXP 	unnamed Line: autoDraw = False
27.1188 	EXP 	unnamed Line: autoDraw = False
27.1188 	EXP 	unnamed Line: autoDraw = False
27.1188 	EXP 	unnamed Line: autoDraw = False
27.1188 	EXP 	unnamed Line: autoDraw = False
27.1188 	EXP 	unnamed Line: autoDraw = False
27.1188 	EXP 	unnamed Line: autoDraw = False
27.1188 	EXP 	unnamed Line: autoDraw = False
27.1188 	EXP 	unnamed Line: autoDraw = False
27.1188 	EXP 	unnamed ImageStim: autoDraw = False
27.1188 	EXP 	unnamed ImageStim: autoDraw = False
27.1188 	EXP 	unnamed ImageStim: autoDraw = False
27.1188 	EXP 	unnamed ImageStim: autoDraw = False
27.1188 	EXP 	unnamed Line: autoDraw = False
27.1188 	EXP 	unnamed Line: autoDraw = False
27.1188 	EXP 	unnamed Line: autoDraw = False
27.1188 	EXP 	unnamed Line: autoDraw = False
27.1188 	EXP 	unnamed Line: autoDraw = False
27.1188 	EXP 	unnamed Line: autoDraw = False
27.1188 	EXP 	unnamed Line: autoDraw = False
27.1188 	EXP 	unnamed Line: autoDraw = False
27.1188 	EXP 	unnamed Line: autoDraw = False
28.1311 	EXP 	Created unnamed ImageStim = ImageStim(__class__=<class 'psychopy.visual.image.ImageStim'>, autoLog=True, color=array([1., 1., 1.]), colorSpace='rgb', contrast=1.0, depth=0, flipHoriz=False, flipVert=False, image='images/15_11.png', interpolate=True, mask=None, maskParams=None, name='unnamed ImageStim', opacity=1.0, ori=0.0, pos=array([-50., 150.]), size=array([40., 40.]), texRes=128, units='pix', win=Window(...))
28.1433 	EXP 	Created unnamed ImageStim = ImageStim(__class__=<class 'psychopy.visual.image.ImageStim'>, autoLog=True, color=array([1., 1., 1.]), colorSpace='rgb', contrast=1.0, depth=0, flipHoriz=False, flipVert=False, image='images/22_11.png', interpolate=True, mask=None, maskParams=None, name='unnamed ImageStim', opacity=1.0, ori=0.0, pos=array([ 50., 150.]), size=array([40., 40.]), texRes=128, units='pix', win=Window(...))
28.1531 	EXP 	Created unnamed ImageStim = ImageStim(__class__=<class 'psychopy.visual.image.ImageStim'>, autoLog=True, color=array([1., 1., 1.]), colorSpace='rgb', contrast=1.0, depth=0, flipHoriz=False, flipVert=False, image='images/5_11.png', interpolate=True, mask=None, maskParams=None, name='unnamed ImageStim', opacity=1.0, ori=0.0, pos=array([-50.,  50.]), size=array([40., 40.]), texRes=128, units='pix', win=Window(...))
28.1620 	EXP 	Created unnamed ImageStim = ImageStim(__class__=<class 'psychopy.visual.image.ImageStim'>, autoLog=True, color=array([1., 1., 1.]), colorSpace='rgb', contrast=1.0, depth=0, flipHoriz=False, flipVert=False, image='images/3_11.png', interpolate=True, mask=None, maskParams=None, name='unnamed ImageStim', opacity=1.0, ori=0.0, pos=array([50., 50.]), size=array([40., 40.]), texRes=128, units='pix', win=Window(...))
28.1632 	EXP 	Created unnamed Line = Line(__class__=<class 'psychopy.visual.line.Line'>, autoDraw=False, autoLog=True, closeShape=False, contrast=1.0, depth=0, fillColor=None, fillColorSpace='rgb', interpolate=True, lineColor='black', lineColorSpace='named', lineWidth=1.5, name='unnamed Line', opacity=1.0, ori=array(0.), pos=array([0., 0.]), size=array([1., 1.]), units='pix', vertices=array([[-0.5, -0.5],
       [ 0.5,  0.5]]), win=Window(...), windingRule=None)
28.1642 	EXP 	Created unnamed Line = Line(__class__=<class 'psychopy.visual.line.Line'>, autoDraw=False, autoLog=True, closeShape=False, contrast=1.0, depth=0, fillColor=None, fillColorSpace='rgb', interpolate=True, lineColor='black', lineColorSpace='named', lineWidth=1.5, name='unnamed Line', opacity=1.0, ori=array(0.), pos=array([0., 0.]), size=array([1., 1.]), units='pix', vertices=array([[-0.5, -0.5],
       [ 0.5,  0.5]]), win=Window(...), windingRule=None)
28.1652 	EXP 	Created unnamed Line = Line(__class__=<class 'psychopy.visual.line.Line'>, autoDraw=False, autoLog=True, closeShape=False, contrast=1.0, depth=0, fillColor=None, fillColorSpace='rgb', interpolate=True, lineColor='black', lineColorSpace='named', lineWidth=1.5, name='unnamed Line', opacity=1.0, ori=array(0.), pos=array([0., 0.]), size=array([1., 1.]), units='pix', vertices=array([[-0.5, -0.5],
       [ 0.5,  0.5]]), win=Window(...), windingRule=None)
28.1667 	EXP 	Created unnamed Line = Line(__class__=<class 'psychopy.visual.line.Line'>, autoDraw=False, autoLog=True, closeShape=False, contrast=1.0, depth=0, fillColor=None, fillColorSpace='rgb', interpolate=True, lineColor='black', lineColorSpace='named', lineWidth=1.5, name='unnamed Line', opacity=1.0, ori=array(0.), pos=array([0., 0.]), size=array([1., 1.]), units='pix', vertices=array([[-0.5, -0.5],
       [ 0.5,  0.5]]), win=Window(...), windingRule=None)
28.1678 	EXP 	Created unnamed Line = Line(__class__=<class 'psychopy.visual.line.Line'>, autoDraw=False, autoLog=True, closeShape=False, contrast=1.0, depth=0, fillColor=None, fillColorSpace='rgb', interpolate=True, lineColor='black', lineColorSpace='named', lineWidth=1.5, name='unnamed Line', opacity=1.0, ori=array(0.), pos=array([0., 0.]), size=array([1., 1.]), units='pix', vertices=array([[-0.5, -0.5],
       [ 0.5,  0.5]]), win=Window(...), windingRule=None)
28.1688 	EXP 	Created unnamed Line = Line(__class__=<class 'psychopy.visual.line.Line'>, autoDraw=False, autoLog=True, closeShape=False, contrast=1.0, depth=0, fillColor=None, fillColorSpace='rgb', interpolate=True, lineColor='black', lineColorSpace='named', lineWidth=1.5, name='unnamed Line', opacity=1.0, ori=array(0.), pos=array([0., 0.]), size=array([1., 1.]), units='pix', vertices=array([[-0.5, -0.5],
       [ 0.5,  0.5]]), win=Window(...), windingRule=None)
28.1703 	EXP 	Created unnamed Line = Line(__class__=<class 'psychopy.visual.line.Line'>, autoDraw=False, autoLog=True, closeShape=False, contrast=1.0, depth=0, fillColor=None, fillColorSpace='rgb', interpolate=True, lineColor='black', lineColorSpace='named', lineWidth=1.5, name='unnamed Line', opacity=1.0, ori=array(0.), pos=array([0., 0.]), size=array([1., 1.]), units='pix', vertices=array([[-0.5, -0.5],
       [ 0.5,  0.5]]), win=Window(...), windingRule=None)
28.1714 	EXP 	Created unnamed Line = Line(__class__=<class 'psychopy.visual.line.Line'>, autoDraw=False, autoLog=True, closeShape=False, contrast=1.0, depth=0, fillColor=None, fillColorSpace='rgb', interpolate=True, lineColor='black', lineColorSpace='named', lineWidth=1.5, name='unnamed Line', opacity=1.0, ori=array(0.), pos=array([0., 0.]), size=array([1., 1.]), units='pix', vertices=array([[-0.5, -0.5],
       [ 0.5,  0.5]]), win=Window(...), windingRule=None)
28.1725 	EXP 	Created unnamed Line = Line(__class__=<class 'psychopy.visual.line.Line'>, autoDraw=False, autoLog=True, closeShape=False, contrast=1.0, depth=0, fillColor=None, fillColorSpace='rgb', interpolate=True, lineColor='black', lineColorSpace='named', lineWidth=1.5, name='unnamed Line', opacity=1.0, ori=array(0.), pos=array([0., 0.]), size=array([1., 1.]), units='pix', vertices=array([[-0.5, -0.5],
       [ 0.5,  0.5]]), win=Window(...), windingRule=None)
28.1820 	EXP 	Created unnamed ImageStim = ImageStim(__class__=<class 'psychopy.visual.image.ImageStim'>, autoLog=True, color=array([1., 1., 1.]), colorSpace='rgb', contrast=1.0, depth=0, flipHoriz=False, flipVert=False, image='images/3_11.png', interpolate=True, mask=None, maskParams=None, name='unnamed ImageStim', opacity=1.0, ori=0.0, pos=array([-500., -150.]), size=array([30., 30.]), texRes=128, units='pix', win=Window(...))
28.1906 	EXP 	Created unnamed ImageStim = ImageStim(__class__=<class 'psychopy.visual.image.ImageStim'>, autoLog=True, color=array([1., 1., 1.]), colorSpace='rgb', contrast=1.0, depth=0, flipHoriz=False, flipVert=False, image='images/15_11.png', interpolate=True, mask=None, maskParams=None, name='unnamed ImageStim', opacity=1.0, ori=0.0, pos=array([-400., -150.]), size=array([30., 30.]), texRes=128, units='pix', win=Window(...))
28.1997 	EXP 	Created unnamed ImageStim = ImageStim(__class__=<class 'psychopy.visual.image.ImageStim'>, autoLog=True, color=array([1., 1., 1.]), colorSpace='rgb', contrast=1.0, depth=0, flipHoriz=False, flipVert=False, image='images/5_11.png', interpolate=True, mask=None, maskParams=None, name='unnamed ImageStim', opacity=1.0, ori=0.0, pos=array([-500., -250.]), size=array([30., 30.]), texRes=128, units='pix', win=Window(...))
28.2085 	EXP 	Created unnamed ImageStim = ImageStim(__class__=<class 'psychopy.visual.image.ImageStim'>, autoLog=True, color=array([1., 1., 1.]), colorSpace='rgb', contrast=1.0, depth=0, flipHoriz=False, flipVert=False, image='images/22_11.png', interpolate=True, mask=None, maskParams=None, name='unnamed ImageStim', opacity=1.0, ori=0.0, pos=array([-400., -250.]), size=array([30., 30.]), texRes=128, units='pix', win=Window(...))
28.2095 	EXP 	Created unnamed Line = Line(__class__=<class 'psychopy.visual.line.Line'>, autoDraw=False, autoLog=True, closeShape=False, contrast=1.0, depth=0, fillColor=None, fillColorSpace='rgb', interpolate=True, lineColor='black', lineColorSpace='named', lineWidth=1.5, name='unnamed Line', opacity=1.0, ori=array(0.), pos=array([0., 0.]), size=array([1., 1.]), units='pix', vertices=array([[-0.5, -0.5],
       [ 0.5,  0.5]]), win=Window(...), windingRule=None)
28.2105 	EXP 	Created unnamed Line = Line(__class__=<class 'psychopy.visual.line.Line'>, autoDraw=False, autoLog=True, closeShape=False, contrast=1.0, depth=0, fillColor=None, fillColorSpace='rgb', interpolate=True, lineColor='black', lineColorSpace='named', lineWidth=1.5, name='unnamed Line', opacity=1.0, ori=array(0.), pos=array([0., 0.]), size=array([1., 1.]), units='pix', vertices=array([[-0.5, -0.5],
       [ 0.5,  0.5]]), win=Window(...), windingRule=None)
28.2116 	EXP 	Created unnamed Line = Line(__class__=<class 'psychopy.visual.line.Line'>, autoDraw=False, autoLog=True, closeShape=False, contrast=1.0, depth=0, fillColor=None, fillColorSpace='rgb', interpolate=True, lineColor='black', lineColorSpace='named', lineWidth=1.5, name='unnamed Line', opacity=1.0, ori=array(0.), pos=array([0., 0.]), size=array([1., 1.]), units='pix', vertices=array([[-0.5, -0.5],
       [ 0.5,  0.5]]), win=Window(...), windingRule=None)
28.2131 	EXP 	Created unnamed Line = Line(__class__=<class 'psychopy.visual.line.Line'>, autoDraw=False, autoLog=True, closeShape=False, contrast=1.0, depth=0, fillColor=None, fillColorSpace='rgb', interpolate=True, lineColor='black', lineColorSpace='named', lineWidth=1.5, name='unnamed Line', opacity=1.0, ori=array(0.), pos=array([0., 0.]), size=array([1., 1.]), units='pix', vertices=array([[-0.5, -0.5],
       [ 0.5,  0.5]]), win=Window(...), windingRule=None)
28.2141 	EXP 	Created unnamed Line = Line(__class__=<class 'psychopy.visual.line.Line'>, autoDraw=False, autoLog=True, closeShape=False, contrast=1.0, depth=0, fillColor=None, fillColorSpace='rgb', interpolate=True, lineColor='black', lineColorSpace='named', lineWidth=1.5, name='unnamed Line', opacity=1.0, ori=array(0.), pos=array([0., 0.]), size=array([1., 1.]), units='pix', vertices=array([[-0.5, -0.5],
       [ 0.5,  0.5]]), win=Window(...), windingRule=None)
28.2152 	EXP 	Created unnamed Line = Line(__class__=<class 'psychopy.visual.line.Line'>, autoDraw=False, autoLog=True, closeShape=False, contrast=1.0, depth=0, fillColor=None, fillColorSpace='rgb', interpolate=True, lineColor='black', lineColorSpace='named', lineWidth=1.5, name='unnamed Line', opacity=1.0, ori=array(0.), pos=array([0., 0.]), size=array([1., 1.]), units='pix', vertices=array([[-0.5, -0.5],
       [ 0.5,  0.5]]), win=Window(...), windingRule=None)
28.2166 	EXP 	Created unnamed Line = Line(__class__=<class 'psychopy.visual.line.Line'>, autoDraw=False, autoLog=True, closeShape=False, contrast=1.0, depth=0, fillColor=None, fillColorSpace='rgb', interpolate=True, lineColor='black', lineColorSpace='named', lineWidth=1.5, name='unnamed Line', opacity=1.0, ori=array(0.), pos=array([0., 0.]), size=array([1., 1.]), units='pix', vertices=array([[-0.5, -0.5],
       [ 0.5,  0.5]]), win=Window(...), windingRule=None)
28.2177 	EXP 	Created unnamed Line = Line(__class__=<class 'psychopy.visual.line.Line'>, autoDraw=False, autoLog=True, closeShape=False, contrast=1.0, depth=0, fillColor=None, fillColorSpace='rgb', interpolate=True, lineColor='black', lineColorSpace='named', lineWidth=1.5, name='unnamed Line', opacity=1.0, ori=array(0.), pos=array([0., 0.]), size=array([1., 1.]), units='pix', vertices=array([[-0.5, -0.5],
       [ 0.5,  0.5]]), win=Window(...), windingRule=None)
28.2187 	EXP 	Created unnamed Line = Line(__class__=<class 'psychopy.visual.line.Line'>, autoDraw=False, autoLog=True, closeShape=False, contrast=1.0, depth=0, fillColor=None, fillColorSpace='rgb', interpolate=True, lineColor='black', lineColorSpace='named', lineWidth=1.5, name='unnamed Line', opacity=1.0, ori=array(0.), pos=array([0., 0.]), size=array([1., 1.]), units='pix', vertices=array([[-0.5, -0.5],
       [ 0.5,  0.5]]), win=Window(...), windingRule=None)
28.2284 	EXP 	Created unnamed ImageStim = ImageStim(__class__=<class 'psychopy.visual.image.ImageStim'>, autoLog=True, color=array([1., 1., 1.]), colorSpace='rgb', contrast=1.0, depth=0, flipHoriz=False, flipVert=False, image='images/5_11.png', interpolate=True, mask=None, maskParams=None, name='unnamed ImageStim', opacity=1.0, ori=0.0, pos=array([-200., -150.]), size=array([30., 30.]), texRes=128, units='pix', win=Window(...))
28.2370 	EXP 	Created unnamed ImageStim = ImageStim(__class__=<class 'psychopy.visual.image.ImageStim'>, autoLog=True, color=array([1., 1., 1.]), colorSpace='rgb', contrast=1.0, depth=0, flipHoriz=False, flipVert=False, image='images/22_11.png', interpolate=True, mask=None, maskParams=None, name='unnamed ImageStim', opacity=1.0, ori=0.0, pos=array([-100., -150.]), size=array([30., 30.]), texRes=128, units='pix', win=Window(...))
28.2457 	EXP 	Created unnamed ImageStim = ImageStim(__class__=<class 'psychopy.visual.image.ImageStim'>, autoLog=True, color=array([1., 1., 1.]), colorSpace='rgb', contrast=1.0, depth=0, flipHoriz=False, flipVert=False, image='images/3_11.png', interpolate=True, mask=None, maskParams=None, name='unnamed ImageStim', opacity=1.0, ori=0.0, pos=array([-200., -250.]), size=array([30., 30.]), texRes=128, units='pix', win=Window(...))
28.2548 	EXP 	Created unnamed ImageStim = ImageStim(__class__=<class 'psychopy.visual.image.ImageStim'>, autoLog=True, color=array([1., 1., 1.]), colorSpace='rgb', contrast=1.0, depth=0, flipHoriz=False, flipVert=False, image='images/15_11.png', interpolate=True, mask=None, maskParams=None, name='unnamed ImageStim', opacity=1.0, ori=0.0, pos=array([-100., -250.]), size=array([30., 30.]), texRes=128, units='pix', win=Window(...))
28.2560 	EXP 	Created unnamed Line = Line(__class__=<class 'psychopy.visual.line.Line'>, autoDraw=False, autoLog=True, closeShape=False, contrast=1.0, depth=0, fillColor=None, fillColorSpace='rgb', interpolate=True, lineColor='black', lineColorSpace='named', lineWidth=1.5, name='unnamed Line', opacity=1.0, ori=array(0.), pos=array([0., 0.]), size=array([1., 1.]), units='pix', vertices=array([[-0.5, -0.5],
       [ 0.5,  0.5]]), win=Window(...), windingRule=None)
28.2570 	EXP 	Created unnamed Line = Line(__class__=<class 'psychopy.visual.line.Line'>, autoDraw=False, autoLog=True, closeShape=False, contrast=1.0, depth=0, fillColor=None, fillColorSpace='rgb', interpolate=True, lineColor='black', lineColorSpace='named', lineWidth=1.5, name='unnamed Line', opacity=1.0, ori=array(0.), pos=array([0., 0.]), size=array([1., 1.]), units='pix', vertices=array([[-0.5, -0.5],
       [ 0.5,  0.5]]), win=Window(...), windingRule=None)
28.2581 	EXP 	Created unnamed Line = Line(__class__=<class 'psychopy.visual.line.Line'>, autoDraw=False, autoLog=True, closeShape=False, contrast=1.0, depth=0, fillColor=None, fillColorSpace='rgb', interpolate=True, lineColor='black', lineColorSpace='named', lineWidth=1.5, name='unnamed Line', opacity=1.0, ori=array(0.), pos=array([0., 0.]), size=array([1., 1.]), units='pix', vertices=array([[-0.5, -0.5],
       [ 0.5,  0.5]]), win=Window(...), windingRule=None)
28.2595 	EXP 	Created unnamed Line = Line(__class__=<class 'psychopy.visual.line.Line'>, autoDraw=False, autoLog=True, closeShape=False, contrast=1.0, depth=0, fillColor=None, fillColorSpace='rgb', interpolate=True, lineColor='black', lineColorSpace='named', lineWidth=1.5, name='unnamed Line', opacity=1.0, ori=array(0.), pos=array([0., 0.]), size=array([1., 1.]), units='pix', vertices=array([[-0.5, -0.5],
       [ 0.5,  0.5]]), win=Window(...), windingRule=None)
28.2606 	EXP 	Created unnamed Line = Line(__class__=<class 'psychopy.visual.line.Line'>, autoDraw=False, autoLog=True, closeShape=False, contrast=1.0, depth=0, fillColor=None, fillColorSpace='rgb', interpolate=True, lineColor='black', lineColorSpace='named', lineWidth=1.5, name='unnamed Line', opacity=1.0, ori=array(0.), pos=array([0., 0.]), size=array([1., 1.]), units='pix', vertices=array([[-0.5, -0.5],
       [ 0.5,  0.5]]), win=Window(...), windingRule=None)
28.2616 	EXP 	Created unnamed Line = Line(__class__=<class 'psychopy.visual.line.Line'>, autoDraw=False, autoLog=True, closeShape=False, contrast=1.0, depth=0, fillColor=None, fillColorSpace='rgb', interpolate=True, lineColor='black', lineColorSpace='named', lineWidth=1.5, name='unnamed Line', opacity=1.0, ori=array(0.), pos=array([0., 0.]), size=array([1., 1.]), units='pix', vertices=array([[-0.5, -0.5],
       [ 0.5,  0.5]]), win=Window(...), windingRule=None)
28.2631 	EXP 	Created unnamed Line = Line(__class__=<class 'psychopy.visual.line.Line'>, autoDraw=False, autoLog=True, closeShape=False, contrast=1.0, depth=0, fillColor=None, fillColorSpace='rgb', interpolate=True, lineColor='black', lineColorSpace='named', lineWidth=1.5, name='unnamed Line', opacity=1.0, ori=array(0.), pos=array([0., 0.]), size=array([1., 1.]), units='pix', vertices=array([[-0.5, -0.5],
       [ 0.5,  0.5]]), win=Window(...), windingRule=None)
28.2641 	EXP 	Created unnamed Line = Line(__class__=<class 'psychopy.visual.line.Line'>, autoDraw=False, autoLog=True, closeShape=False, contrast=1.0, depth=0, fillColor=None, fillColorSpace='rgb', interpolate=True, lineColor='black', lineColorSpace='named', lineWidth=1.5, name='unnamed Line', opacity=1.0, ori=array(0.), pos=array([0., 0.]), size=array([1., 1.]), units='pix', vertices=array([[-0.5, -0.5],
       [ 0.5,  0.5]]), win=Window(...), windingRule=None)
28.2651 	EXP 	Created unnamed Line = Line(__class__=<class 'psychopy.visual.line.Line'>, autoDraw=False, autoLog=True, closeShape=False, contrast=1.0, depth=0, fillColor=None, fillColorSpace='rgb', interpolate=True, lineColor='black', lineColorSpace='named', lineWidth=1.5, name='unnamed Line', opacity=1.0, ori=array(0.), pos=array([0., 0.]), size=array([1., 1.]), units='pix', vertices=array([[-0.5, -0.5],
       [ 0.5,  0.5]]), win=Window(...), windingRule=None)
28.2742 	EXP 	Created unnamed ImageStim = ImageStim(__class__=<class 'psychopy.visual.image.ImageStim'>, autoLog=True, color=array([1., 1., 1.]), colorSpace='rgb', contrast=1.0, depth=0, flipHoriz=False, flipVert=False, image='images/15_11.png', interpolate=True, mask=None, maskParams=None, name='unnamed ImageStim', opacity=1.0, ori=0.0, pos=array([ 100., -150.]), size=array([30., 30.]), texRes=128, units='pix', win=Window(...))
28.2832 	EXP 	Created unnamed ImageStim = ImageStim(__class__=<class 'psychopy.visual.image.ImageStim'>, autoLog=True, color=array([1., 1., 1.]), colorSpace='rgb', contrast=1.0, depth=0, flipHoriz=False, flipVert=False, image='images/5_11.png', interpolate=True, mask=None, maskParams=None, name='unnamed ImageStim', opacity=1.0, ori=0.0, pos=array([ 200., -150.]), size=array([30., 30.]), texRes=128, units='pix', win=Window(...))
28.2918 	EXP 	Created unnamed ImageStim = ImageStim(__class__=<class 'psychopy.visual.image.ImageStim'>, autoLog=True, color=array([1., 1., 1.]), colorSpace='rgb', contrast=1.0, depth=0, flipHoriz=False, flipVert=False, image='images/3_11.png', interpolate=True, mask=None, maskParams=None, name='unnamed ImageStim', opacity=1.0, ori=0.0, pos=array([ 100., -250.]), size=array([30., 30.]), texRes=128, units='pix', win=Window(...))
28.3009 	EXP 	Created unnamed ImageStim = ImageStim(__class__=<class 'psychopy.visual.image.ImageStim'>, autoLog=True, color=array([1., 1., 1.]), colorSpace='rgb', contrast=1.0, depth=0, flipHoriz=False, flipVert=False, image='images/22_11.png', interpolate=True, mask=None, maskParams=None, name='unnamed ImageStim', opacity=1.0, ori=0.0, pos=array([ 200., -250.]), size=array([30., 30.]), texRes=128, units='pix', win=Window(...))
28.3020 	EXP 	Created unnamed Line = Line(__class__=<class 'psychopy.visual.line.Line'>, autoDraw=False, autoLog=True, closeShape=False, contrast=1.0, depth=0, fillColor=None, fillColorSpace='rgb', interpolate=True, lineColor='black', lineColorSpace='named', lineWidth=1.5, name='unnamed Line', opacity=1.0, ori=array(0.), pos=array([0., 0.]), size=array([1., 1.]), units='pix', vertices=array([[-0.5, -0.5],
       [ 0.5,  0.5]]), win=Window(...), windingRule=None)
28.3031 	EXP 	Created unnamed Line = Line(__class__=<class 'psychopy.visual.line.Line'>, autoDraw=False, autoLog=True, closeShape=False, contrast=1.0, depth=0, fillColor=None, fillColorSpace='rgb', interpolate=True, lineColor='black', lineColorSpace='named', lineWidth=1.5, name='unnamed Line', opacity=1.0, ori=array(0.), pos=array([0., 0.]), size=array([1., 1.]), units='pix', vertices=array([[-0.5, -0.5],
       [ 0.5,  0.5]]), win=Window(...), windingRule=None)
28.3041 	EXP 	Created unnamed Line = Line(__class__=<class 'psychopy.visual.line.Line'>, autoDraw=False, autoLog=True, closeShape=False, contrast=1.0, depth=0, fillColor=None, fillColorSpace='rgb', interpolate=True, lineColor='black', lineColorSpace='named', lineWidth=1.5, name='unnamed Line', opacity=1.0, ori=array(0.), pos=array([0., 0.]), size=array([1., 1.]), units='pix', vertices=array([[-0.5, -0.5],
       [ 0.5,  0.5]]), win=Window(...), windingRule=None)
28.3056 	EXP 	Created unnamed Line = Line(__class__=<class 'psychopy.visual.line.Line'>, autoDraw=False, autoLog=True, closeShape=False, contrast=1.0, depth=0, fillColor=None, fillColorSpace='rgb', interpolate=True, lineColor='black', lineColorSpace='named', lineWidth=1.5, name='unnamed Line', opacity=1.0, ori=array(0.), pos=array([0., 0.]), size=array([1., 1.]), units='pix', vertices=array([[-0.5, -0.5],
       [ 0.5,  0.5]]), win=Window(...), windingRule=None)
28.3066 	EXP 	Created unnamed Line = Line(__class__=<class 'psychopy.visual.line.Line'>, autoDraw=False, autoLog=True, closeShape=False, contrast=1.0, depth=0, fillColor=None, fillColorSpace='rgb', interpolate=True, lineColor='black', lineColorSpace='named', lineWidth=1.5, name='unnamed Line', opacity=1.0, ori=array(0.), pos=array([0., 0.]), size=array([1., 1.]), units='pix', vertices=array([[-0.5, -0.5],
       [ 0.5,  0.5]]), win=Window(...), windingRule=None)
28.3077 	EXP 	Created unnamed Line = Line(__class__=<class 'psychopy.visual.line.Line'>, autoDraw=False, autoLog=True, closeShape=False, contrast=1.0, depth=0, fillColor=None, fillColorSpace='rgb', interpolate=True, lineColor='black', lineColorSpace='named', lineWidth=1.5, name='unnamed Line', opacity=1.0, ori=array(0.), pos=array([0., 0.]), size=array([1., 1.]), units='pix', vertices=array([[-0.5, -0.5],
       [ 0.5,  0.5]]), win=Window(...), windingRule=None)
28.3091 	EXP 	Created unnamed Line = Line(__class__=<class 'psychopy.visual.line.Line'>, autoDraw=False, autoLog=True, closeShape=False, contrast=1.0, depth=0, fillColor=None, fillColorSpace='rgb', interpolate=True, lineColor='black', lineColorSpace='named', lineWidth=1.5, name='unnamed Line', opacity=1.0, ori=array(0.), pos=array([0., 0.]), size=array([1., 1.]), units='pix', vertices=array([[-0.5, -0.5],
       [ 0.5,  0.5]]), win=Window(...), windingRule=None)
28.3101 	EXP 	Created unnamed Line = Line(__class__=<class 'psychopy.visual.line.Line'>, autoDraw=False, autoLog=True, closeShape=False, contrast=1.0, depth=0, fillColor=None, fillColorSpace='rgb', interpolate=True, lineColor='black', lineColorSpace='named', lineWidth=1.5, name='unnamed Line', opacity=1.0, ori=array(0.), pos=array([0., 0.]), size=array([1., 1.]), units='pix', vertices=array([[-0.5, -0.5],
       [ 0.5,  0.5]]), win=Window(...), windingRule=None)
28.3111 	EXP 	Created unnamed Line = Line(__class__=<class 'psychopy.visual.line.Line'>, autoDraw=False, autoLog=True, closeShape=False, contrast=1.0, depth=0, fillColor=None, fillColorSpace='rgb', interpolate=True, lineColor='black', lineColorSpace='named', lineWidth=1.5, name='unnamed Line', opacity=1.0, ori=array(0.), pos=array([0., 0.]), size=array([1., 1.]), units='pix', vertices=array([[-0.5, -0.5],
       [ 0.5,  0.5]]), win=Window(...), windingRule=None)
28.3200 	EXP 	Created unnamed ImageStim = ImageStim(__class__=<class 'psychopy.visual.image.ImageStim'>, autoLog=True, color=array([1., 1., 1.]), colorSpace='rgb', contrast=1.0, depth=0, flipHoriz=False, flipVert=False, image='images/5_11.png', interpolate=True, mask=None, maskParams=None, name='unnamed ImageStim', opacity=1.0, ori=0.0, pos=array([ 400., -150.]), size=array([30., 30.]), texRes=128, units='pix', win=Window(...))
28.3292 	EXP 	Created unnamed ImageStim = ImageStim(__class__=<class 'psychopy.visual.image.ImageStim'>, autoLog=True, color=array([1., 1., 1.]), colorSpace='rgb', contrast=1.0, depth=0, flipHoriz=False, flipVert=False, image='images/3_11.png', interpolate=True, mask=None, maskParams=None, name='unnamed ImageStim', opacity=1.0, ori=0.0, pos=array([ 500., -150.]), size=array([30., 30.]), texRes=128, units='pix', win=Window(...))
28.3376 	EXP 	Created unnamed ImageStim = ImageStim(__class__=<class 'psychopy.visual.image.ImageStim'>, autoLog=True, color=array([1., 1., 1.]), colorSpace='rgb', contrast=1.0, depth=0, flipHoriz=False, flipVert=False, image='images/15_11.png', interpolate=True, mask=None, maskParams=None, name='unnamed ImageStim', opacity=1.0, ori=0.0, pos=array([ 400., -250.]), size=array([30., 30.]), texRes=128, units='pix', win=Window(...))
28.3462 	EXP 	Created unnamed ImageStim = ImageStim(__class__=<class 'psychopy.visual.image.ImageStim'>, autoLog=True, color=array([1., 1., 1.]), colorSpace='rgb', contrast=1.0, depth=0, flipHoriz=False, flipVert=False, image='images/22_11.png', interpolate=True, mask=None, maskParams=None, name='unnamed ImageStim', opacity=1.0, ori=0.0, pos=array([ 500., -250.]), size=array([30., 30.]), texRes=128, units='pix', win=Window(...))
28.3474 	EXP 	Created unnamed Line = Line(__class__=<class 'psychopy.visual.line.Line'>, autoDraw=False, autoLog=True, closeShape=False, contrast=1.0, depth=0, fillColor=None, fillColorSpace='rgb', interpolate=True, lineColor='black', lineColorSpace='named', lineWidth=1.5, name='unnamed Line', opacity=1.0, ori=array(0.), pos=array([0., 0.]), size=array([1., 1.]), units='pix', vertices=array([[-0.5, -0.5],
       [ 0.5,  0.5]]), win=Window(...), windingRule=None)
28.3485 	EXP 	Created unnamed Line = Line(__class__=<class 'psychopy.visual.line.Line'>, autoDraw=False, autoLog=True, closeShape=False, contrast=1.0, depth=0, fillColor=None, fillColorSpace='rgb', interpolate=True, lineColor='black', lineColorSpace='named', lineWidth=1.5, name='unnamed Line', opacity=1.0, ori=array(0.), pos=array([0., 0.]), size=array([1., 1.]), units='pix', vertices=array([[-0.5, -0.5],
       [ 0.5,  0.5]]), win=Window(...), windingRule=None)
28.3495 	EXP 	Created unnamed Line = Line(__class__=<class 'psychopy.visual.line.Line'>, autoDraw=False, autoLog=True, closeShape=False, contrast=1.0, depth=0, fillColor=None, fillColorSpace='rgb', interpolate=True, lineColor='black', lineColorSpace='named', lineWidth=1.5, name='unnamed Line', opacity=1.0, ori=array(0.), pos=array([0., 0.]), size=array([1., 1.]), units='pix', vertices=array([[-0.5, -0.5],
       [ 0.5,  0.5]]), win=Window(...), windingRule=None)
28.3510 	EXP 	Created unnamed Line = Line(__class__=<class 'psychopy.visual.line.Line'>, autoDraw=False, autoLog=True, closeShape=False, contrast=1.0, depth=0, fillColor=None, fillColorSpace='rgb', interpolate=True, lineColor='black', lineColorSpace='named', lineWidth=1.5, name='unnamed Line', opacity=1.0, ori=array(0.), pos=array([0., 0.]), size=array([1., 1.]), units='pix', vertices=array([[-0.5, -0.5],
       [ 0.5,  0.5]]), win=Window(...), windingRule=None)
28.3520 	EXP 	Created unnamed Line = Line(__class__=<class 'psychopy.visual.line.Line'>, autoDraw=False, autoLog=True, closeShape=False, contrast=1.0, depth=0, fillColor=None, fillColorSpace='rgb', interpolate=True, lineColor='black', lineColorSpace='named', lineWidth=1.5, name='unnamed Line', opacity=1.0, ori=array(0.), pos=array([0., 0.]), size=array([1., 1.]), units='pix', vertices=array([[-0.5, -0.5],
       [ 0.5,  0.5]]), win=Window(...), windingRule=None)
28.3531 	EXP 	Created unnamed Line = Line(__class__=<class 'psychopy.visual.line.Line'>, autoDraw=False, autoLog=True, closeShape=False, contrast=1.0, depth=0, fillColor=None, fillColorSpace='rgb', interpolate=True, lineColor='black', lineColorSpace='named', lineWidth=1.5, name='unnamed Line', opacity=1.0, ori=array(0.), pos=array([0., 0.]), size=array([1., 1.]), units='pix', vertices=array([[-0.5, -0.5],
       [ 0.5,  0.5]]), win=Window(...), windingRule=None)
28.3545 	EXP 	Created unnamed Line = Line(__class__=<class 'psychopy.visual.line.Line'>, autoDraw=False, autoLog=True, closeShape=False, contrast=1.0, depth=0, fillColor=None, fillColorSpace='rgb', interpolate=True, lineColor='black', lineColorSpace='named', lineWidth=1.5, name='unnamed Line', opacity=1.0, ori=array(0.), pos=array([0., 0.]), size=array([1., 1.]), units='pix', vertices=array([[-0.5, -0.5],
       [ 0.5,  0.5]]), win=Window(...), windingRule=None)
28.3556 	EXP 	Created unnamed Line = Line(__class__=<class 'psychopy.visual.line.Line'>, autoDraw=False, autoLog=True, closeShape=False, contrast=1.0, depth=0, fillColor=None, fillColorSpace='rgb', interpolate=True, lineColor='black', lineColorSpace='named', lineWidth=1.5, name='unnamed Line', opacity=1.0, ori=array(0.), pos=array([0., 0.]), size=array([1., 1.]), units='pix', vertices=array([[-0.5, -0.5],
       [ 0.5,  0.5]]), win=Window(...), windingRule=None)
28.3568 	EXP 	Created unnamed Line = Line(__class__=<class 'psychopy.visual.line.Line'>, autoDraw=False, autoLog=True, closeShape=False, contrast=1.0, depth=0, fillColor=None, fillColorSpace='rgb', interpolate=True, lineColor='black', lineColorSpace='named', lineWidth=1.5, name='unnamed Line', opacity=1.0, ori=array(0.), pos=array([0., 0.]), size=array([1., 1.]), units='pix', vertices=array([[-0.5, -0.5],
       [ 0.5,  0.5]]), win=Window(...), windingRule=None)
28.3722 	EXP 	unnamed Line: start = [30.0, 70.0]
28.3722 	EXP 	unnamed Line: end = [-30.0, 130.0]
28.3722 	EXP 	unnamed Line: start = [-15.857864376269049, 130.0]
28.3722 	EXP 	unnamed Line: end = [-30.0, 130.0]
28.3722 	EXP 	unnamed Line: start = [-30.0, 115.85786437626905]
28.3722 	EXP 	unnamed Line: end = [-30.0, 130.0]
28.3722 	EXP 	unnamed Line: start = [-50.0, 70.0]
28.3722 	EXP 	unnamed Line: end = [-50.0, 130.0]
28.3722 	EXP 	unnamed Line: start = [-40.0, 120.0]
28.3722 	EXP 	unnamed Line: end = [-50.0, 130.0]
28.3722 	EXP 	unnamed Line: start = [-60.0, 120.0]
28.3722 	EXP 	unnamed Line: end = [-50.0, 130.0]
28.3722 	EXP 	unnamed Line: start = [50.0, 70.0]
28.3722 	EXP 	unnamed Line: end = [50.0, 130.0]
28.3722 	EXP 	unnamed Line: start = [60.0, 120.0]
28.3722 	EXP 	unnamed Line: end = [50.0, 130.0]
28.3722 	EXP 	unnamed Line: start = [40.0, 120.0]
28.3722 	EXP 	unnamed Line: end = [50.0, 130.0]
28.3722 	EXP 	unnamed Line: start = [-415.0, -150.0]
28.3722 	EXP 	unnamed Line: end = [-485.0, -150.0]
28.3722 	EXP 	unnamed Line: start = [-475.0, -140.0]
28.3722 	EXP 	unnamed Line: end = [-485.0, -150.0]
28.3722 	EXP 	unnamed Line: start = [-475.0, -160.0]
28.3722 	EXP 	unnamed Line: end = [-485.0, -150.0]
28.3722 	EXP 	unnamed Line: start = [-485.0, -235.0]
28.3722 	EXP 	unnamed Line: end = [-415.0, -165.0]
28.3722 	EXP 	unnamed Line: start = [-415.0, -179.14213562373095]
28.3722 	EXP 	unnamed Line: end = [-415.0, -165.0]
28.3722 	EXP 	unnamed Line: start = [-429.14213562373095, -165.0]
28.3722 	EXP 	unnamed Line: end = [-415.0, -165.0]
28.3722 	EXP 	unnamed Line: start = [-485.0, -165.0]
28.3722 	EXP 	unnamed Line: end = [-415.0, -235.0]
28.3722 	EXP 	unnamed Line: start = [-429.14213562373095, -235.0]
28.3722 	EXP 	unnamed Line: end = [-415.0, -235.0]
28.3722 	EXP 	unnamed Line: start = [-415.0, -220.85786437626905]
28.3722 	EXP 	unnamed Line: end = [-415.0, -235.0]
28.3722 	EXP 	unnamed Line: start = [-185.0, -250.0]
28.3722 	EXP 	unnamed Line: end = [-115.0, -250.0]
28.3722 	EXP 	unnamed Line: start = [-125.0, -260.0]
28.3722 	EXP 	unnamed Line: end = [-115.0, -250.0]
28.3722 	EXP 	unnamed Line: start = [-125.0, -240.0]
28.3722 	EXP 	unnamed Line: end = [-115.0, -250.0]
28.3722 	EXP 	unnamed Line: start = [-185.0, -165.0]
28.3722 	EXP 	unnamed Line: end = [-115.0, -235.0]
28.3722 	EXP 	unnamed Line: start = [-129.14213562373095, -235.0]
28.3722 	EXP 	unnamed Line: end = [-115.0, -235.0]
28.3722 	EXP 	unnamed Line: start = [-115.0, -220.85786437626905]
28.3722 	EXP 	unnamed Line: end = [-115.0, -235.0]
28.3722 	EXP 	unnamed Line: start = [-185.0, -235.0]
28.3722 	EXP 	unnamed Line: end = [-115.0, -165.0]
28.3722 	EXP 	unnamed Line: start = [-115.0, -179.14213562373095]
28.3722 	EXP 	unnamed Line: end = [-115.0, -165.0]
28.3722 	EXP 	unnamed Line: start = [-129.14213562373095, -165.0]
28.3722 	EXP 	unnamed Line: end = [-115.0, -165.0]
28.3722 	EXP 	unnamed Line: start = [100.0, -235.0]
28.3722 	EXP 	unnamed Line: end = [100.0, -165.0]
28.3722 	EXP 	unnamed Line: start = [110.0, -175.0]
28.3722 	EXP 	unnamed Line: end = [100.0, -165.0]
28.3722 	EXP 	unnamed Line: start = [90.0, -175.0]
28.3722 	EXP 	unnamed Line: end = [100.0, -165.0]
28.3722 	EXP 	unnamed Line: start = [115.0, -150.0]
28.3722 	EXP 	unnamed Line: end = [185.0, -150.0]
28.3722 	EXP 	unnamed Line: start = [175.0, -160.0]
28.3722 	EXP 	unnamed Line: end = [185.0, -150.0]
28.3722 	EXP 	unnamed Line: start = [175.0, -140.0]
28.3722 	EXP 	unnamed Line: end = [185.0, -150.0]
28.3722 	EXP 	unnamed Line: start = [185.0, -250.0]
28.3722 	EXP 	unnamed Line: end = [115.0, -250.0]
28.3722 	EXP 	unnamed Line: start = [125.0, -240.0]
28.3722 	EXP 	unnamed Line: end = [115.0, -250.0]
28.3722 	EXP 	unnamed Line: start = [125.0, -260.0]
28.3722 	EXP 	unnamed Line: end = [115.0, -250.0]
28.3722 	EXP 	unnamed Line: start = [485.0, -165.0]
28.3722 	EXP 	unnamed Line: end = [415.0, -235.0]
28.3722 	EXP 	unnamed Line: start = [415.0, -220.85786437626905]
28.3722 	EXP 	unnamed Line: end = [415.0, -235.0]
28.3722 	EXP 	unnamed Line: start = [429.14213562373095, -235.0]
28.3722 	EXP 	unnamed Line: end = [415.0, -235.0]
28.3722 	EXP 	unnamed Line: start = [400.0, -165.0]
28.3722 	EXP 	unnamed Line: end = [400.0, -235.0]
28.3722 	EXP 	unnamed Line: start = [390.0, -225.0]
28.3722 	EXP 	unnamed Line: end = [400.0, -235.0]
28.3722 	EXP 	unnamed Line: start = [410.0, -225.0]
28.3722 	EXP 	unnamed Line: end = [400.0, -235.0]
28.3722 	EXP 	unnamed Line: start = [500.0, -235.0]
28.3722 	EXP 	unnamed Line: end = [500.0, -165.0]
28.3722 	EXP 	unnamed Line: start = [510.0, -175.0]
28.3722 	EXP 	unnamed Line: end = [500.0, -165.0]
28.3722 	EXP 	unnamed Line: start = [490.0, -175.0]
28.3722 	EXP 	unnamed Line: end = [500.0, -165.0]
28.3722 	EXP 	unnamed ImageStim: autoDraw = True
28.3722 	EXP 	unnamed ImageStim: autoDraw = True
28.3722 	EXP 	unnamed ImageStim: autoDraw = True
28.3722 	EXP 	unnamed ImageStim: autoDraw = True
28.3722 	EXP 	unnamed Line: autoDraw = True
28.3722 	EXP 	unnamed Line: autoDraw = True
28.3722 	EXP 	unnamed Line: autoDraw = True
28.3722 	EXP 	unnamed Line: autoDraw = True
28.3722 	EXP 	unnamed Line: autoDraw = True
28.3722 	EXP 	unnamed Line: autoDraw = True
28.3722 	EXP 	unnamed Line: autoDraw = True
28.3722 	EXP 	unnamed Line: autoDraw = True
28.3722 	EXP 	unnamed Line: autoDraw = True
28.3722 	EXP 	unnamed ImageStim: autoDraw = True
28.3722 	EXP 	unnamed ImageStim: autoDraw = True
28.3722 	EXP 	unnamed ImageStim: autoDraw = True
28.3722 	EXP 	unnamed ImageStim: autoDraw = True
28.3722 	EXP 	unnamed Line: autoDraw = True
28.3722 	EXP 	unnamed Line: autoDraw = True
28.3722 	EXP 	unnamed Line: autoDraw = True
28.3722 	EXP 	unnamed Line: autoDraw = True
28.3722 	EXP 	unnamed Line: autoDraw = True
28.3722 	EXP 	unnamed Line: autoDraw = True
28.3722 	EXP 	unnamed Line: autoDraw = True
28.3722 	EXP 	unnamed Line: autoDraw = True
28.3722 	EXP 	unnamed Line: autoDraw = True
28.3722 	EXP 	unnamed ImageStim: autoDraw = True
28.3722 	EXP 	unnamed ImageStim: autoDraw = True
28.3722 	EXP 	unnamed ImageStim: autoDraw = True
28.3722 	EXP 	unnamed ImageStim: autoDraw = True
28.3722 	EXP 	unnamed Line: autoDraw = True
28.3722 	EXP 	unnamed Line: autoDraw = True
28.3722 	EXP 	unnamed Line: autoDraw = True
28.3722 	EXP 	unnamed Line: autoDraw = True
28.3722 	EXP 	unnamed Line: autoDraw = True
28.3722 	EXP 	unnamed Line: autoDraw = True
28.3722 	EXP 	unnamed Line: autoDraw = True
28.3722 	EXP 	unnamed Line: autoDraw = True
28.3722 	EXP 	unnamed Line: autoDraw = True
28.3722 	EXP 	unnamed ImageStim: autoDraw = True
28.3722 	EXP 	unnamed ImageStim: autoDraw = True
28.3722 	EXP 	unnamed ImageStim: autoDraw = True
28.3722 	EXP 	unnamed ImageStim: autoDraw = True
28.3722 	EXP 	unnamed Line: autoDraw = True
28.3722 	EXP 	unnamed Line: autoDraw = True
28.3722 	EXP 	unnamed Line: autoDraw = True
28.3722 	EXP 	unnamed Line: autoDraw = True
28.3722 	EXP 	unnamed Line: autoDraw = True
28.3722 	EXP 	unnamed Line: autoDraw = True
28.3722 	EXP 	unnamed Line: autoDraw = True
28.3722 	EXP 	unnamed Line: autoDraw = True
28.3722 	EXP 	unnamed Line: autoDraw = True
28.3722 	EXP 	unnamed ImageStim: autoDraw = True
28.3722 	EXP 	unnamed ImageStim: autoDraw = True
28.3722 	EXP 	unnamed ImageStim: autoDraw = True
28.3722 	EXP 	unnamed ImageStim: autoDraw = True
28.3722 	EXP 	unnamed Line: autoDraw = True
28.3722 	EXP 	unnamed Line: autoDraw = True
28.3722 	EXP 	unnamed Line: autoDraw = True
28.3722 	EXP 	unnamed Line: autoDraw = True
28.3722 	EXP 	unnamed Line: autoDraw = True
28.3722 	EXP 	unnamed Line: autoDraw = True
28.3722 	EXP 	unnamed Line: autoDraw = True
28.3722 	EXP 	unnamed Line: autoDraw = True
28.3722 	EXP 	unnamed Line: autoDraw = True
38.7827 	EXP 	unnamed ImageStim: autoDraw = False
38.7827 	EXP 	unnamed ImageStim: autoDraw = False
38.7827 	EXP 	unnamed ImageStim: autoDraw = False
38.7827 	EXP 	unnamed ImageStim: autoDraw = False
38.7827 	EXP 	unnamed Line: autoDraw = False
38.7827 	EXP 	unnamed Line: autoDraw = False
38.7827 	EXP 	unnamed Line: autoDraw = False
38.7827 	EXP 	unnamed Line: autoDraw = False
38.7827 	EXP 	unnamed Line: autoDraw = False
38.7827 	EXP 	unnamed Line: autoDraw = False
38.7827 	EXP 	unnamed Line: autoDraw = False
38.7827 	EXP 	unnamed Line: autoDraw = False
38.7827 	EXP 	unnamed Line: autoDraw = False
38.7827 	EXP 	unnamed ImageStim: autoDraw = False
38.7827 	EXP 	unnamed ImageStim: autoDraw = False
38.7827 	EXP 	unnamed ImageStim: autoDraw = False
38.7827 	EXP 	unnamed ImageStim: autoDraw = False
38.7827 	EXP 	unnamed Line: autoDraw = False
38.7827 	EXP 	unnamed Line: autoDraw = False
38.7827 	EXP 	unnamed Line: autoDraw = False
38.7827 	EXP 	unnamed Line: autoDraw = False
38.7827 	EXP 	unnamed Line: autoDraw = False
38.7827 	EXP 	unnamed Line: autoDraw = False
38.7827 	EXP 	unnamed Line: autoDraw = False
38.7827 	EXP 	unnamed Line: autoDraw = False
38.7827 	EXP 	unnamed Line: autoDraw = False
38.7827 	EXP 	unnamed ImageStim: autoDraw = False
38.7827 	EXP 	unnamed ImageStim: autoDraw = False
38.7827 	EXP 	unnamed ImageStim: autoDraw = False
38.7827 	EXP 	unnamed ImageStim: autoDraw = False
38.7827 	EXP 	unnamed Line: autoDraw = False
38.7827 	EXP 	unnamed Line: autoDraw = False
38.7827 	EXP 	unnamed Line: autoDraw = False
38.7827 	EXP 	unnamed Line: autoDraw = False
38.7827 	EXP 	unnamed Line: autoDraw = False
38.7827 	EXP 	unnamed Line: autoDraw = False
38.7827 	EXP 	unnamed Line: autoDraw = False
38.7827 	EXP 	unnamed Line: autoDraw = False
38.7827 	EXP 	unnamed Line: autoDraw = False
38.7827 	EXP 	unnamed ImageStim: autoDraw = False
38.7827 	EXP 	unnamed ImageStim: autoDraw = False
38.7827 	EXP 	unnamed ImageStim: autoDraw = False
38.7827 	EXP 	unnamed ImageStim: autoDraw = False
38.7827 	EXP 	unnamed Line: autoDraw = False
38.7827 	EXP 	unnamed Line: autoDraw = False
38.7827 	EXP 	unnamed Line: autoDraw = False
38.7827 	EXP 	unnamed Line: autoDraw = False
38.7827 	EXP 	unnamed Line: autoDraw = False
38.7827 	EXP 	unnamed Line: autoDraw = False
38.7827 	EXP 	unnamed Line: autoDraw = False
38.7827 	EXP 	unnamed Line: autoDraw = False
38.7827 	EXP 	unnamed Line: autoDraw = False
38.7827 	EXP 	unnamed ImageStim: autoDraw = False
38.7827 	EXP 	unnamed ImageStim: autoDraw = False
38.7827 	EXP 	unnamed ImageStim: autoDraw = False
38.7827 	EXP 	unnamed ImageStim: autoDraw = False
38.7827 	EXP 	unnamed Line: autoDraw = False
38.7827 	EXP 	unnamed Line: autoDraw = False
38.7827 	EXP 	unnamed Line: autoDraw = False
38.7827 	EXP 	unnamed Line: autoDraw = False
38.7827 	EXP 	unnamed Line: autoDraw = False
38.7827 	EXP 	unnamed Line: autoDraw = False
38.7827 	EXP 	unnamed Line: autoDraw = False
38.7827 	EXP 	unnamed Line: autoDraw = False
38.7827 	EXP 	unnamed Line: autoDraw = False
39.7895 	INFO 	using sysFont Arial
39.7912 	EXP 	Created unnamed TextStim = TextStim(__class__=<class 'psychopy.visual.text.TextStim'>, alignHoriz='center', alignVert='center', antialias=True, autoLog=True, bold=False, color='black', colorSpace='named', contrast=1.0, depth=0, flipHoriz=False, flipVert=False, font='Arial', fontFiles=[], height=32, italic=False, name='unnamed TextStim', opacity=1.0, ori=0.0, pos=array([0., 0.]), rgb=array([0., 0., 0.]), text='Po treningu', units='pix', win=Window(...), wrapWidth=1920)
39.7962 	CRITICAL 	Experiment finished by user! f7 pressed.
