3.0914 	INFO 	Screen res set as: 1920x1080
3.0924 	INFO 	Loaded monitor calibration from ['2018_09_18 09:28']
3.6400 	EXP 	Created window1 = Window(allowGUI=True, allowStencil=False, args=UNKNOWN, autoLog=True, bitsMode=UNKNOWN, blendMode='avg', color='Gainsboro', colorSpace='named', fullscr=UNKNOWN, gamma=None, kwargs=UNKNOWN, lms=UNKNOWN, monitor=<psychopy.monitors.calibTools.Monitor object at 0x7fdb401b0f60>, multiSample=False, name='window1', numSamples=2, pos=None, screen=0, size=array([1920, 1080]), stereo=False, units='pix', useFBO=False, useRetina=False, viewOri=0.0, viewPos=None, viewScale=None, waitBlanking=True, winType='pygame')
3.6400 	INFO 	Detected framerate: 30 frames per sec.
3.6400 	INFO 	Mouse: using default window
3.6943 	EXP 	Created unnamed ImageStim = ImageStim(__class__=<class 'psychopy.visual.image.ImageStim'>, autoLog=True, color=array([1., 1., 1.]), colorSpace='rgb', contrast=1.0, depth=0, flipHoriz=False, flipVert=False, image='images/clock.png', interpolate=True, mask=None, maskParams=None, name='unnamed ImageStim', opacity=1.0, ori=0.0, pos=array([0., 0.]), size=array([200., 200.]), texRes=128, units='pix', win=Window(...))
3.7331 	INFO 	using sysFont Arial
3.7353 	EXP 	Created unnamed TextStim = TextStim(__class__=<class 'psychopy.visual.text.TextStim'>, alignHoriz='center', alignVert='center', antialias=True, autoLog=True, bold=False, color='black', colorSpace='named', contrast=1.0, depth=0, flipHoriz=False, flipVert=False, font='Arial', fontFiles=[], height=32, italic=False, name='unnamed TextStim', opacity=1.0, ori=0.0, pos=array([0., 0.]), rgb=array([0., 0., 0.]), text='Wstęp', units='pix', win=Window(...), wrapWidth=1920)
4.4842 	EXP 	Created unnamed ImageStim = ImageStim(__class__=<class 'psychopy.visual.image.ImageStim'>, autoLog=True, color=array([1., 1., 1.]), colorSpace='rgb', contrast=1.0, depth=0, flipHoriz=False, flipVert=False, image='images/8_11.png', interpolate=True, mask=None, maskParams=None, name='unnamed ImageStim', opacity=1.0, ori=0.0, pos=array([-50., 150.]), size=array([40., 40.]), texRes=128, units='pix', win=Window(...))
4.4970 	EXP 	Created unnamed ImageStim = ImageStim(__class__=<class 'psychopy.visual.image.ImageStim'>, autoLog=True, color=array([1., 1., 1.]), colorSpace='rgb', contrast=1.0, depth=0, flipHoriz=False, flipVert=False, image='images/24_11.png', interpolate=True, mask=None, maskParams=None, name='unnamed ImageStim', opacity=1.0, ori=0.0, pos=array([ 50., 150.]), size=array([40., 40.]), texRes=128, units='pix', win=Window(...))
4.5091 	EXP 	Created unnamed ImageStim = ImageStim(__class__=<class 'psychopy.visual.image.ImageStim'>, autoLog=True, color=array([1., 1., 1.]), colorSpace='rgb', contrast=1.0, depth=0, flipHoriz=False, flipVert=False, image='images/10_11.png', interpolate=True, mask=None, maskParams=None, name='unnamed ImageStim', opacity=1.0, ori=0.0, pos=array([-50.,  50.]), size=array([40., 40.]), texRes=128, units='pix', win=Window(...))
4.5213 	EXP 	Created unnamed ImageStim = ImageStim(__class__=<class 'psychopy.visual.image.ImageStim'>, autoLog=True, color=array([1., 1., 1.]), colorSpace='rgb', contrast=1.0, depth=0, flipHoriz=False, flipVert=False, image='images/2_11.png', interpolate=True, mask=None, maskParams=None, name='unnamed ImageStim', opacity=1.0, ori=0.0, pos=array([50., 50.]), size=array([40., 40.]), texRes=128, units='pix', win=Window(...))
4.5246 	EXP 	Created unnamed Line = Line(__class__=<class 'psychopy.visual.line.Line'>, autoDraw=False, autoLog=True, closeShape=False, contrast=1.0, depth=0, fillColor=None, fillColorSpace='rgb', interpolate=True, lineColor='black', lineColorSpace='named', lineWidth=1.5, name='unnamed Line', opacity=1.0, ori=array(0.), pos=array([0., 0.]), size=array([1., 1.]), units='pix', vertices=array([[-0.5, -0.5],
       [ 0.5,  0.5]]), win=Window(...), windingRule=None)
4.5257 	EXP 	Created unnamed Line = Line(__class__=<class 'psychopy.visual.line.Line'>, autoDraw=False, autoLog=True, closeShape=False, contrast=1.0, depth=0, fillColor=None, fillColorSpace='rgb', interpolate=True, lineColor='black', lineColorSpace='named', lineWidth=1.5, name='unnamed Line', opacity=1.0, ori=array(0.), pos=array([0., 0.]), size=array([1., 1.]), units='pix', vertices=array([[-0.5, -0.5],
       [ 0.5,  0.5]]), win=Window(...), windingRule=None)
4.5267 	EXP 	Created unnamed Line = Line(__class__=<class 'psychopy.visual.line.Line'>, autoDraw=False, autoLog=True, closeShape=False, contrast=1.0, depth=0, fillColor=None, fillColorSpace='rgb', interpolate=True, lineColor='black', lineColorSpace='named', lineWidth=1.5, name='unnamed Line', opacity=1.0, ori=array(0.), pos=array([0., 0.]), size=array([1., 1.]), units='pix', vertices=array([[-0.5, -0.5],
       [ 0.5,  0.5]]), win=Window(...), windingRule=None)
4.5283 	EXP 	Created unnamed Line = Line(__class__=<class 'psychopy.visual.line.Line'>, autoDraw=False, autoLog=True, closeShape=False, contrast=1.0, depth=0, fillColor=None, fillColorSpace='rgb', interpolate=True, lineColor='black', lineColorSpace='named', lineWidth=1.5, name='unnamed Line', opacity=1.0, ori=array(0.), pos=array([0., 0.]), size=array([1., 1.]), units='pix', vertices=array([[-0.5, -0.5],
       [ 0.5,  0.5]]), win=Window(...), windingRule=None)
4.5293 	EXP 	Created unnamed Line = Line(__class__=<class 'psychopy.visual.line.Line'>, autoDraw=False, autoLog=True, closeShape=False, contrast=1.0, depth=0, fillColor=None, fillColorSpace='rgb', interpolate=True, lineColor='black', lineColorSpace='named', lineWidth=1.5, name='unnamed Line', opacity=1.0, ori=array(0.), pos=array([0., 0.]), size=array([1., 1.]), units='pix', vertices=array([[-0.5, -0.5],
       [ 0.5,  0.5]]), win=Window(...), windingRule=None)
4.5303 	EXP 	Created unnamed Line = Line(__class__=<class 'psychopy.visual.line.Line'>, autoDraw=False, autoLog=True, closeShape=False, contrast=1.0, depth=0, fillColor=None, fillColorSpace='rgb', interpolate=True, lineColor='black', lineColorSpace='named', lineWidth=1.5, name='unnamed Line', opacity=1.0, ori=array(0.), pos=array([0., 0.]), size=array([1., 1.]), units='pix', vertices=array([[-0.5, -0.5],
       [ 0.5,  0.5]]), win=Window(...), windingRule=None)
4.5318 	EXP 	Created unnamed Line = Line(__class__=<class 'psychopy.visual.line.Line'>, autoDraw=False, autoLog=True, closeShape=False, contrast=1.0, depth=0, fillColor=None, fillColorSpace='rgb', interpolate=True, lineColor='black', lineColorSpace='named', lineWidth=1.5, name='unnamed Line', opacity=1.0, ori=array(0.), pos=array([0., 0.]), size=array([1., 1.]), units='pix', vertices=array([[-0.5, -0.5],
       [ 0.5,  0.5]]), win=Window(...), windingRule=None)
4.5328 	EXP 	Created unnamed Line = Line(__class__=<class 'psychopy.visual.line.Line'>, autoDraw=False, autoLog=True, closeShape=False, contrast=1.0, depth=0, fillColor=None, fillColorSpace='rgb', interpolate=True, lineColor='black', lineColorSpace='named', lineWidth=1.5, name='unnamed Line', opacity=1.0, ori=array(0.), pos=array([0., 0.]), size=array([1., 1.]), units='pix', vertices=array([[-0.5, -0.5],
       [ 0.5,  0.5]]), win=Window(...), windingRule=None)
4.5339 	EXP 	Created unnamed Line = Line(__class__=<class 'psychopy.visual.line.Line'>, autoDraw=False, autoLog=True, closeShape=False, contrast=1.0, depth=0, fillColor=None, fillColorSpace='rgb', interpolate=True, lineColor='black', lineColorSpace='named', lineWidth=1.5, name='unnamed Line', opacity=1.0, ori=array(0.), pos=array([0., 0.]), size=array([1., 1.]), units='pix', vertices=array([[-0.5, -0.5],
       [ 0.5,  0.5]]), win=Window(...), windingRule=None)
4.5447 	EXP 	Created unnamed ImageStim = ImageStim(__class__=<class 'psychopy.visual.image.ImageStim'>, autoLog=True, color=array([1., 1., 1.]), colorSpace='rgb', contrast=1.0, depth=0, flipHoriz=False, flipVert=False, image='images/24_11.png', interpolate=True, mask=None, maskParams=None, name='unnamed ImageStim', opacity=1.0, ori=0.0, pos=array([-500., -150.]), size=array([30., 30.]), texRes=128, units='pix', win=Window(...))
4.5538 	EXP 	Created unnamed ImageStim = ImageStim(__class__=<class 'psychopy.visual.image.ImageStim'>, autoLog=True, color=array([1., 1., 1.]), colorSpace='rgb', contrast=1.0, depth=0, flipHoriz=False, flipVert=False, image='images/8_11.png', interpolate=True, mask=None, maskParams=None, name='unnamed ImageStim', opacity=1.0, ori=0.0, pos=array([-400., -150.]), size=array([30., 30.]), texRes=128, units='pix', win=Window(...))
4.5633 	EXP 	Created unnamed ImageStim = ImageStim(__class__=<class 'psychopy.visual.image.ImageStim'>, autoLog=True, color=array([1., 1., 1.]), colorSpace='rgb', contrast=1.0, depth=0, flipHoriz=False, flipVert=False, image='images/10_11.png', interpolate=True, mask=None, maskParams=None, name='unnamed ImageStim', opacity=1.0, ori=0.0, pos=array([-500., -250.]), size=array([30., 30.]), texRes=128, units='pix', win=Window(...))
4.5722 	EXP 	Created unnamed ImageStim = ImageStim(__class__=<class 'psychopy.visual.image.ImageStim'>, autoLog=True, color=array([1., 1., 1.]), colorSpace='rgb', contrast=1.0, depth=0, flipHoriz=False, flipVert=False, image='images/2_11.png', interpolate=True, mask=None, maskParams=None, name='unnamed ImageStim', opacity=1.0, ori=0.0, pos=array([-400., -250.]), size=array([30., 30.]), texRes=128, units='pix', win=Window(...))
4.5733 	EXP 	Created unnamed Line = Line(__class__=<class 'psychopy.visual.line.Line'>, autoDraw=False, autoLog=True, closeShape=False, contrast=1.0, depth=0, fillColor=None, fillColorSpace='rgb', interpolate=True, lineColor='black', lineColorSpace='named', lineWidth=1.5, name='unnamed Line', opacity=1.0, ori=array(0.), pos=array([0., 0.]), size=array([1., 1.]), units='pix', vertices=array([[-0.5, -0.5],
       [ 0.5,  0.5]]), win=Window(...), windingRule=None)
4.5744 	EXP 	Created unnamed Line = Line(__class__=<class 'psychopy.visual.line.Line'>, autoDraw=False, autoLog=True, closeShape=False, contrast=1.0, depth=0, fillColor=None, fillColorSpace='rgb', interpolate=True, lineColor='black', lineColorSpace='named', lineWidth=1.5, name='unnamed Line', opacity=1.0, ori=array(0.), pos=array([0., 0.]), size=array([1., 1.]), units='pix', vertices=array([[-0.5, -0.5],
       [ 0.5,  0.5]]), win=Window(...), windingRule=None)
4.5755 	EXP 	Created unnamed Line = Line(__class__=<class 'psychopy.visual.line.Line'>, autoDraw=False, autoLog=True, closeShape=False, contrast=1.0, depth=0, fillColor=None, fillColorSpace='rgb', interpolate=True, lineColor='black', lineColorSpace='named', lineWidth=1.5, name='unnamed Line', opacity=1.0, ori=array(0.), pos=array([0., 0.]), size=array([1., 1.]), units='pix', vertices=array([[-0.5, -0.5],
       [ 0.5,  0.5]]), win=Window(...), windingRule=None)
4.5772 	EXP 	Created unnamed Line = Line(__class__=<class 'psychopy.visual.line.Line'>, autoDraw=False, autoLog=True, closeShape=False, contrast=1.0, depth=0, fillColor=None, fillColorSpace='rgb', interpolate=True, lineColor='black', lineColorSpace='named', lineWidth=1.5, name='unnamed Line', opacity=1.0, ori=array(0.), pos=array([0., 0.]), size=array([1., 1.]), units='pix', vertices=array([[-0.5, -0.5],
       [ 0.5,  0.5]]), win=Window(...), windingRule=None)
4.5783 	EXP 	Created unnamed Line = Line(__class__=<class 'psychopy.visual.line.Line'>, autoDraw=False, autoLog=True, closeShape=False, contrast=1.0, depth=0, fillColor=None, fillColorSpace='rgb', interpolate=True, lineColor='black', lineColorSpace='named', lineWidth=1.5, name='unnamed Line', opacity=1.0, ori=array(0.), pos=array([0., 0.]), size=array([1., 1.]), units='pix', vertices=array([[-0.5, -0.5],
       [ 0.5,  0.5]]), win=Window(...), windingRule=None)
4.5793 	EXP 	Created unnamed Line = Line(__class__=<class 'psychopy.visual.line.Line'>, autoDraw=False, autoLog=True, closeShape=False, contrast=1.0, depth=0, fillColor=None, fillColorSpace='rgb', interpolate=True, lineColor='black', lineColorSpace='named', lineWidth=1.5, name='unnamed Line', opacity=1.0, ori=array(0.), pos=array([0., 0.]), size=array([1., 1.]), units='pix', vertices=array([[-0.5, -0.5],
       [ 0.5,  0.5]]), win=Window(...), windingRule=None)
4.5809 	EXP 	Created unnamed Line = Line(__class__=<class 'psychopy.visual.line.Line'>, autoDraw=False, autoLog=True, closeShape=False, contrast=1.0, depth=0, fillColor=None, fillColorSpace='rgb', interpolate=True, lineColor='black', lineColorSpace='named', lineWidth=1.5, name='unnamed Line', opacity=1.0, ori=array(0.), pos=array([0., 0.]), size=array([1., 1.]), units='pix', vertices=array([[-0.5, -0.5],
       [ 0.5,  0.5]]), win=Window(...), windingRule=None)
4.5820 	EXP 	Created unnamed Line = Line(__class__=<class 'psychopy.visual.line.Line'>, autoDraw=False, autoLog=True, closeShape=False, contrast=1.0, depth=0, fillColor=None, fillColorSpace='rgb', interpolate=True, lineColor='black', lineColorSpace='named', lineWidth=1.5, name='unnamed Line', opacity=1.0, ori=array(0.), pos=array([0., 0.]), size=array([1., 1.]), units='pix', vertices=array([[-0.5, -0.5],
       [ 0.5,  0.5]]), win=Window(...), windingRule=None)
4.5836 	EXP 	Created unnamed Line = Line(__class__=<class 'psychopy.visual.line.Line'>, autoDraw=False, autoLog=True, closeShape=False, contrast=1.0, depth=0, fillColor=None, fillColorSpace='rgb', interpolate=True, lineColor='black', lineColorSpace='named', lineWidth=1.5, name='unnamed Line', opacity=1.0, ori=array(0.), pos=array([0., 0.]), size=array([1., 1.]), units='pix', vertices=array([[-0.5, -0.5],
       [ 0.5,  0.5]]), win=Window(...), windingRule=None)
4.5944 	EXP 	Created unnamed ImageStim = ImageStim(__class__=<class 'psychopy.visual.image.ImageStim'>, autoLog=True, color=array([1., 1., 1.]), colorSpace='rgb', contrast=1.0, depth=0, flipHoriz=False, flipVert=False, image='images/2_11.png', interpolate=True, mask=None, maskParams=None, name='unnamed ImageStim', opacity=1.0, ori=0.0, pos=array([-200., -150.]), size=array([30., 30.]), texRes=128, units='pix', win=Window(...))
4.6048 	EXP 	Created unnamed ImageStim = ImageStim(__class__=<class 'psychopy.visual.image.ImageStim'>, autoLog=True, color=array([1., 1., 1.]), colorSpace='rgb', contrast=1.0, depth=0, flipHoriz=False, flipVert=False, image='images/10_11.png', interpolate=True, mask=None, maskParams=None, name='unnamed ImageStim', opacity=1.0, ori=0.0, pos=array([-100., -150.]), size=array([30., 30.]), texRes=128, units='pix', win=Window(...))
4.6138 	EXP 	Created unnamed ImageStim = ImageStim(__class__=<class 'psychopy.visual.image.ImageStim'>, autoLog=True, color=array([1., 1., 1.]), colorSpace='rgb', contrast=1.0, depth=0, flipHoriz=False, flipVert=False, image='images/24_11.png', interpolate=True, mask=None, maskParams=None, name='unnamed ImageStim', opacity=1.0, ori=0.0, pos=array([-200., -250.]), size=array([30., 30.]), texRes=128, units='pix', win=Window(...))
4.6249 	EXP 	Created unnamed ImageStim = ImageStim(__class__=<class 'psychopy.visual.image.ImageStim'>, autoLog=True, color=array([1., 1., 1.]), colorSpace='rgb', contrast=1.0, depth=0, flipHoriz=False, flipVert=False, image='images/8_11.png', interpolate=True, mask=None, maskParams=None, name='unnamed ImageStim', opacity=1.0, ori=0.0, pos=array([-100., -250.]), size=array([30., 30.]), texRes=128, units='pix', win=Window(...))
4.6260 	EXP 	Created unnamed Line = Line(__class__=<class 'psychopy.visual.line.Line'>, autoDraw=False, autoLog=True, closeShape=False, contrast=1.0, depth=0, fillColor=None, fillColorSpace='rgb', interpolate=True, lineColor='black', lineColorSpace='named', lineWidth=1.5, name='unnamed Line', opacity=1.0, ori=array(0.), pos=array([0., 0.]), size=array([1., 1.]), units='pix', vertices=array([[-0.5, -0.5],
       [ 0.5,  0.5]]), win=Window(...), windingRule=None)
4.6270 	EXP 	Created unnamed Line = Line(__class__=<class 'psychopy.visual.line.Line'>, autoDraw=False, autoLog=True, closeShape=False, contrast=1.0, depth=0, fillColor=None, fillColorSpace='rgb', interpolate=True, lineColor='black', lineColorSpace='named', lineWidth=1.5, name='unnamed Line', opacity=1.0, ori=array(0.), pos=array([0., 0.]), size=array([1., 1.]), units='pix', vertices=array([[-0.5, -0.5],
       [ 0.5,  0.5]]), win=Window(...), windingRule=None)
4.6282 	EXP 	Created unnamed Line = Line(__class__=<class 'psychopy.visual.line.Line'>, autoDraw=False, autoLog=True, closeShape=False, contrast=1.0, depth=0, fillColor=None, fillColorSpace='rgb', interpolate=True, lineColor='black', lineColorSpace='named', lineWidth=1.5, name='unnamed Line', opacity=1.0, ori=array(0.), pos=array([0., 0.]), size=array([1., 1.]), units='pix', vertices=array([[-0.5, -0.5],
       [ 0.5,  0.5]]), win=Window(...), windingRule=None)
4.6297 	EXP 	Created unnamed Line = Line(__class__=<class 'psychopy.visual.line.Line'>, autoDraw=False, autoLog=True, closeShape=False, contrast=1.0, depth=0, fillColor=None, fillColorSpace='rgb', interpolate=True, lineColor='black', lineColorSpace='named', lineWidth=1.5, name='unnamed Line', opacity=1.0, ori=array(0.), pos=array([0., 0.]), size=array([1., 1.]), units='pix', vertices=array([[-0.5, -0.5],
       [ 0.5,  0.5]]), win=Window(...), windingRule=None)
4.6307 	EXP 	Created unnamed Line = Line(__class__=<class 'psychopy.visual.line.Line'>, autoDraw=False, autoLog=True, closeShape=False, contrast=1.0, depth=0, fillColor=None, fillColorSpace='rgb', interpolate=True, lineColor='black', lineColorSpace='named', lineWidth=1.5, name='unnamed Line', opacity=1.0, ori=array(0.), pos=array([0., 0.]), size=array([1., 1.]), units='pix', vertices=array([[-0.5, -0.5],
       [ 0.5,  0.5]]), win=Window(...), windingRule=None)
4.6317 	EXP 	Created unnamed Line = Line(__class__=<class 'psychopy.visual.line.Line'>, autoDraw=False, autoLog=True, closeShape=False, contrast=1.0, depth=0, fillColor=None, fillColorSpace='rgb', interpolate=True, lineColor='black', lineColorSpace='named', lineWidth=1.5, name='unnamed Line', opacity=1.0, ori=array(0.), pos=array([0., 0.]), size=array([1., 1.]), units='pix', vertices=array([[-0.5, -0.5],
       [ 0.5,  0.5]]), win=Window(...), windingRule=None)
4.6339 	EXP 	Created unnamed Line = Line(__class__=<class 'psychopy.visual.line.Line'>, autoDraw=False, autoLog=True, closeShape=False, contrast=1.0, depth=0, fillColor=None, fillColorSpace='rgb', interpolate=True, lineColor='black', lineColorSpace='named', lineWidth=1.5, name='unnamed Line', opacity=1.0, ori=array(0.), pos=array([0., 0.]), size=array([1., 1.]), units='pix', vertices=array([[-0.5, -0.5],
       [ 0.5,  0.5]]), win=Window(...), windingRule=None)
4.6357 	EXP 	Created unnamed Line = Line(__class__=<class 'psychopy.visual.line.Line'>, autoDraw=False, autoLog=True, closeShape=False, contrast=1.0, depth=0, fillColor=None, fillColorSpace='rgb', interpolate=True, lineColor='black', lineColorSpace='named', lineWidth=1.5, name='unnamed Line', opacity=1.0, ori=array(0.), pos=array([0., 0.]), size=array([1., 1.]), units='pix', vertices=array([[-0.5, -0.5],
       [ 0.5,  0.5]]), win=Window(...), windingRule=None)
4.6368 	EXP 	Created unnamed Line = Line(__class__=<class 'psychopy.visual.line.Line'>, autoDraw=False, autoLog=True, closeShape=False, contrast=1.0, depth=0, fillColor=None, fillColorSpace='rgb', interpolate=True, lineColor='black', lineColorSpace='named', lineWidth=1.5, name='unnamed Line', opacity=1.0, ori=array(0.), pos=array([0., 0.]), size=array([1., 1.]), units='pix', vertices=array([[-0.5, -0.5],
       [ 0.5,  0.5]]), win=Window(...), windingRule=None)
4.6467 	EXP 	Created unnamed ImageStim = ImageStim(__class__=<class 'psychopy.visual.image.ImageStim'>, autoLog=True, color=array([1., 1., 1.]), colorSpace='rgb', contrast=1.0, depth=0, flipHoriz=False, flipVert=False, image='images/24_11.png', interpolate=True, mask=None, maskParams=None, name='unnamed ImageStim', opacity=1.0, ori=0.0, pos=array([ 100., -150.]), size=array([30., 30.]), texRes=128, units='pix', win=Window(...))
4.6576 	EXP 	Created unnamed ImageStim = ImageStim(__class__=<class 'psychopy.visual.image.ImageStim'>, autoLog=True, color=array([1., 1., 1.]), colorSpace='rgb', contrast=1.0, depth=0, flipHoriz=False, flipVert=False, image='images/10_11.png', interpolate=True, mask=None, maskParams=None, name='unnamed ImageStim', opacity=1.0, ori=0.0, pos=array([ 200., -150.]), size=array([30., 30.]), texRes=128, units='pix', win=Window(...))
4.6662 	EXP 	Created unnamed ImageStim = ImageStim(__class__=<class 'psychopy.visual.image.ImageStim'>, autoLog=True, color=array([1., 1., 1.]), colorSpace='rgb', contrast=1.0, depth=0, flipHoriz=False, flipVert=False, image='images/2_11.png', interpolate=True, mask=None, maskParams=None, name='unnamed ImageStim', opacity=1.0, ori=0.0, pos=array([ 100., -250.]), size=array([30., 30.]), texRes=128, units='pix', win=Window(...))
4.6760 	EXP 	Created unnamed ImageStim = ImageStim(__class__=<class 'psychopy.visual.image.ImageStim'>, autoLog=True, color=array([1., 1., 1.]), colorSpace='rgb', contrast=1.0, depth=0, flipHoriz=False, flipVert=False, image='images/8_11.png', interpolate=True, mask=None, maskParams=None, name='unnamed ImageStim', opacity=1.0, ori=0.0, pos=array([ 200., -250.]), size=array([30., 30.]), texRes=128, units='pix', win=Window(...))
4.6771 	EXP 	Created unnamed Line = Line(__class__=<class 'psychopy.visual.line.Line'>, autoDraw=False, autoLog=True, closeShape=False, contrast=1.0, depth=0, fillColor=None, fillColorSpace='rgb', interpolate=True, lineColor='black', lineColorSpace='named', lineWidth=1.5, name='unnamed Line', opacity=1.0, ori=array(0.), pos=array([0., 0.]), size=array([1., 1.]), units='pix', vertices=array([[-0.5, -0.5],
       [ 0.5,  0.5]]), win=Window(...), windingRule=None)
4.6782 	EXP 	Created unnamed Line = Line(__class__=<class 'psychopy.visual.line.Line'>, autoDraw=False, autoLog=True, closeShape=False, contrast=1.0, depth=0, fillColor=None, fillColorSpace='rgb', interpolate=True, lineColor='black', lineColorSpace='named', lineWidth=1.5, name='unnamed Line', opacity=1.0, ori=array(0.), pos=array([0., 0.]), size=array([1., 1.]), units='pix', vertices=array([[-0.5, -0.5],
       [ 0.5,  0.5]]), win=Window(...), windingRule=None)
4.6792 	EXP 	Created unnamed Line = Line(__class__=<class 'psychopy.visual.line.Line'>, autoDraw=False, autoLog=True, closeShape=False, contrast=1.0, depth=0, fillColor=None, fillColorSpace='rgb', interpolate=True, lineColor='black', lineColorSpace='named', lineWidth=1.5, name='unnamed Line', opacity=1.0, ori=array(0.), pos=array([0., 0.]), size=array([1., 1.]), units='pix', vertices=array([[-0.5, -0.5],
       [ 0.5,  0.5]]), win=Window(...), windingRule=None)
4.6808 	EXP 	Created unnamed Line = Line(__class__=<class 'psychopy.visual.line.Line'>, autoDraw=False, autoLog=True, closeShape=False, contrast=1.0, depth=0, fillColor=None, fillColorSpace='rgb', interpolate=True, lineColor='black', lineColorSpace='named', lineWidth=1.5, name='unnamed Line', opacity=1.0, ori=array(0.), pos=array([0., 0.]), size=array([1., 1.]), units='pix', vertices=array([[-0.5, -0.5],
       [ 0.5,  0.5]]), win=Window(...), windingRule=None)
4.6818 	EXP 	Created unnamed Line = Line(__class__=<class 'psychopy.visual.line.Line'>, autoDraw=False, autoLog=True, closeShape=False, contrast=1.0, depth=0, fillColor=None, fillColorSpace='rgb', interpolate=True, lineColor='black', lineColorSpace='named', lineWidth=1.5, name='unnamed Line', opacity=1.0, ori=array(0.), pos=array([0., 0.]), size=array([1., 1.]), units='pix', vertices=array([[-0.5, -0.5],
       [ 0.5,  0.5]]), win=Window(...), windingRule=None)
4.6829 	EXP 	Created unnamed Line = Line(__class__=<class 'psychopy.visual.line.Line'>, autoDraw=False, autoLog=True, closeShape=False, contrast=1.0, depth=0, fillColor=None, fillColorSpace='rgb', interpolate=True, lineColor='black', lineColorSpace='named', lineWidth=1.5, name='unnamed Line', opacity=1.0, ori=array(0.), pos=array([0., 0.]), size=array([1., 1.]), units='pix', vertices=array([[-0.5, -0.5],
       [ 0.5,  0.5]]), win=Window(...), windingRule=None)
4.6846 	EXP 	Created unnamed Line = Line(__class__=<class 'psychopy.visual.line.Line'>, autoDraw=False, autoLog=True, closeShape=False, contrast=1.0, depth=0, fillColor=None, fillColorSpace='rgb', interpolate=True, lineColor='black', lineColorSpace='named', lineWidth=1.5, name='unnamed Line', opacity=1.0, ori=array(0.), pos=array([0., 0.]), size=array([1., 1.]), units='pix', vertices=array([[-0.5, -0.5],
       [ 0.5,  0.5]]), win=Window(...), windingRule=None)
4.6858 	EXP 	Created unnamed Line = Line(__class__=<class 'psychopy.visual.line.Line'>, autoDraw=False, autoLog=True, closeShape=False, contrast=1.0, depth=0, fillColor=None, fillColorSpace='rgb', interpolate=True, lineColor='black', lineColorSpace='named', lineWidth=1.5, name='unnamed Line', opacity=1.0, ori=array(0.), pos=array([0., 0.]), size=array([1., 1.]), units='pix', vertices=array([[-0.5, -0.5],
       [ 0.5,  0.5]]), win=Window(...), windingRule=None)
4.6869 	EXP 	Created unnamed Line = Line(__class__=<class 'psychopy.visual.line.Line'>, autoDraw=False, autoLog=True, closeShape=False, contrast=1.0, depth=0, fillColor=None, fillColorSpace='rgb', interpolate=True, lineColor='black', lineColorSpace='named', lineWidth=1.5, name='unnamed Line', opacity=1.0, ori=array(0.), pos=array([0., 0.]), size=array([1., 1.]), units='pix', vertices=array([[-0.5, -0.5],
       [ 0.5,  0.5]]), win=Window(...), windingRule=None)
4.6963 	EXP 	Created unnamed ImageStim = ImageStim(__class__=<class 'psychopy.visual.image.ImageStim'>, autoLog=True, color=array([1., 1., 1.]), colorSpace='rgb', contrast=1.0, depth=0, flipHoriz=False, flipVert=False, image='images/10_11.png', interpolate=True, mask=None, maskParams=None, name='unnamed ImageStim', opacity=1.0, ori=0.0, pos=array([ 400., -150.]), size=array([30., 30.]), texRes=128, units='pix', win=Window(...))
4.7070 	EXP 	Created unnamed ImageStim = ImageStim(__class__=<class 'psychopy.visual.image.ImageStim'>, autoLog=True, color=array([1., 1., 1.]), colorSpace='rgb', contrast=1.0, depth=0, flipHoriz=False, flipVert=False, image='images/24_11.png', interpolate=True, mask=None, maskParams=None, name='unnamed ImageStim', opacity=1.0, ori=0.0, pos=array([ 500., -150.]), size=array([30., 30.]), texRes=128, units='pix', win=Window(...))
4.7169 	EXP 	Created unnamed ImageStim = ImageStim(__class__=<class 'psychopy.visual.image.ImageStim'>, autoLog=True, color=array([1., 1., 1.]), colorSpace='rgb', contrast=1.0, depth=0, flipHoriz=False, flipVert=False, image='images/2_11.png', interpolate=True, mask=None, maskParams=None, name='unnamed ImageStim', opacity=1.0, ori=0.0, pos=array([ 400., -250.]), size=array([30., 30.]), texRes=128, units='pix', win=Window(...))
4.7281 	EXP 	Created unnamed ImageStim = ImageStim(__class__=<class 'psychopy.visual.image.ImageStim'>, autoLog=True, color=array([1., 1., 1.]), colorSpace='rgb', contrast=1.0, depth=0, flipHoriz=False, flipVert=False, image='images/8_11.png', interpolate=True, mask=None, maskParams=None, name='unnamed ImageStim', opacity=1.0, ori=0.0, pos=array([ 500., -250.]), size=array([30., 30.]), texRes=128, units='pix', win=Window(...))
4.7297 	EXP 	Created unnamed Line = Line(__class__=<class 'psychopy.visual.line.Line'>, autoDraw=False, autoLog=True, closeShape=False, contrast=1.0, depth=0, fillColor=None, fillColorSpace='rgb', interpolate=True, lineColor='black', lineColorSpace='named', lineWidth=1.5, name='unnamed Line', opacity=1.0, ori=array(0.), pos=array([0., 0.]), size=array([1., 1.]), units='pix', vertices=array([[-0.5, -0.5],
       [ 0.5,  0.5]]), win=Window(...), windingRule=None)
4.7312 	EXP 	Created unnamed Line = Line(__class__=<class 'psychopy.visual.line.Line'>, autoDraw=False, autoLog=True, closeShape=False, contrast=1.0, depth=0, fillColor=None, fillColorSpace='rgb', interpolate=True, lineColor='black', lineColorSpace='named', lineWidth=1.5, name='unnamed Line', opacity=1.0, ori=array(0.), pos=array([0., 0.]), size=array([1., 1.]), units='pix', vertices=array([[-0.5, -0.5],
       [ 0.5,  0.5]]), win=Window(...), windingRule=None)
4.7325 	EXP 	Created unnamed Line = Line(__class__=<class 'psychopy.visual.line.Line'>, autoDraw=False, autoLog=True, closeShape=False, contrast=1.0, depth=0, fillColor=None, fillColorSpace='rgb', interpolate=True, lineColor='black', lineColorSpace='named', lineWidth=1.5, name='unnamed Line', opacity=1.0, ori=array(0.), pos=array([0., 0.]), size=array([1., 1.]), units='pix', vertices=array([[-0.5, -0.5],
       [ 0.5,  0.5]]), win=Window(...), windingRule=None)
4.7346 	EXP 	Created unnamed Line = Line(__class__=<class 'psychopy.visual.line.Line'>, autoDraw=False, autoLog=True, closeShape=False, contrast=1.0, depth=0, fillColor=None, fillColorSpace='rgb', interpolate=True, lineColor='black', lineColorSpace='named', lineWidth=1.5, name='unnamed Line', opacity=1.0, ori=array(0.), pos=array([0., 0.]), size=array([1., 1.]), units='pix', vertices=array([[-0.5, -0.5],
       [ 0.5,  0.5]]), win=Window(...), windingRule=None)
4.7357 	EXP 	Created unnamed Line = Line(__class__=<class 'psychopy.visual.line.Line'>, autoDraw=False, autoLog=True, closeShape=False, contrast=1.0, depth=0, fillColor=None, fillColorSpace='rgb', interpolate=True, lineColor='black', lineColorSpace='named', lineWidth=1.5, name='unnamed Line', opacity=1.0, ori=array(0.), pos=array([0., 0.]), size=array([1., 1.]), units='pix', vertices=array([[-0.5, -0.5],
       [ 0.5,  0.5]]), win=Window(...), windingRule=None)
4.7369 	EXP 	Created unnamed Line = Line(__class__=<class 'psychopy.visual.line.Line'>, autoDraw=False, autoLog=True, closeShape=False, contrast=1.0, depth=0, fillColor=None, fillColorSpace='rgb', interpolate=True, lineColor='black', lineColorSpace='named', lineWidth=1.5, name='unnamed Line', opacity=1.0, ori=array(0.), pos=array([0., 0.]), size=array([1., 1.]), units='pix', vertices=array([[-0.5, -0.5],
       [ 0.5,  0.5]]), win=Window(...), windingRule=None)
4.7384 	EXP 	Created unnamed Line = Line(__class__=<class 'psychopy.visual.line.Line'>, autoDraw=False, autoLog=True, closeShape=False, contrast=1.0, depth=0, fillColor=None, fillColorSpace='rgb', interpolate=True, lineColor='black', lineColorSpace='named', lineWidth=1.5, name='unnamed Line', opacity=1.0, ori=array(0.), pos=array([0., 0.]), size=array([1., 1.]), units='pix', vertices=array([[-0.5, -0.5],
       [ 0.5,  0.5]]), win=Window(...), windingRule=None)
4.7396 	EXP 	Created unnamed Line = Line(__class__=<class 'psychopy.visual.line.Line'>, autoDraw=False, autoLog=True, closeShape=False, contrast=1.0, depth=0, fillColor=None, fillColorSpace='rgb', interpolate=True, lineColor='black', lineColorSpace='named', lineWidth=1.5, name='unnamed Line', opacity=1.0, ori=array(0.), pos=array([0., 0.]), size=array([1., 1.]), units='pix', vertices=array([[-0.5, -0.5],
       [ 0.5,  0.5]]), win=Window(...), windingRule=None)
4.7407 	EXP 	Created unnamed Line = Line(__class__=<class 'psychopy.visual.line.Line'>, autoDraw=False, autoLog=True, closeShape=False, contrast=1.0, depth=0, fillColor=None, fillColorSpace='rgb', interpolate=True, lineColor='black', lineColorSpace='named', lineWidth=1.5, name='unnamed Line', opacity=1.0, ori=array(0.), pos=array([0., 0.]), size=array([1., 1.]), units='pix', vertices=array([[-0.5, -0.5],
       [ 0.5,  0.5]]), win=Window(...), windingRule=None)
4.7879 	EXP 	unnamed Line: start = [-50.0, 70.0]
4.7879 	EXP 	unnamed Line: end = [-50.0, 130.0]
4.7879 	EXP 	unnamed Line: start = [-40.0, 120.0]
4.7879 	EXP 	unnamed Line: end = [-50.0, 130.0]
4.7879 	EXP 	unnamed Line: start = [-60.0, 120.0]
4.7879 	EXP 	unnamed Line: end = [-50.0, 130.0]
4.7879 	EXP 	unnamed Line: start = [-30.0, 50.0]
4.7879 	EXP 	unnamed Line: end = [30.0, 50.0]
4.7879 	EXP 	unnamed Line: start = [20.0, 40.0]
4.7879 	EXP 	unnamed Line: end = [30.0, 50.0]
4.7879 	EXP 	unnamed Line: start = [20.0, 60.0]
4.7879 	EXP 	unnamed Line: end = [30.0, 50.0]
4.7879 	EXP 	unnamed Line: start = [50.0, 70.0]
4.7879 	EXP 	unnamed Line: end = [50.0, 130.0]
4.7879 	EXP 	unnamed Line: start = [60.0, 120.0]
4.7879 	EXP 	unnamed Line: end = [50.0, 130.0]
4.7879 	EXP 	unnamed Line: start = [40.0, 120.0]
4.7879 	EXP 	unnamed Line: end = [50.0, 130.0]
4.7879 	EXP 	unnamed Line: start = [-485.0, -235.0]
4.7879 	EXP 	unnamed Line: end = [-415.0, -165.0]
4.7879 	EXP 	unnamed Line: start = [-415.0, -179.14213562373095]
4.7879 	EXP 	unnamed Line: end = [-415.0, -165.0]
4.7879 	EXP 	unnamed Line: start = [-429.14213562373095, -165.0]
4.7879 	EXP 	unnamed Line: end = [-415.0, -165.0]
4.7879 	EXP 	unnamed Line: start = [-415.0, -250.0]
4.7879 	EXP 	unnamed Line: end = [-485.0, -250.0]
4.7879 	EXP 	unnamed Line: start = [-475.0, -240.0]
4.7879 	EXP 	unnamed Line: end = [-485.0, -250.0]
4.7879 	EXP 	unnamed Line: start = [-475.0, -260.0]
4.7879 	EXP 	unnamed Line: end = [-485.0, -250.0]
4.7879 	EXP 	unnamed Line: start = [-415.0, -235.0]
4.7879 	EXP 	unnamed Line: end = [-485.0, -165.0]
4.7879 	EXP 	unnamed Line: start = [-470.85786437626905, -165.0]
4.7879 	EXP 	unnamed Line: end = [-485.0, -165.0]
4.7879 	EXP 	unnamed Line: start = [-485.0, -179.14213562373095]
4.7879 	EXP 	unnamed Line: end = [-485.0, -165.0]
4.7879 	EXP 	unnamed Line: start = [-100.0, -165.0]
4.7879 	EXP 	unnamed Line: end = [-100.0, -235.0]
4.7879 	EXP 	unnamed Line: start = [-110.0, -225.0]
4.7879 	EXP 	unnamed Line: end = [-100.0, -235.0]
4.7879 	EXP 	unnamed Line: start = [-90.0, -225.0]
4.7879 	EXP 	unnamed Line: end = [-100.0, -235.0]
4.7879 	EXP 	unnamed Line: start = [-115.0, -150.0]
4.7879 	EXP 	unnamed Line: end = [-185.0, -150.0]
4.7879 	EXP 	unnamed Line: start = [-175.0, -140.0]
4.7879 	EXP 	unnamed Line: end = [-185.0, -150.0]
4.7879 	EXP 	unnamed Line: start = [-175.0, -160.0]
4.7879 	EXP 	unnamed Line: end = [-185.0, -150.0]
4.7879 	EXP 	unnamed Line: start = [-200.0, -165.0]
4.7879 	EXP 	unnamed Line: end = [-200.0, -235.0]
4.7879 	EXP 	unnamed Line: start = [-210.0, -225.0]
4.7879 	EXP 	unnamed Line: end = [-200.0, -235.0]
4.7879 	EXP 	unnamed Line: start = [-190.0, -225.0]
4.7879 	EXP 	unnamed Line: end = [-200.0, -235.0]
4.7879 	EXP 	unnamed Line: start = [200.0, -165.0]
4.7879 	EXP 	unnamed Line: end = [200.0, -235.0]
4.7879 	EXP 	unnamed Line: start = [190.0, -225.0]
4.7879 	EXP 	unnamed Line: end = [200.0, -235.0]
4.7879 	EXP 	unnamed Line: start = [210.0, -225.0]
4.7879 	EXP 	unnamed Line: end = [200.0, -235.0]
4.7879 	EXP 	unnamed Line: start = [185.0, -165.0]
4.7879 	EXP 	unnamed Line: end = [115.0, -235.0]
4.7879 	EXP 	unnamed Line: start = [115.0, -220.85786437626905]
4.7879 	EXP 	unnamed Line: end = [115.0, -235.0]
4.7879 	EXP 	unnamed Line: start = [129.14213562373095, -235.0]
4.7879 	EXP 	unnamed Line: end = [115.0, -235.0]
4.7879 	EXP 	unnamed Line: start = [100.0, -235.0]
4.7879 	EXP 	unnamed Line: end = [100.0, -165.0]
4.7879 	EXP 	unnamed Line: start = [110.0, -175.0]
4.7879 	EXP 	unnamed Line: end = [100.0, -165.0]
4.7879 	EXP 	unnamed Line: start = [90.0, -175.0]
4.7879 	EXP 	unnamed Line: end = [100.0, -165.0]
4.7879 	EXP 	unnamed Line: start = [485.0, -235.0]
4.7879 	EXP 	unnamed Line: end = [415.0, -165.0]
4.7879 	EXP 	unnamed Line: start = [429.14213562373095, -165.0]
4.7879 	EXP 	unnamed Line: end = [415.0, -165.0]
4.7879 	EXP 	unnamed Line: start = [415.0, -179.14213562373095]
4.7879 	EXP 	unnamed Line: end = [415.0, -165.0]
4.7879 	EXP 	unnamed Line: start = [400.0, -165.0]
4.7879 	EXP 	unnamed Line: end = [400.0, -235.0]
4.7879 	EXP 	unnamed Line: start = [390.0, -225.0]
4.7879 	EXP 	unnamed Line: end = [400.0, -235.0]
4.7879 	EXP 	unnamed Line: start = [410.0, -225.0]
4.7879 	EXP 	unnamed Line: end = [400.0, -235.0]
4.7879 	EXP 	unnamed Line: start = [415.0, -235.0]
4.7879 	EXP 	unnamed Line: end = [485.0, -165.0]
4.7879 	EXP 	unnamed Line: start = [485.0, -179.14213562373095]
4.7879 	EXP 	unnamed Line: end = [485.0, -165.0]
4.7879 	EXP 	unnamed Line: start = [470.85786437626905, -165.0]
4.7879 	EXP 	unnamed Line: end = [485.0, -165.0]
4.7879 	EXP 	unnamed ImageStim: autoDraw = True
4.7879 	EXP 	unnamed ImageStim: autoDraw = True
4.7879 	EXP 	unnamed ImageStim: autoDraw = True
4.7879 	EXP 	unnamed ImageStim: autoDraw = True
4.7879 	EXP 	unnamed Line: autoDraw = True
4.7879 	EXP 	unnamed Line: autoDraw = True
4.7879 	EXP 	unnamed Line: autoDraw = True
4.7879 	EXP 	unnamed Line: autoDraw = True
4.7879 	EXP 	unnamed Line: autoDraw = True
4.7879 	EXP 	unnamed Line: autoDraw = True
4.7879 	EXP 	unnamed Line: autoDraw = True
4.7879 	EXP 	unnamed Line: autoDraw = True
4.7879 	EXP 	unnamed Line: autoDraw = True
4.7879 	EXP 	unnamed ImageStim: autoDraw = True
4.7879 	EXP 	unnamed ImageStim: autoDraw = True
4.7879 	EXP 	unnamed ImageStim: autoDraw = True
4.7879 	EXP 	unnamed ImageStim: autoDraw = True
4.7879 	EXP 	unnamed Line: autoDraw = True
4.7879 	EXP 	unnamed Line: autoDraw = True
4.7879 	EXP 	unnamed Line: autoDraw = True
4.7879 	EXP 	unnamed Line: autoDraw = True
4.7879 	EXP 	unnamed Line: autoDraw = True
4.7879 	EXP 	unnamed Line: autoDraw = True
4.7879 	EXP 	unnamed Line: autoDraw = True
4.7879 	EXP 	unnamed Line: autoDraw = True
4.7879 	EXP 	unnamed Line: autoDraw = True
4.7879 	EXP 	unnamed ImageStim: autoDraw = True
4.7879 	EXP 	unnamed ImageStim: autoDraw = True
4.7879 	EXP 	unnamed ImageStim: autoDraw = True
4.7879 	EXP 	unnamed ImageStim: autoDraw = True
4.7879 	EXP 	unnamed Line: autoDraw = True
4.7879 	EXP 	unnamed Line: autoDraw = True
4.7879 	EXP 	unnamed Line: autoDraw = True
4.7879 	EXP 	unnamed Line: autoDraw = True
4.7879 	EXP 	unnamed Line: autoDraw = True
4.7879 	EXP 	unnamed Line: autoDraw = True
4.7879 	EXP 	unnamed Line: autoDraw = True
4.7879 	EXP 	unnamed Line: autoDraw = True
4.7879 	EXP 	unnamed Line: autoDraw = True
4.7879 	EXP 	unnamed ImageStim: autoDraw = True
4.7879 	EXP 	unnamed ImageStim: autoDraw = True
4.7879 	EXP 	unnamed ImageStim: autoDraw = True
4.7879 	EXP 	unnamed ImageStim: autoDraw = True
4.7879 	EXP 	unnamed Line: autoDraw = True
4.7879 	EXP 	unnamed Line: autoDraw = True
4.7879 	EXP 	unnamed Line: autoDraw = True
4.7879 	EXP 	unnamed Line: autoDraw = True
4.7879 	EXP 	unnamed Line: autoDraw = True
4.7879 	EXP 	unnamed Line: autoDraw = True
4.7879 	EXP 	unnamed Line: autoDraw = True
4.7879 	EXP 	unnamed Line: autoDraw = True
4.7879 	EXP 	unnamed Line: autoDraw = True
4.7879 	EXP 	unnamed ImageStim: autoDraw = True
4.7879 	EXP 	unnamed ImageStim: autoDraw = True
4.7879 	EXP 	unnamed ImageStim: autoDraw = True
4.7879 	EXP 	unnamed ImageStim: autoDraw = True
4.7879 	EXP 	unnamed Line: autoDraw = True
4.7879 	EXP 	unnamed Line: autoDraw = True
4.7879 	EXP 	unnamed Line: autoDraw = True
4.7879 	EXP 	unnamed Line: autoDraw = True
4.7879 	EXP 	unnamed Line: autoDraw = True
4.7879 	EXP 	unnamed Line: autoDraw = True
4.7879 	EXP 	unnamed Line: autoDraw = True
4.7879 	EXP 	unnamed Line: autoDraw = True
4.7879 	EXP 	unnamed Line: autoDraw = True
10.1542 	EXP 	unnamed ImageStim: autoDraw = False
10.1542 	EXP 	unnamed ImageStim: autoDraw = False
10.1542 	EXP 	unnamed ImageStim: autoDraw = False
10.1542 	EXP 	unnamed ImageStim: autoDraw = False
10.1542 	EXP 	unnamed Line: autoDraw = False
10.1542 	EXP 	unnamed Line: autoDraw = False
10.1542 	EXP 	unnamed Line: autoDraw = False
10.1542 	EXP 	unnamed Line: autoDraw = False
10.1542 	EXP 	unnamed Line: autoDraw = False
10.1542 	EXP 	unnamed Line: autoDraw = False
10.1542 	EXP 	unnamed Line: autoDraw = False
10.1542 	EXP 	unnamed Line: autoDraw = False
10.1542 	EXP 	unnamed Line: autoDraw = False
10.1542 	EXP 	unnamed ImageStim: autoDraw = False
10.1542 	EXP 	unnamed ImageStim: autoDraw = False
10.1542 	EXP 	unnamed ImageStim: autoDraw = False
10.1542 	EXP 	unnamed ImageStim: autoDraw = False
10.1542 	EXP 	unnamed Line: autoDraw = False
10.1542 	EXP 	unnamed Line: autoDraw = False
10.1542 	EXP 	unnamed Line: autoDraw = False
10.1542 	EXP 	unnamed Line: autoDraw = False
10.1542 	EXP 	unnamed Line: autoDraw = False
10.1542 	EXP 	unnamed Line: autoDraw = False
10.1542 	EXP 	unnamed Line: autoDraw = False
10.1542 	EXP 	unnamed Line: autoDraw = False
10.1542 	EXP 	unnamed Line: autoDraw = False
10.1542 	EXP 	unnamed ImageStim: autoDraw = False
10.1542 	EXP 	unnamed ImageStim: autoDraw = False
10.1542 	EXP 	unnamed ImageStim: autoDraw = False
10.1542 	EXP 	unnamed ImageStim: autoDraw = False
10.1542 	EXP 	unnamed Line: autoDraw = False
10.1542 	EXP 	unnamed Line: autoDraw = False
10.1542 	EXP 	unnamed Line: autoDraw = False
10.1542 	EXP 	unnamed Line: autoDraw = False
10.1542 	EXP 	unnamed Line: autoDraw = False
10.1542 	EXP 	unnamed Line: autoDraw = False
10.1542 	EXP 	unnamed Line: autoDraw = False
10.1542 	EXP 	unnamed Line: autoDraw = False
10.1542 	EXP 	unnamed Line: autoDraw = False
10.1542 	EXP 	unnamed ImageStim: autoDraw = False
10.1542 	EXP 	unnamed ImageStim: autoDraw = False
10.1542 	EXP 	unnamed ImageStim: autoDraw = False
10.1542 	EXP 	unnamed ImageStim: autoDraw = False
10.1542 	EXP 	unnamed Line: autoDraw = False
10.1542 	EXP 	unnamed Line: autoDraw = False
10.1542 	EXP 	unnamed Line: autoDraw = False
10.1542 	EXP 	unnamed Line: autoDraw = False
10.1542 	EXP 	unnamed Line: autoDraw = False
10.1542 	EXP 	unnamed Line: autoDraw = False
10.1542 	EXP 	unnamed Line: autoDraw = False
10.1542 	EXP 	unnamed Line: autoDraw = False
10.1542 	EXP 	unnamed Line: autoDraw = False
10.1542 	EXP 	unnamed ImageStim: autoDraw = False
10.1542 	EXP 	unnamed ImageStim: autoDraw = False
10.1542 	EXP 	unnamed ImageStim: autoDraw = False
10.1542 	EXP 	unnamed ImageStim: autoDraw = False
10.1542 	EXP 	unnamed Line: autoDraw = False
10.1542 	EXP 	unnamed Line: autoDraw = False
10.1542 	EXP 	unnamed Line: autoDraw = False
10.1542 	EXP 	unnamed Line: autoDraw = False
10.1542 	EXP 	unnamed Line: autoDraw = False
10.1542 	EXP 	unnamed Line: autoDraw = False
10.1542 	EXP 	unnamed Line: autoDraw = False
10.1542 	EXP 	unnamed Line: autoDraw = False
10.1542 	EXP 	unnamed Line: autoDraw = False
11.1705 	EXP 	Created unnamed ImageStim = ImageStim(__class__=<class 'psychopy.visual.image.ImageStim'>, autoLog=True, color=array([1., 1., 1.]), colorSpace='rgb', contrast=1.0, depth=0, flipHoriz=False, flipVert=False, image='images/25_11.png', interpolate=True, mask=None, maskParams=None, name='unnamed ImageStim', opacity=1.0, ori=0.0, pos=array([-50., 150.]), size=array([40., 40.]), texRes=128, units='pix', win=Window(...))
11.1792 	EXP 	Created unnamed ImageStim = ImageStim(__class__=<class 'psychopy.visual.image.ImageStim'>, autoLog=True, color=array([1., 1., 1.]), colorSpace='rgb', contrast=1.0, depth=0, flipHoriz=False, flipVert=False, image='images/3_11.png', interpolate=True, mask=None, maskParams=None, name='unnamed ImageStim', opacity=1.0, ori=0.0, pos=array([ 50., 150.]), size=array([40., 40.]), texRes=128, units='pix', win=Window(...))
11.1887 	EXP 	Created unnamed ImageStim = ImageStim(__class__=<class 'psychopy.visual.image.ImageStim'>, autoLog=True, color=array([1., 1., 1.]), colorSpace='rgb', contrast=1.0, depth=0, flipHoriz=False, flipVert=False, image='images/4_11.png', interpolate=True, mask=None, maskParams=None, name='unnamed ImageStim', opacity=1.0, ori=0.0, pos=array([-50.,  50.]), size=array([40., 40.]), texRes=128, units='pix', win=Window(...))
11.1975 	EXP 	Created unnamed ImageStim = ImageStim(__class__=<class 'psychopy.visual.image.ImageStim'>, autoLog=True, color=array([1., 1., 1.]), colorSpace='rgb', contrast=1.0, depth=0, flipHoriz=False, flipVert=False, image='images/20_11.png', interpolate=True, mask=None, maskParams=None, name='unnamed ImageStim', opacity=1.0, ori=0.0, pos=array([50., 50.]), size=array([40., 40.]), texRes=128, units='pix', win=Window(...))
11.1986 	EXP 	Created unnamed Line = Line(__class__=<class 'psychopy.visual.line.Line'>, autoDraw=False, autoLog=True, closeShape=False, contrast=1.0, depth=0, fillColor=None, fillColorSpace='rgb', interpolate=True, lineColor='black', lineColorSpace='named', lineWidth=1.5, name='unnamed Line', opacity=1.0, ori=array(0.), pos=array([0., 0.]), size=array([1., 1.]), units='pix', vertices=array([[-0.5, -0.5],
       [ 0.5,  0.5]]), win=Window(...), windingRule=None)
11.1996 	EXP 	Created unnamed Line = Line(__class__=<class 'psychopy.visual.line.Line'>, autoDraw=False, autoLog=True, closeShape=False, contrast=1.0, depth=0, fillColor=None, fillColorSpace='rgb', interpolate=True, lineColor='black', lineColorSpace='named', lineWidth=1.5, name='unnamed Line', opacity=1.0, ori=array(0.), pos=array([0., 0.]), size=array([1., 1.]), units='pix', vertices=array([[-0.5, -0.5],
       [ 0.5,  0.5]]), win=Window(...), windingRule=None)
11.2008 	EXP 	Created unnamed Line = Line(__class__=<class 'psychopy.visual.line.Line'>, autoDraw=False, autoLog=True, closeShape=False, contrast=1.0, depth=0, fillColor=None, fillColorSpace='rgb', interpolate=True, lineColor='black', lineColorSpace='named', lineWidth=1.5, name='unnamed Line', opacity=1.0, ori=array(0.), pos=array([0., 0.]), size=array([1., 1.]), units='pix', vertices=array([[-0.5, -0.5],
       [ 0.5,  0.5]]), win=Window(...), windingRule=None)
11.2024 	EXP 	Created unnamed Line = Line(__class__=<class 'psychopy.visual.line.Line'>, autoDraw=False, autoLog=True, closeShape=False, contrast=1.0, depth=0, fillColor=None, fillColorSpace='rgb', interpolate=True, lineColor='black', lineColorSpace='named', lineWidth=1.5, name='unnamed Line', opacity=1.0, ori=array(0.), pos=array([0., 0.]), size=array([1., 1.]), units='pix', vertices=array([[-0.5, -0.5],
       [ 0.5,  0.5]]), win=Window(...), windingRule=None)
11.2034 	EXP 	Created unnamed Line = Line(__class__=<class 'psychopy.visual.line.Line'>, autoDraw=False, autoLog=True, closeShape=False, contrast=1.0, depth=0, fillColor=None, fillColorSpace='rgb', interpolate=True, lineColor='black', lineColorSpace='named', lineWidth=1.5, name='unnamed Line', opacity=1.0, ori=array(0.), pos=array([0., 0.]), size=array([1., 1.]), units='pix', vertices=array([[-0.5, -0.5],
       [ 0.5,  0.5]]), win=Window(...), windingRule=None)
11.2044 	EXP 	Created unnamed Line = Line(__class__=<class 'psychopy.visual.line.Line'>, autoDraw=False, autoLog=True, closeShape=False, contrast=1.0, depth=0, fillColor=None, fillColorSpace='rgb', interpolate=True, lineColor='black', lineColorSpace='named', lineWidth=1.5, name='unnamed Line', opacity=1.0, ori=array(0.), pos=array([0., 0.]), size=array([1., 1.]), units='pix', vertices=array([[-0.5, -0.5],
       [ 0.5,  0.5]]), win=Window(...), windingRule=None)
11.2059 	EXP 	Created unnamed Line = Line(__class__=<class 'psychopy.visual.line.Line'>, autoDraw=False, autoLog=True, closeShape=False, contrast=1.0, depth=0, fillColor=None, fillColorSpace='rgb', interpolate=True, lineColor='black', lineColorSpace='named', lineWidth=1.5, name='unnamed Line', opacity=1.0, ori=array(0.), pos=array([0., 0.]), size=array([1., 1.]), units='pix', vertices=array([[-0.5, -0.5],
       [ 0.5,  0.5]]), win=Window(...), windingRule=None)
11.2069 	EXP 	Created unnamed Line = Line(__class__=<class 'psychopy.visual.line.Line'>, autoDraw=False, autoLog=True, closeShape=False, contrast=1.0, depth=0, fillColor=None, fillColorSpace='rgb', interpolate=True, lineColor='black', lineColorSpace='named', lineWidth=1.5, name='unnamed Line', opacity=1.0, ori=array(0.), pos=array([0., 0.]), size=array([1., 1.]), units='pix', vertices=array([[-0.5, -0.5],
       [ 0.5,  0.5]]), win=Window(...), windingRule=None)
11.2080 	EXP 	Created unnamed Line = Line(__class__=<class 'psychopy.visual.line.Line'>, autoDraw=False, autoLog=True, closeShape=False, contrast=1.0, depth=0, fillColor=None, fillColorSpace='rgb', interpolate=True, lineColor='black', lineColorSpace='named', lineWidth=1.5, name='unnamed Line', opacity=1.0, ori=array(0.), pos=array([0., 0.]), size=array([1., 1.]), units='pix', vertices=array([[-0.5, -0.5],
       [ 0.5,  0.5]]), win=Window(...), windingRule=None)
11.2183 	EXP 	Created unnamed ImageStim = ImageStim(__class__=<class 'psychopy.visual.image.ImageStim'>, autoLog=True, color=array([1., 1., 1.]), colorSpace='rgb', contrast=1.0, depth=0, flipHoriz=False, flipVert=False, image='images/25_11.png', interpolate=True, mask=None, maskParams=None, name='unnamed ImageStim', opacity=1.0, ori=0.0, pos=array([-500., -150.]), size=array([30., 30.]), texRes=128, units='pix', win=Window(...))
11.2268 	EXP 	Created unnamed ImageStim = ImageStim(__class__=<class 'psychopy.visual.image.ImageStim'>, autoLog=True, color=array([1., 1., 1.]), colorSpace='rgb', contrast=1.0, depth=0, flipHoriz=False, flipVert=False, image='images/4_11.png', interpolate=True, mask=None, maskParams=None, name='unnamed ImageStim', opacity=1.0, ori=0.0, pos=array([-400., -150.]), size=array([30., 30.]), texRes=128, units='pix', win=Window(...))
11.2361 	EXP 	Created unnamed ImageStim = ImageStim(__class__=<class 'psychopy.visual.image.ImageStim'>, autoLog=True, color=array([1., 1., 1.]), colorSpace='rgb', contrast=1.0, depth=0, flipHoriz=False, flipVert=False, image='images/3_11.png', interpolate=True, mask=None, maskParams=None, name='unnamed ImageStim', opacity=1.0, ori=0.0, pos=array([-500., -250.]), size=array([30., 30.]), texRes=128, units='pix', win=Window(...))
11.2446 	EXP 	Created unnamed ImageStim = ImageStim(__class__=<class 'psychopy.visual.image.ImageStim'>, autoLog=True, color=array([1., 1., 1.]), colorSpace='rgb', contrast=1.0, depth=0, flipHoriz=False, flipVert=False, image='images/20_11.png', interpolate=True, mask=None, maskParams=None, name='unnamed ImageStim', opacity=1.0, ori=0.0, pos=array([-400., -250.]), size=array([30., 30.]), texRes=128, units='pix', win=Window(...))
11.2457 	EXP 	Created unnamed Line = Line(__class__=<class 'psychopy.visual.line.Line'>, autoDraw=False, autoLog=True, closeShape=False, contrast=1.0, depth=0, fillColor=None, fillColorSpace='rgb', interpolate=True, lineColor='black', lineColorSpace='named', lineWidth=1.5, name='unnamed Line', opacity=1.0, ori=array(0.), pos=array([0., 0.]), size=array([1., 1.]), units='pix', vertices=array([[-0.5, -0.5],
       [ 0.5,  0.5]]), win=Window(...), windingRule=None)
11.2468 	EXP 	Created unnamed Line = Line(__class__=<class 'psychopy.visual.line.Line'>, autoDraw=False, autoLog=True, closeShape=False, contrast=1.0, depth=0, fillColor=None, fillColorSpace='rgb', interpolate=True, lineColor='black', lineColorSpace='named', lineWidth=1.5, name='unnamed Line', opacity=1.0, ori=array(0.), pos=array([0., 0.]), size=array([1., 1.]), units='pix', vertices=array([[-0.5, -0.5],
       [ 0.5,  0.5]]), win=Window(...), windingRule=None)
11.2478 	EXP 	Created unnamed Line = Line(__class__=<class 'psychopy.visual.line.Line'>, autoDraw=False, autoLog=True, closeShape=False, contrast=1.0, depth=0, fillColor=None, fillColorSpace='rgb', interpolate=True, lineColor='black', lineColorSpace='named', lineWidth=1.5, name='unnamed Line', opacity=1.0, ori=array(0.), pos=array([0., 0.]), size=array([1., 1.]), units='pix', vertices=array([[-0.5, -0.5],
       [ 0.5,  0.5]]), win=Window(...), windingRule=None)
11.2493 	EXP 	Created unnamed Line = Line(__class__=<class 'psychopy.visual.line.Line'>, autoDraw=False, autoLog=True, closeShape=False, contrast=1.0, depth=0, fillColor=None, fillColorSpace='rgb', interpolate=True, lineColor='black', lineColorSpace='named', lineWidth=1.5, name='unnamed Line', opacity=1.0, ori=array(0.), pos=array([0., 0.]), size=array([1., 1.]), units='pix', vertices=array([[-0.5, -0.5],
       [ 0.5,  0.5]]), win=Window(...), windingRule=None)
11.2504 	EXP 	Created unnamed Line = Line(__class__=<class 'psychopy.visual.line.Line'>, autoDraw=False, autoLog=True, closeShape=False, contrast=1.0, depth=0, fillColor=None, fillColorSpace='rgb', interpolate=True, lineColor='black', lineColorSpace='named', lineWidth=1.5, name='unnamed Line', opacity=1.0, ori=array(0.), pos=array([0., 0.]), size=array([1., 1.]), units='pix', vertices=array([[-0.5, -0.5],
       [ 0.5,  0.5]]), win=Window(...), windingRule=None)
11.2515 	EXP 	Created unnamed Line = Line(__class__=<class 'psychopy.visual.line.Line'>, autoDraw=False, autoLog=True, closeShape=False, contrast=1.0, depth=0, fillColor=None, fillColorSpace='rgb', interpolate=True, lineColor='black', lineColorSpace='named', lineWidth=1.5, name='unnamed Line', opacity=1.0, ori=array(0.), pos=array([0., 0.]), size=array([1., 1.]), units='pix', vertices=array([[-0.5, -0.5],
       [ 0.5,  0.5]]), win=Window(...), windingRule=None)
11.2530 	EXP 	Created unnamed Line = Line(__class__=<class 'psychopy.visual.line.Line'>, autoDraw=False, autoLog=True, closeShape=False, contrast=1.0, depth=0, fillColor=None, fillColorSpace='rgb', interpolate=True, lineColor='black', lineColorSpace='named', lineWidth=1.5, name='unnamed Line', opacity=1.0, ori=array(0.), pos=array([0., 0.]), size=array([1., 1.]), units='pix', vertices=array([[-0.5, -0.5],
       [ 0.5,  0.5]]), win=Window(...), windingRule=None)
11.2540 	EXP 	Created unnamed Line = Line(__class__=<class 'psychopy.visual.line.Line'>, autoDraw=False, autoLog=True, closeShape=False, contrast=1.0, depth=0, fillColor=None, fillColorSpace='rgb', interpolate=True, lineColor='black', lineColorSpace='named', lineWidth=1.5, name='unnamed Line', opacity=1.0, ori=array(0.), pos=array([0., 0.]), size=array([1., 1.]), units='pix', vertices=array([[-0.5, -0.5],
       [ 0.5,  0.5]]), win=Window(...), windingRule=None)
11.2551 	EXP 	Created unnamed Line = Line(__class__=<class 'psychopy.visual.line.Line'>, autoDraw=False, autoLog=True, closeShape=False, contrast=1.0, depth=0, fillColor=None, fillColorSpace='rgb', interpolate=True, lineColor='black', lineColorSpace='named', lineWidth=1.5, name='unnamed Line', opacity=1.0, ori=array(0.), pos=array([0., 0.]), size=array([1., 1.]), units='pix', vertices=array([[-0.5, -0.5],
       [ 0.5,  0.5]]), win=Window(...), windingRule=None)
11.2652 	EXP 	Created unnamed ImageStim = ImageStim(__class__=<class 'psychopy.visual.image.ImageStim'>, autoLog=True, color=array([1., 1., 1.]), colorSpace='rgb', contrast=1.0, depth=0, flipHoriz=False, flipVert=False, image='images/25_11.png', interpolate=True, mask=None, maskParams=None, name='unnamed ImageStim', opacity=1.0, ori=0.0, pos=array([-200., -150.]), size=array([30., 30.]), texRes=128, units='pix', win=Window(...))
11.2738 	EXP 	Created unnamed ImageStim = ImageStim(__class__=<class 'psychopy.visual.image.ImageStim'>, autoLog=True, color=array([1., 1., 1.]), colorSpace='rgb', contrast=1.0, depth=0, flipHoriz=False, flipVert=False, image='images/20_11.png', interpolate=True, mask=None, maskParams=None, name='unnamed ImageStim', opacity=1.0, ori=0.0, pos=array([-100., -150.]), size=array([30., 30.]), texRes=128, units='pix', win=Window(...))
11.2822 	EXP 	Created unnamed ImageStim = ImageStim(__class__=<class 'psychopy.visual.image.ImageStim'>, autoLog=True, color=array([1., 1., 1.]), colorSpace='rgb', contrast=1.0, depth=0, flipHoriz=False, flipVert=False, image='images/3_11.png', interpolate=True, mask=None, maskParams=None, name='unnamed ImageStim', opacity=1.0, ori=0.0, pos=array([-200., -250.]), size=array([30., 30.]), texRes=128, units='pix', win=Window(...))
11.2916 	EXP 	Created unnamed ImageStim = ImageStim(__class__=<class 'psychopy.visual.image.ImageStim'>, autoLog=True, color=array([1., 1., 1.]), colorSpace='rgb', contrast=1.0, depth=0, flipHoriz=False, flipVert=False, image='images/4_11.png', interpolate=True, mask=None, maskParams=None, name='unnamed ImageStim', opacity=1.0, ori=0.0, pos=array([-100., -250.]), size=array([30., 30.]), texRes=128, units='pix', win=Window(...))
11.2927 	EXP 	Created unnamed Line = Line(__class__=<class 'psychopy.visual.line.Line'>, autoDraw=False, autoLog=True, closeShape=False, contrast=1.0, depth=0, fillColor=None, fillColorSpace='rgb', interpolate=True, lineColor='black', lineColorSpace='named', lineWidth=1.5, name='unnamed Line', opacity=1.0, ori=array(0.), pos=array([0., 0.]), size=array([1., 1.]), units='pix', vertices=array([[-0.5, -0.5],
       [ 0.5,  0.5]]), win=Window(...), windingRule=None)
11.2937 	EXP 	Created unnamed Line = Line(__class__=<class 'psychopy.visual.line.Line'>, autoDraw=False, autoLog=True, closeShape=False, contrast=1.0, depth=0, fillColor=None, fillColorSpace='rgb', interpolate=True, lineColor='black', lineColorSpace='named', lineWidth=1.5, name='unnamed Line', opacity=1.0, ori=array(0.), pos=array([0., 0.]), size=array([1., 1.]), units='pix', vertices=array([[-0.5, -0.5],
       [ 0.5,  0.5]]), win=Window(...), windingRule=None)
11.2947 	EXP 	Created unnamed Line = Line(__class__=<class 'psychopy.visual.line.Line'>, autoDraw=False, autoLog=True, closeShape=False, contrast=1.0, depth=0, fillColor=None, fillColorSpace='rgb', interpolate=True, lineColor='black', lineColorSpace='named', lineWidth=1.5, name='unnamed Line', opacity=1.0, ori=array(0.), pos=array([0., 0.]), size=array([1., 1.]), units='pix', vertices=array([[-0.5, -0.5],
       [ 0.5,  0.5]]), win=Window(...), windingRule=None)
11.2963 	EXP 	Created unnamed Line = Line(__class__=<class 'psychopy.visual.line.Line'>, autoDraw=False, autoLog=True, closeShape=False, contrast=1.0, depth=0, fillColor=None, fillColorSpace='rgb', interpolate=True, lineColor='black', lineColorSpace='named', lineWidth=1.5, name='unnamed Line', opacity=1.0, ori=array(0.), pos=array([0., 0.]), size=array([1., 1.]), units='pix', vertices=array([[-0.5, -0.5],
       [ 0.5,  0.5]]), win=Window(...), windingRule=None)
11.2973 	EXP 	Created unnamed Line = Line(__class__=<class 'psychopy.visual.line.Line'>, autoDraw=False, autoLog=True, closeShape=False, contrast=1.0, depth=0, fillColor=None, fillColorSpace='rgb', interpolate=True, lineColor='black', lineColorSpace='named', lineWidth=1.5, name='unnamed Line', opacity=1.0, ori=array(0.), pos=array([0., 0.]), size=array([1., 1.]), units='pix', vertices=array([[-0.5, -0.5],
       [ 0.5,  0.5]]), win=Window(...), windingRule=None)
11.2984 	EXP 	Created unnamed Line = Line(__class__=<class 'psychopy.visual.line.Line'>, autoDraw=False, autoLog=True, closeShape=False, contrast=1.0, depth=0, fillColor=None, fillColorSpace='rgb', interpolate=True, lineColor='black', lineColorSpace='named', lineWidth=1.5, name='unnamed Line', opacity=1.0, ori=array(0.), pos=array([0., 0.]), size=array([1., 1.]), units='pix', vertices=array([[-0.5, -0.5],
       [ 0.5,  0.5]]), win=Window(...), windingRule=None)
11.2999 	EXP 	Created unnamed Line = Line(__class__=<class 'psychopy.visual.line.Line'>, autoDraw=False, autoLog=True, closeShape=False, contrast=1.0, depth=0, fillColor=None, fillColorSpace='rgb', interpolate=True, lineColor='black', lineColorSpace='named', lineWidth=1.5, name='unnamed Line', opacity=1.0, ori=array(0.), pos=array([0., 0.]), size=array([1., 1.]), units='pix', vertices=array([[-0.5, -0.5],
       [ 0.5,  0.5]]), win=Window(...), windingRule=None)
11.3009 	EXP 	Created unnamed Line = Line(__class__=<class 'psychopy.visual.line.Line'>, autoDraw=False, autoLog=True, closeShape=False, contrast=1.0, depth=0, fillColor=None, fillColorSpace='rgb', interpolate=True, lineColor='black', lineColorSpace='named', lineWidth=1.5, name='unnamed Line', opacity=1.0, ori=array(0.), pos=array([0., 0.]), size=array([1., 1.]), units='pix', vertices=array([[-0.5, -0.5],
       [ 0.5,  0.5]]), win=Window(...), windingRule=None)
11.3020 	EXP 	Created unnamed Line = Line(__class__=<class 'psychopy.visual.line.Line'>, autoDraw=False, autoLog=True, closeShape=False, contrast=1.0, depth=0, fillColor=None, fillColorSpace='rgb', interpolate=True, lineColor='black', lineColorSpace='named', lineWidth=1.5, name='unnamed Line', opacity=1.0, ori=array(0.), pos=array([0., 0.]), size=array([1., 1.]), units='pix', vertices=array([[-0.5, -0.5],
       [ 0.5,  0.5]]), win=Window(...), windingRule=None)
11.3109 	EXP 	Created unnamed ImageStim = ImageStim(__class__=<class 'psychopy.visual.image.ImageStim'>, autoLog=True, color=array([1., 1., 1.]), colorSpace='rgb', contrast=1.0, depth=0, flipHoriz=False, flipVert=False, image='images/3_11.png', interpolate=True, mask=None, maskParams=None, name='unnamed ImageStim', opacity=1.0, ori=0.0, pos=array([ 100., -150.]), size=array([30., 30.]), texRes=128, units='pix', win=Window(...))
11.3201 	EXP 	Created unnamed ImageStim = ImageStim(__class__=<class 'psychopy.visual.image.ImageStim'>, autoLog=True, color=array([1., 1., 1.]), colorSpace='rgb', contrast=1.0, depth=0, flipHoriz=False, flipVert=False, image='images/4_11.png', interpolate=True, mask=None, maskParams=None, name='unnamed ImageStim', opacity=1.0, ori=0.0, pos=array([ 200., -150.]), size=array([30., 30.]), texRes=128, units='pix', win=Window(...))
11.3290 	EXP 	Created unnamed ImageStim = ImageStim(__class__=<class 'psychopy.visual.image.ImageStim'>, autoLog=True, color=array([1., 1., 1.]), colorSpace='rgb', contrast=1.0, depth=0, flipHoriz=False, flipVert=False, image='images/25_11.png', interpolate=True, mask=None, maskParams=None, name='unnamed ImageStim', opacity=1.0, ori=0.0, pos=array([ 100., -250.]), size=array([30., 30.]), texRes=128, units='pix', win=Window(...))
11.3382 	EXP 	Created unnamed ImageStim = ImageStim(__class__=<class 'psychopy.visual.image.ImageStim'>, autoLog=True, color=array([1., 1., 1.]), colorSpace='rgb', contrast=1.0, depth=0, flipHoriz=False, flipVert=False, image='images/20_11.png', interpolate=True, mask=None, maskParams=None, name='unnamed ImageStim', opacity=1.0, ori=0.0, pos=array([ 200., -250.]), size=array([30., 30.]), texRes=128, units='pix', win=Window(...))
11.3393 	EXP 	Created unnamed Line = Line(__class__=<class 'psychopy.visual.line.Line'>, autoDraw=False, autoLog=True, closeShape=False, contrast=1.0, depth=0, fillColor=None, fillColorSpace='rgb', interpolate=True, lineColor='black', lineColorSpace='named', lineWidth=1.5, name='unnamed Line', opacity=1.0, ori=array(0.), pos=array([0., 0.]), size=array([1., 1.]), units='pix', vertices=array([[-0.5, -0.5],
       [ 0.5,  0.5]]), win=Window(...), windingRule=None)
11.3403 	EXP 	Created unnamed Line = Line(__class__=<class 'psychopy.visual.line.Line'>, autoDraw=False, autoLog=True, closeShape=False, contrast=1.0, depth=0, fillColor=None, fillColorSpace='rgb', interpolate=True, lineColor='black', lineColorSpace='named', lineWidth=1.5, name='unnamed Line', opacity=1.0, ori=array(0.), pos=array([0., 0.]), size=array([1., 1.]), units='pix', vertices=array([[-0.5, -0.5],
       [ 0.5,  0.5]]), win=Window(...), windingRule=None)
11.3414 	EXP 	Created unnamed Line = Line(__class__=<class 'psychopy.visual.line.Line'>, autoDraw=False, autoLog=True, closeShape=False, contrast=1.0, depth=0, fillColor=None, fillColorSpace='rgb', interpolate=True, lineColor='black', lineColorSpace='named', lineWidth=1.5, name='unnamed Line', opacity=1.0, ori=array(0.), pos=array([0., 0.]), size=array([1., 1.]), units='pix', vertices=array([[-0.5, -0.5],
       [ 0.5,  0.5]]), win=Window(...), windingRule=None)
11.3429 	EXP 	Created unnamed Line = Line(__class__=<class 'psychopy.visual.line.Line'>, autoDraw=False, autoLog=True, closeShape=False, contrast=1.0, depth=0, fillColor=None, fillColorSpace='rgb', interpolate=True, lineColor='black', lineColorSpace='named', lineWidth=1.5, name='unnamed Line', opacity=1.0, ori=array(0.), pos=array([0., 0.]), size=array([1., 1.]), units='pix', vertices=array([[-0.5, -0.5],
       [ 0.5,  0.5]]), win=Window(...), windingRule=None)
11.3439 	EXP 	Created unnamed Line = Line(__class__=<class 'psychopy.visual.line.Line'>, autoDraw=False, autoLog=True, closeShape=False, contrast=1.0, depth=0, fillColor=None, fillColorSpace='rgb', interpolate=True, lineColor='black', lineColorSpace='named', lineWidth=1.5, name='unnamed Line', opacity=1.0, ori=array(0.), pos=array([0., 0.]), size=array([1., 1.]), units='pix', vertices=array([[-0.5, -0.5],
       [ 0.5,  0.5]]), win=Window(...), windingRule=None)
11.3449 	EXP 	Created unnamed Line = Line(__class__=<class 'psychopy.visual.line.Line'>, autoDraw=False, autoLog=True, closeShape=False, contrast=1.0, depth=0, fillColor=None, fillColorSpace='rgb', interpolate=True, lineColor='black', lineColorSpace='named', lineWidth=1.5, name='unnamed Line', opacity=1.0, ori=array(0.), pos=array([0., 0.]), size=array([1., 1.]), units='pix', vertices=array([[-0.5, -0.5],
       [ 0.5,  0.5]]), win=Window(...), windingRule=None)
11.3464 	EXP 	Created unnamed Line = Line(__class__=<class 'psychopy.visual.line.Line'>, autoDraw=False, autoLog=True, closeShape=False, contrast=1.0, depth=0, fillColor=None, fillColorSpace='rgb', interpolate=True, lineColor='black', lineColorSpace='named', lineWidth=1.5, name='unnamed Line', opacity=1.0, ori=array(0.), pos=array([0., 0.]), size=array([1., 1.]), units='pix', vertices=array([[-0.5, -0.5],
       [ 0.5,  0.5]]), win=Window(...), windingRule=None)
11.3474 	EXP 	Created unnamed Line = Line(__class__=<class 'psychopy.visual.line.Line'>, autoDraw=False, autoLog=True, closeShape=False, contrast=1.0, depth=0, fillColor=None, fillColorSpace='rgb', interpolate=True, lineColor='black', lineColorSpace='named', lineWidth=1.5, name='unnamed Line', opacity=1.0, ori=array(0.), pos=array([0., 0.]), size=array([1., 1.]), units='pix', vertices=array([[-0.5, -0.5],
       [ 0.5,  0.5]]), win=Window(...), windingRule=None)
11.3485 	EXP 	Created unnamed Line = Line(__class__=<class 'psychopy.visual.line.Line'>, autoDraw=False, autoLog=True, closeShape=False, contrast=1.0, depth=0, fillColor=None, fillColorSpace='rgb', interpolate=True, lineColor='black', lineColorSpace='named', lineWidth=1.5, name='unnamed Line', opacity=1.0, ori=array(0.), pos=array([0., 0.]), size=array([1., 1.]), units='pix', vertices=array([[-0.5, -0.5],
       [ 0.5,  0.5]]), win=Window(...), windingRule=None)
11.3575 	EXP 	Created unnamed ImageStim = ImageStim(__class__=<class 'psychopy.visual.image.ImageStim'>, autoLog=True, color=array([1., 1., 1.]), colorSpace='rgb', contrast=1.0, depth=0, flipHoriz=False, flipVert=False, image='images/3_11.png', interpolate=True, mask=None, maskParams=None, name='unnamed ImageStim', opacity=1.0, ori=0.0, pos=array([ 400., -150.]), size=array([30., 30.]), texRes=128, units='pix', win=Window(...))
11.3669 	EXP 	Created unnamed ImageStim = ImageStim(__class__=<class 'psychopy.visual.image.ImageStim'>, autoLog=True, color=array([1., 1., 1.]), colorSpace='rgb', contrast=1.0, depth=0, flipHoriz=False, flipVert=False, image='images/25_11.png', interpolate=True, mask=None, maskParams=None, name='unnamed ImageStim', opacity=1.0, ori=0.0, pos=array([ 500., -150.]), size=array([30., 30.]), texRes=128, units='pix', win=Window(...))
11.3755 	EXP 	Created unnamed ImageStim = ImageStim(__class__=<class 'psychopy.visual.image.ImageStim'>, autoLog=True, color=array([1., 1., 1.]), colorSpace='rgb', contrast=1.0, depth=0, flipHoriz=False, flipVert=False, image='images/20_11.png', interpolate=True, mask=None, maskParams=None, name='unnamed ImageStim', opacity=1.0, ori=0.0, pos=array([ 400., -250.]), size=array([30., 30.]), texRes=128, units='pix', win=Window(...))
11.3839 	EXP 	Created unnamed ImageStim = ImageStim(__class__=<class 'psychopy.visual.image.ImageStim'>, autoLog=True, color=array([1., 1., 1.]), colorSpace='rgb', contrast=1.0, depth=0, flipHoriz=False, flipVert=False, image='images/4_11.png', interpolate=True, mask=None, maskParams=None, name='unnamed ImageStim', opacity=1.0, ori=0.0, pos=array([ 500., -250.]), size=array([30., 30.]), texRes=128, units='pix', win=Window(...))
11.3851 	EXP 	Created unnamed Line = Line(__class__=<class 'psychopy.visual.line.Line'>, autoDraw=False, autoLog=True, closeShape=False, contrast=1.0, depth=0, fillColor=None, fillColorSpace='rgb', interpolate=True, lineColor='black', lineColorSpace='named', lineWidth=1.5, name='unnamed Line', opacity=1.0, ori=array(0.), pos=array([0., 0.]), size=array([1., 1.]), units='pix', vertices=array([[-0.5, -0.5],
       [ 0.5,  0.5]]), win=Window(...), windingRule=None)
11.3861 	EXP 	Created unnamed Line = Line(__class__=<class 'psychopy.visual.line.Line'>, autoDraw=False, autoLog=True, closeShape=False, contrast=1.0, depth=0, fillColor=None, fillColorSpace='rgb', interpolate=True, lineColor='black', lineColorSpace='named', lineWidth=1.5, name='unnamed Line', opacity=1.0, ori=array(0.), pos=array([0., 0.]), size=array([1., 1.]), units='pix', vertices=array([[-0.5, -0.5],
       [ 0.5,  0.5]]), win=Window(...), windingRule=None)
11.3871 	EXP 	Created unnamed Line = Line(__class__=<class 'psychopy.visual.line.Line'>, autoDraw=False, autoLog=True, closeShape=False, contrast=1.0, depth=0, fillColor=None, fillColorSpace='rgb', interpolate=True, lineColor='black', lineColorSpace='named', lineWidth=1.5, name='unnamed Line', opacity=1.0, ori=array(0.), pos=array([0., 0.]), size=array([1., 1.]), units='pix', vertices=array([[-0.5, -0.5],
       [ 0.5,  0.5]]), win=Window(...), windingRule=None)
11.3886 	EXP 	Created unnamed Line = Line(__class__=<class 'psychopy.visual.line.Line'>, autoDraw=False, autoLog=True, closeShape=False, contrast=1.0, depth=0, fillColor=None, fillColorSpace='rgb', interpolate=True, lineColor='black', lineColorSpace='named', lineWidth=1.5, name='unnamed Line', opacity=1.0, ori=array(0.), pos=array([0., 0.]), size=array([1., 1.]), units='pix', vertices=array([[-0.5, -0.5],
       [ 0.5,  0.5]]), win=Window(...), windingRule=None)
11.3897 	EXP 	Created unnamed Line = Line(__class__=<class 'psychopy.visual.line.Line'>, autoDraw=False, autoLog=True, closeShape=False, contrast=1.0, depth=0, fillColor=None, fillColorSpace='rgb', interpolate=True, lineColor='black', lineColorSpace='named', lineWidth=1.5, name='unnamed Line', opacity=1.0, ori=array(0.), pos=array([0., 0.]), size=array([1., 1.]), units='pix', vertices=array([[-0.5, -0.5],
       [ 0.5,  0.5]]), win=Window(...), windingRule=None)
11.3907 	EXP 	Created unnamed Line = Line(__class__=<class 'psychopy.visual.line.Line'>, autoDraw=False, autoLog=True, closeShape=False, contrast=1.0, depth=0, fillColor=None, fillColorSpace='rgb', interpolate=True, lineColor='black', lineColorSpace='named', lineWidth=1.5, name='unnamed Line', opacity=1.0, ori=array(0.), pos=array([0., 0.]), size=array([1., 1.]), units='pix', vertices=array([[-0.5, -0.5],
       [ 0.5,  0.5]]), win=Window(...), windingRule=None)
11.3922 	EXP 	Created unnamed Line = Line(__class__=<class 'psychopy.visual.line.Line'>, autoDraw=False, autoLog=True, closeShape=False, contrast=1.0, depth=0, fillColor=None, fillColorSpace='rgb', interpolate=True, lineColor='black', lineColorSpace='named', lineWidth=1.5, name='unnamed Line', opacity=1.0, ori=array(0.), pos=array([0., 0.]), size=array([1., 1.]), units='pix', vertices=array([[-0.5, -0.5],
       [ 0.5,  0.5]]), win=Window(...), windingRule=None)
11.3932 	EXP 	Created unnamed Line = Line(__class__=<class 'psychopy.visual.line.Line'>, autoDraw=False, autoLog=True, closeShape=False, contrast=1.0, depth=0, fillColor=None, fillColorSpace='rgb', interpolate=True, lineColor='black', lineColorSpace='named', lineWidth=1.5, name='unnamed Line', opacity=1.0, ori=array(0.), pos=array([0., 0.]), size=array([1., 1.]), units='pix', vertices=array([[-0.5, -0.5],
       [ 0.5,  0.5]]), win=Window(...), windingRule=None)
11.3945 	EXP 	Created unnamed Line = Line(__class__=<class 'psychopy.visual.line.Line'>, autoDraw=False, autoLog=True, closeShape=False, contrast=1.0, depth=0, fillColor=None, fillColorSpace='rgb', interpolate=True, lineColor='black', lineColorSpace='named', lineWidth=1.5, name='unnamed Line', opacity=1.0, ori=array(0.), pos=array([0., 0.]), size=array([1., 1.]), units='pix', vertices=array([[-0.5, -0.5],
       [ 0.5,  0.5]]), win=Window(...), windingRule=None)
11.4107 	EXP 	unnamed Line: start = [30.0, 70.0]
11.4107 	EXP 	unnamed Line: end = [-30.0, 130.0]
11.4107 	EXP 	unnamed Line: start = [-15.857864376269049, 130.0]
11.4107 	EXP 	unnamed Line: end = [-30.0, 130.0]
11.4107 	EXP 	unnamed Line: start = [-30.0, 115.85786437626905]
11.4107 	EXP 	unnamed Line: end = [-30.0, 130.0]
11.4107 	EXP 	unnamed Line: start = [30.0, 50.0]
11.4107 	EXP 	unnamed Line: end = [-30.0, 50.0]
11.4107 	EXP 	unnamed Line: start = [-20.0, 60.0]
11.4107 	EXP 	unnamed Line: end = [-30.0, 50.0]
11.4107 	EXP 	unnamed Line: start = [-20.0, 40.0]
11.4107 	EXP 	unnamed Line: end = [-30.0, 50.0]
11.4107 	EXP 	unnamed Line: start = [50.0, 130.0]
11.4107 	EXP 	unnamed Line: end = [50.0, 70.0]
11.4107 	EXP 	unnamed Line: start = [40.0, 80.0]
11.4107 	EXP 	unnamed Line: end = [50.0, 70.0]
11.4107 	EXP 	unnamed Line: start = [60.0, 80.0]
11.4107 	EXP 	unnamed Line: end = [50.0, 70.0]
11.4107 	EXP 	unnamed Line: start = [-485.0, -165.0]
11.4107 	EXP 	unnamed Line: end = [-415.0, -235.0]
11.4107 	EXP 	unnamed Line: start = [-429.14213562373095, -235.0]
11.4107 	EXP 	unnamed Line: end = [-415.0, -235.0]
11.4107 	EXP 	unnamed Line: start = [-415.0, -220.85786437626905]
11.4107 	EXP 	unnamed Line: end = [-415.0, -235.0]
11.4107 	EXP 	unnamed Line: start = [-400.0, -235.0]
11.4107 	EXP 	unnamed Line: end = [-400.0, -165.0]
11.4107 	EXP 	unnamed Line: start = [-390.0, -175.0]
11.4107 	EXP 	unnamed Line: end = [-400.0, -165.0]
11.4107 	EXP 	unnamed Line: start = [-410.0, -175.0]
11.4107 	EXP 	unnamed Line: end = [-400.0, -165.0]
11.4107 	EXP 	unnamed Line: start = [-485.0, -250.0]
11.4107 	EXP 	unnamed Line: end = [-415.0, -250.0]
11.4107 	EXP 	unnamed Line: start = [-425.0, -260.0]
11.4107 	EXP 	unnamed Line: end = [-415.0, -250.0]
11.4107 	EXP 	unnamed Line: start = [-425.0, -240.0]
11.4107 	EXP 	unnamed Line: end = [-415.0, -250.0]
11.4107 	EXP 	unnamed Line: start = [-115.0, -150.0]
11.4107 	EXP 	unnamed Line: end = [-185.0, -150.0]
11.4107 	EXP 	unnamed Line: start = [-175.0, -140.0]
11.4107 	EXP 	unnamed Line: end = [-185.0, -150.0]
11.4107 	EXP 	unnamed Line: start = [-175.0, -160.0]
11.4107 	EXP 	unnamed Line: end = [-185.0, -150.0]
11.4107 	EXP 	unnamed Line: start = [-100.0, -235.0]
11.4107 	EXP 	unnamed Line: end = [-100.0, -165.0]
11.4107 	EXP 	unnamed Line: start = [-90.0, -175.0]
11.4107 	EXP 	unnamed Line: end = [-100.0, -165.0]
11.4107 	EXP 	unnamed Line: start = [-110.0, -175.0]
11.4107 	EXP 	unnamed Line: end = [-100.0, -165.0]
11.4107 	EXP 	unnamed Line: start = [-115.0, -165.0]
11.4107 	EXP 	unnamed Line: end = [-185.0, -235.0]
11.4107 	EXP 	unnamed Line: start = [-185.0, -220.85786437626905]
11.4107 	EXP 	unnamed Line: end = [-185.0, -235.0]
11.4107 	EXP 	unnamed Line: start = [-170.85786437626905, -235.0]
11.4107 	EXP 	unnamed Line: end = [-185.0, -235.0]
11.4107 	EXP 	unnamed Line: start = [185.0, -250.0]
11.4107 	EXP 	unnamed Line: end = [115.0, -250.0]
11.4107 	EXP 	unnamed Line: start = [125.0, -240.0]
11.4107 	EXP 	unnamed Line: end = [115.0, -250.0]
11.4107 	EXP 	unnamed Line: start = [125.0, -260.0]
11.4107 	EXP 	unnamed Line: end = [115.0, -250.0]
11.4107 	EXP 	unnamed Line: start = [200.0, -235.0]
11.4107 	EXP 	unnamed Line: end = [200.0, -165.0]
11.4107 	EXP 	unnamed Line: start = [210.0, -175.0]
11.4107 	EXP 	unnamed Line: end = [200.0, -165.0]
11.4107 	EXP 	unnamed Line: start = [190.0, -175.0]
11.4107 	EXP 	unnamed Line: end = [200.0, -165.0]
11.4107 	EXP 	unnamed Line: start = [185.0, -235.0]
11.4107 	EXP 	unnamed Line: end = [115.0, -165.0]
11.4107 	EXP 	unnamed Line: start = [129.14213562373095, -165.0]
11.4107 	EXP 	unnamed Line: end = [115.0, -165.0]
11.4107 	EXP 	unnamed Line: start = [115.0, -179.14213562373095]
11.4107 	EXP 	unnamed Line: end = [115.0, -165.0]
11.4107 	EXP 	unnamed Line: start = [415.0, -235.0]
11.4107 	EXP 	unnamed Line: end = [485.0, -165.0]
11.4107 	EXP 	unnamed Line: start = [485.0, -179.14213562373095]
11.4107 	EXP 	unnamed Line: end = [485.0, -165.0]
11.4107 	EXP 	unnamed Line: start = [470.85786437626905, -165.0]
11.4107 	EXP 	unnamed Line: end = [485.0, -165.0]
11.4107 	EXP 	unnamed Line: start = [415.0, -250.0]
11.4107 	EXP 	unnamed Line: end = [485.0, -250.0]
11.4107 	EXP 	unnamed Line: start = [475.0, -260.0]
11.4107 	EXP 	unnamed Line: end = [485.0, -250.0]
11.4107 	EXP 	unnamed Line: start = [475.0, -240.0]
11.4107 	EXP 	unnamed Line: end = [485.0, -250.0]
11.4107 	EXP 	unnamed Line: start = [400.0, -165.0]
11.4107 	EXP 	unnamed Line: end = [400.0, -235.0]
11.4107 	EXP 	unnamed Line: start = [390.0, -225.0]
11.4107 	EXP 	unnamed Line: end = [400.0, -235.0]
11.4107 	EXP 	unnamed Line: start = [410.0, -225.0]
11.4107 	EXP 	unnamed Line: end = [400.0, -235.0]
11.4107 	EXP 	unnamed ImageStim: autoDraw = True
11.4107 	EXP 	unnamed ImageStim: autoDraw = True
11.4107 	EXP 	unnamed ImageStim: autoDraw = True
11.4107 	EXP 	unnamed ImageStim: autoDraw = True
11.4107 	EXP 	unnamed Line: autoDraw = True
11.4107 	EXP 	unnamed Line: autoDraw = True
11.4107 	EXP 	unnamed Line: autoDraw = True
11.4107 	EXP 	unnamed Line: autoDraw = True
11.4107 	EXP 	unnamed Line: autoDraw = True
11.4107 	EXP 	unnamed Line: autoDraw = True
11.4107 	EXP 	unnamed Line: autoDraw = True
11.4107 	EXP 	unnamed Line: autoDraw = True
11.4107 	EXP 	unnamed Line: autoDraw = True
11.4107 	EXP 	unnamed ImageStim: autoDraw = True
11.4107 	EXP 	unnamed ImageStim: autoDraw = True
11.4107 	EXP 	unnamed ImageStim: autoDraw = True
11.4107 	EXP 	unnamed ImageStim: autoDraw = True
11.4107 	EXP 	unnamed Line: autoDraw = True
11.4107 	EXP 	unnamed Line: autoDraw = True
11.4107 	EXP 	unnamed Line: autoDraw = True
11.4107 	EXP 	unnamed Line: autoDraw = True
11.4107 	EXP 	unnamed Line: autoDraw = True
11.4107 	EXP 	unnamed Line: autoDraw = True
11.4107 	EXP 	unnamed Line: autoDraw = True
11.4107 	EXP 	unnamed Line: autoDraw = True
11.4107 	EXP 	unnamed Line: autoDraw = True
11.4107 	EXP 	unnamed ImageStim: autoDraw = True
11.4107 	EXP 	unnamed ImageStim: autoDraw = True
11.4107 	EXP 	unnamed ImageStim: autoDraw = True
11.4107 	EXP 	unnamed ImageStim: autoDraw = True
11.4107 	EXP 	unnamed Line: autoDraw = True
11.4107 	EXP 	unnamed Line: autoDraw = True
11.4107 	EXP 	unnamed Line: autoDraw = True
11.4107 	EXP 	unnamed Line: autoDraw = True
11.4107 	EXP 	unnamed Line: autoDraw = True
11.4107 	EXP 	unnamed Line: autoDraw = True
11.4107 	EXP 	unnamed Line: autoDraw = True
11.4107 	EXP 	unnamed Line: autoDraw = True
11.4107 	EXP 	unnamed Line: autoDraw = True
11.4107 	EXP 	unnamed ImageStim: autoDraw = True
11.4107 	EXP 	unnamed ImageStim: autoDraw = True
11.4107 	EXP 	unnamed ImageStim: autoDraw = True
11.4107 	EXP 	unnamed ImageStim: autoDraw = True
11.4107 	EXP 	unnamed Line: autoDraw = True
11.4107 	EXP 	unnamed Line: autoDraw = True
11.4107 	EXP 	unnamed Line: autoDraw = True
11.4107 	EXP 	unnamed Line: autoDraw = True
11.4107 	EXP 	unnamed Line: autoDraw = True
11.4107 	EXP 	unnamed Line: autoDraw = True
11.4107 	EXP 	unnamed Line: autoDraw = True
11.4107 	EXP 	unnamed Line: autoDraw = True
11.4107 	EXP 	unnamed Line: autoDraw = True
11.4107 	EXP 	unnamed ImageStim: autoDraw = True
11.4107 	EXP 	unnamed ImageStim: autoDraw = True
11.4107 	EXP 	unnamed ImageStim: autoDraw = True
11.4107 	EXP 	unnamed ImageStim: autoDraw = True
11.4107 	EXP 	unnamed Line: autoDraw = True
11.4107 	EXP 	unnamed Line: autoDraw = True
11.4107 	EXP 	unnamed Line: autoDraw = True
11.4107 	EXP 	unnamed Line: autoDraw = True
11.4107 	EXP 	unnamed Line: autoDraw = True
11.4107 	EXP 	unnamed Line: autoDraw = True
11.4107 	EXP 	unnamed Line: autoDraw = True
11.4107 	EXP 	unnamed Line: autoDraw = True
11.4107 	EXP 	unnamed Line: autoDraw = True
13.3536 	EXP 	unnamed ImageStim: autoDraw = False
13.3536 	EXP 	unnamed ImageStim: autoDraw = False
13.3536 	EXP 	unnamed ImageStim: autoDraw = False
13.3536 	EXP 	unnamed ImageStim: autoDraw = False
13.3536 	EXP 	unnamed Line: autoDraw = False
13.3536 	EXP 	unnamed Line: autoDraw = False
13.3536 	EXP 	unnamed Line: autoDraw = False
13.3536 	EXP 	unnamed Line: autoDraw = False
13.3536 	EXP 	unnamed Line: autoDraw = False
13.3536 	EXP 	unnamed Line: autoDraw = False
13.3536 	EXP 	unnamed Line: autoDraw = False
13.3536 	EXP 	unnamed Line: autoDraw = False
13.3536 	EXP 	unnamed Line: autoDraw = False
13.3536 	EXP 	unnamed ImageStim: autoDraw = False
13.3536 	EXP 	unnamed ImageStim: autoDraw = False
13.3536 	EXP 	unnamed ImageStim: autoDraw = False
13.3536 	EXP 	unnamed ImageStim: autoDraw = False
13.3536 	EXP 	unnamed Line: autoDraw = False
13.3536 	EXP 	unnamed Line: autoDraw = False
13.3536 	EXP 	unnamed Line: autoDraw = False
13.3536 	EXP 	unnamed Line: autoDraw = False
13.3536 	EXP 	unnamed Line: autoDraw = False
13.3536 	EXP 	unnamed Line: autoDraw = False
13.3536 	EXP 	unnamed Line: autoDraw = False
13.3536 	EXP 	unnamed Line: autoDraw = False
13.3536 	EXP 	unnamed Line: autoDraw = False
13.3536 	EXP 	unnamed ImageStim: autoDraw = False
13.3536 	EXP 	unnamed ImageStim: autoDraw = False
13.3536 	EXP 	unnamed ImageStim: autoDraw = False
13.3536 	EXP 	unnamed ImageStim: autoDraw = False
13.3536 	EXP 	unnamed Line: autoDraw = False
13.3536 	EXP 	unnamed Line: autoDraw = False
13.3536 	EXP 	unnamed Line: autoDraw = False
13.3536 	EXP 	unnamed Line: autoDraw = False
13.3536 	EXP 	unnamed Line: autoDraw = False
13.3536 	EXP 	unnamed Line: autoDraw = False
13.3536 	EXP 	unnamed Line: autoDraw = False
13.3536 	EXP 	unnamed Line: autoDraw = False
13.3536 	EXP 	unnamed Line: autoDraw = False
13.3536 	EXP 	unnamed ImageStim: autoDraw = False
13.3536 	EXP 	unnamed ImageStim: autoDraw = False
13.3536 	EXP 	unnamed ImageStim: autoDraw = False
13.3536 	EXP 	unnamed ImageStim: autoDraw = False
13.3536 	EXP 	unnamed Line: autoDraw = False
13.3536 	EXP 	unnamed Line: autoDraw = False
13.3536 	EXP 	unnamed Line: autoDraw = False
13.3536 	EXP 	unnamed Line: autoDraw = False
13.3536 	EXP 	unnamed Line: autoDraw = False
13.3536 	EXP 	unnamed Line: autoDraw = False
13.3536 	EXP 	unnamed Line: autoDraw = False
13.3536 	EXP 	unnamed Line: autoDraw = False
13.3536 	EXP 	unnamed Line: autoDraw = False
13.3536 	EXP 	unnamed ImageStim: autoDraw = False
13.3536 	EXP 	unnamed ImageStim: autoDraw = False
13.3536 	EXP 	unnamed ImageStim: autoDraw = False
13.3536 	EXP 	unnamed ImageStim: autoDraw = False
13.3536 	EXP 	unnamed Line: autoDraw = False
13.3536 	EXP 	unnamed Line: autoDraw = False
13.3536 	EXP 	unnamed Line: autoDraw = False
13.3536 	EXP 	unnamed Line: autoDraw = False
13.3536 	EXP 	unnamed Line: autoDraw = False
13.3536 	EXP 	unnamed Line: autoDraw = False
13.3536 	EXP 	unnamed Line: autoDraw = False
13.3536 	EXP 	unnamed Line: autoDraw = False
13.3536 	EXP 	unnamed Line: autoDraw = False
14.3569 	INFO 	using sysFont Arial
14.3582 	EXP 	Created unnamed TextStim = TextStim(__class__=<class 'psychopy.visual.text.TextStim'>, alignHoriz='center', alignVert='center', antialias=True, autoLog=True, bold=False, color='black', colorSpace='named', contrast=1.0, depth=0, flipHoriz=False, flipVert=False, font='Arial', fontFiles=[], height=32, italic=False, name='unnamed TextStim', opacity=1.0, ori=0.0, pos=array([0., 0.]), rgb=array([0., 0., 0.]), text='Po treningu', units='pix', win=Window(...), wrapWidth=1920)
14.3634 	CRITICAL 	Experiment finished by user! f7 pressed.
