2.6701 	INFO 	Screen res set as: 1920x1080
2.6721 	INFO 	Loaded monitor calibration from ['2018_09_18 09:28']
3.2317 	EXP 	Created window1 = Window(allowGUI=True, allowStencil=False, args=UNKNOWN, autoLog=True, bitsMode=UNKNOWN, blendMode='avg', color='Gainsboro', colorSpace='named', fullscr=UNKNOWN, gamma=None, kwargs=UNKNOWN, lms=UNKNOWN, monitor=<psychopy.monitors.calibTools.Monitor object at 0x7f3af812bf60>, multiSample=False, name='window1', numSamples=2, pos=None, screen=0, size=array([1920, 1080]), stereo=False, units='pix', useFBO=False, useRetina=False, viewOri=0.0, viewPos=None, viewScale=None, waitBlanking=True, winType='pygame')
3.2317 	INFO 	Detected framerate: 30 frames per sec.
3.2318 	INFO 	Mouse: using default window
3.2999 	EXP 	Created unnamed ImageStim = ImageStim(__class__=<class 'psychopy.visual.image.ImageStim'>, autoLog=True, color=array([1., 1., 1.]), colorSpace='rgb', contrast=1.0, depth=0, flipHoriz=False, flipVert=False, image='images/clock.png', interpolate=True, mask=None, maskParams=None, name='unnamed ImageStim', opacity=1.0, ori=0.0, pos=array([200., 200.]), size=array([50., 50.]), texRes=128, units='pix', win=Window(...))
3.3493 	INFO 	using sysFont Arial
3.3516 	EXP 	Created unnamed TextStim = TextStim(__class__=<class 'psychopy.visual.text.TextStim'>, alignHoriz='center', alignVert='center', antialias=True, autoLog=True, bold=False, color='black', colorSpace='named', contrast=1.0, depth=0, flipHoriz=False, flipVert=False, font='Arial', fontFiles=[], height=32, italic=False, name='unnamed TextStim', opacity=1.0, ori=0.0, pos=array([0., 0.]), rgb=array([0., 0., 0.]), text='Wstęp', units='pix', win=Window(...), wrapWidth=1920)
4.4864 	EXP 	Created unnamed ImageStim = ImageStim(__class__=<class 'psychopy.visual.image.ImageStim'>, autoLog=True, color=array([1., 1., 1.]), colorSpace='rgb', contrast=1.0, depth=0, flipHoriz=False, flipVert=False, image='images/15_11.png', interpolate=True, mask=None, maskParams=None, name='unnamed ImageStim', opacity=1.0, ori=0.0, pos=array([-50., 150.]), size=array([40., 40.]), texRes=128, units='pix', win=Window(...))
4.4953 	EXP 	Created unnamed ImageStim = ImageStim(__class__=<class 'psychopy.visual.image.ImageStim'>, autoLog=True, color=array([1., 1., 1.]), colorSpace='rgb', contrast=1.0, depth=0, flipHoriz=False, flipVert=False, image='images/17_11.png', interpolate=True, mask=None, maskParams=None, name='unnamed ImageStim', opacity=1.0, ori=0.0, pos=array([ 50., 150.]), size=array([40., 40.]), texRes=128, units='pix', win=Window(...))
4.5052 	EXP 	Created unnamed ImageStim = ImageStim(__class__=<class 'psychopy.visual.image.ImageStim'>, autoLog=True, color=array([1., 1., 1.]), colorSpace='rgb', contrast=1.0, depth=0, flipHoriz=False, flipVert=False, image='images/2_11.png', interpolate=True, mask=None, maskParams=None, name='unnamed ImageStim', opacity=1.0, ori=0.0, pos=array([-50.,  50.]), size=array([40., 40.]), texRes=128, units='pix', win=Window(...))
4.5142 	EXP 	Created unnamed ImageStim = ImageStim(__class__=<class 'psychopy.visual.image.ImageStim'>, autoLog=True, color=array([1., 1., 1.]), colorSpace='rgb', contrast=1.0, depth=0, flipHoriz=False, flipVert=False, image='images/13_11.png', interpolate=True, mask=None, maskParams=None, name='unnamed ImageStim', opacity=1.0, ori=0.0, pos=array([50., 50.]), size=array([40., 40.]), texRes=128, units='pix', win=Window(...))
4.5191 	EXP 	Created unnamed Line = Line(__class__=<class 'psychopy.visual.line.Line'>, autoDraw=False, autoLog=True, closeShape=False, contrast=1.0, depth=0, fillColor=None, fillColorSpace='rgb', interpolate=True, lineColor='black', lineColorSpace='named', lineWidth=1.5, name='unnamed Line', opacity=1.0, ori=array(0.), pos=array([0., 0.]), size=array([1., 1.]), units='pix', vertices=array([[-0.5, -0.5],
       [ 0.5,  0.5]]), win=Window(...), windingRule=None)
4.5205 	EXP 	Created unnamed Line = Line(__class__=<class 'psychopy.visual.line.Line'>, autoDraw=False, autoLog=True, closeShape=False, contrast=1.0, depth=0, fillColor=None, fillColorSpace='rgb', interpolate=True, lineColor='black', lineColorSpace='named', lineWidth=1.5, name='unnamed Line', opacity=1.0, ori=array(0.), pos=array([0., 0.]), size=array([1., 1.]), units='pix', vertices=array([[-0.5, -0.5],
       [ 0.5,  0.5]]), win=Window(...), windingRule=None)
4.5217 	EXP 	Created unnamed Line = Line(__class__=<class 'psychopy.visual.line.Line'>, autoDraw=False, autoLog=True, closeShape=False, contrast=1.0, depth=0, fillColor=None, fillColorSpace='rgb', interpolate=True, lineColor='black', lineColorSpace='named', lineWidth=1.5, name='unnamed Line', opacity=1.0, ori=array(0.), pos=array([0., 0.]), size=array([1., 1.]), units='pix', vertices=array([[-0.5, -0.5],
       [ 0.5,  0.5]]), win=Window(...), windingRule=None)
4.5234 	EXP 	Created unnamed Line = Line(__class__=<class 'psychopy.visual.line.Line'>, autoDraw=False, autoLog=True, closeShape=False, contrast=1.0, depth=0, fillColor=None, fillColorSpace='rgb', interpolate=True, lineColor='black', lineColorSpace='named', lineWidth=1.5, name='unnamed Line', opacity=1.0, ori=array(0.), pos=array([0., 0.]), size=array([1., 1.]), units='pix', vertices=array([[-0.5, -0.5],
       [ 0.5,  0.5]]), win=Window(...), windingRule=None)
4.5245 	EXP 	Created unnamed Line = Line(__class__=<class 'psychopy.visual.line.Line'>, autoDraw=False, autoLog=True, closeShape=False, contrast=1.0, depth=0, fillColor=None, fillColorSpace='rgb', interpolate=True, lineColor='black', lineColorSpace='named', lineWidth=1.5, name='unnamed Line', opacity=1.0, ori=array(0.), pos=array([0., 0.]), size=array([1., 1.]), units='pix', vertices=array([[-0.5, -0.5],
       [ 0.5,  0.5]]), win=Window(...), windingRule=None)
4.5256 	EXP 	Created unnamed Line = Line(__class__=<class 'psychopy.visual.line.Line'>, autoDraw=False, autoLog=True, closeShape=False, contrast=1.0, depth=0, fillColor=None, fillColorSpace='rgb', interpolate=True, lineColor='black', lineColorSpace='named', lineWidth=1.5, name='unnamed Line', opacity=1.0, ori=array(0.), pos=array([0., 0.]), size=array([1., 1.]), units='pix', vertices=array([[-0.5, -0.5],
       [ 0.5,  0.5]]), win=Window(...), windingRule=None)
4.5272 	EXP 	Created unnamed Line = Line(__class__=<class 'psychopy.visual.line.Line'>, autoDraw=False, autoLog=True, closeShape=False, contrast=1.0, depth=0, fillColor=None, fillColorSpace='rgb', interpolate=True, lineColor='black', lineColorSpace='named', lineWidth=1.5, name='unnamed Line', opacity=1.0, ori=array(0.), pos=array([0., 0.]), size=array([1., 1.]), units='pix', vertices=array([[-0.5, -0.5],
       [ 0.5,  0.5]]), win=Window(...), windingRule=None)
4.5283 	EXP 	Created unnamed Line = Line(__class__=<class 'psychopy.visual.line.Line'>, autoDraw=False, autoLog=True, closeShape=False, contrast=1.0, depth=0, fillColor=None, fillColorSpace='rgb', interpolate=True, lineColor='black', lineColorSpace='named', lineWidth=1.5, name='unnamed Line', opacity=1.0, ori=array(0.), pos=array([0., 0.]), size=array([1., 1.]), units='pix', vertices=array([[-0.5, -0.5],
       [ 0.5,  0.5]]), win=Window(...), windingRule=None)
4.5294 	EXP 	Created unnamed Line = Line(__class__=<class 'psychopy.visual.line.Line'>, autoDraw=False, autoLog=True, closeShape=False, contrast=1.0, depth=0, fillColor=None, fillColorSpace='rgb', interpolate=True, lineColor='black', lineColorSpace='named', lineWidth=1.5, name='unnamed Line', opacity=1.0, ori=array(0.), pos=array([0., 0.]), size=array([1., 1.]), units='pix', vertices=array([[-0.5, -0.5],
       [ 0.5,  0.5]]), win=Window(...), windingRule=None)
4.5399 	EXP 	Created unnamed ImageStim = ImageStim(__class__=<class 'psychopy.visual.image.ImageStim'>, autoLog=True, color=array([1., 1., 1.]), colorSpace='rgb', contrast=1.0, depth=0, flipHoriz=False, flipVert=False, image='images/13_11.png', interpolate=True, mask=None, maskParams=None, name='unnamed ImageStim', opacity=1.0, ori=0.0, pos=array([-500., -150.]), size=array([30., 30.]), texRes=128, units='pix', win=Window(...))
4.5487 	EXP 	Created unnamed ImageStim = ImageStim(__class__=<class 'psychopy.visual.image.ImageStim'>, autoLog=True, color=array([1., 1., 1.]), colorSpace='rgb', contrast=1.0, depth=0, flipHoriz=False, flipVert=False, image='images/15_11.png', interpolate=True, mask=None, maskParams=None, name='unnamed ImageStim', opacity=1.0, ori=0.0, pos=array([-400., -150.]), size=array([30., 30.]), texRes=128, units='pix', win=Window(...))
4.5587 	EXP 	Created unnamed ImageStim = ImageStim(__class__=<class 'psychopy.visual.image.ImageStim'>, autoLog=True, color=array([1., 1., 1.]), colorSpace='rgb', contrast=1.0, depth=0, flipHoriz=False, flipVert=False, image='images/17_11.png', interpolate=True, mask=None, maskParams=None, name='unnamed ImageStim', opacity=1.0, ori=0.0, pos=array([-500., -250.]), size=array([30., 30.]), texRes=128, units='pix', win=Window(...))
4.5683 	EXP 	Created unnamed ImageStim = ImageStim(__class__=<class 'psychopy.visual.image.ImageStim'>, autoLog=True, color=array([1., 1., 1.]), colorSpace='rgb', contrast=1.0, depth=0, flipHoriz=False, flipVert=False, image='images/2_11.png', interpolate=True, mask=None, maskParams=None, name='unnamed ImageStim', opacity=1.0, ori=0.0, pos=array([-400., -250.]), size=array([30., 30.]), texRes=128, units='pix', win=Window(...))
4.5702 	EXP 	Created unnamed Line = Line(__class__=<class 'psychopy.visual.line.Line'>, autoDraw=False, autoLog=True, closeShape=False, contrast=1.0, depth=0, fillColor=None, fillColorSpace='rgb', interpolate=True, lineColor='black', lineColorSpace='named', lineWidth=1.5, name='unnamed Line', opacity=1.0, ori=array(0.), pos=array([0., 0.]), size=array([1., 1.]), units='pix', vertices=array([[-0.5, -0.5],
       [ 0.5,  0.5]]), win=Window(...), windingRule=None)
4.5718 	EXP 	Created unnamed Line = Line(__class__=<class 'psychopy.visual.line.Line'>, autoDraw=False, autoLog=True, closeShape=False, contrast=1.0, depth=0, fillColor=None, fillColorSpace='rgb', interpolate=True, lineColor='black', lineColorSpace='named', lineWidth=1.5, name='unnamed Line', opacity=1.0, ori=array(0.), pos=array([0., 0.]), size=array([1., 1.]), units='pix', vertices=array([[-0.5, -0.5],
       [ 0.5,  0.5]]), win=Window(...), windingRule=None)
4.5730 	EXP 	Created unnamed Line = Line(__class__=<class 'psychopy.visual.line.Line'>, autoDraw=False, autoLog=True, closeShape=False, contrast=1.0, depth=0, fillColor=None, fillColorSpace='rgb', interpolate=True, lineColor='black', lineColorSpace='named', lineWidth=1.5, name='unnamed Line', opacity=1.0, ori=array(0.), pos=array([0., 0.]), size=array([1., 1.]), units='pix', vertices=array([[-0.5, -0.5],
       [ 0.5,  0.5]]), win=Window(...), windingRule=None)
4.5749 	EXP 	Created unnamed Line = Line(__class__=<class 'psychopy.visual.line.Line'>, autoDraw=False, autoLog=True, closeShape=False, contrast=1.0, depth=0, fillColor=None, fillColorSpace='rgb', interpolate=True, lineColor='black', lineColorSpace='named', lineWidth=1.5, name='unnamed Line', opacity=1.0, ori=array(0.), pos=array([0., 0.]), size=array([1., 1.]), units='pix', vertices=array([[-0.5, -0.5],
       [ 0.5,  0.5]]), win=Window(...), windingRule=None)
4.5760 	EXP 	Created unnamed Line = Line(__class__=<class 'psychopy.visual.line.Line'>, autoDraw=False, autoLog=True, closeShape=False, contrast=1.0, depth=0, fillColor=None, fillColorSpace='rgb', interpolate=True, lineColor='black', lineColorSpace='named', lineWidth=1.5, name='unnamed Line', opacity=1.0, ori=array(0.), pos=array([0., 0.]), size=array([1., 1.]), units='pix', vertices=array([[-0.5, -0.5],
       [ 0.5,  0.5]]), win=Window(...), windingRule=None)
4.5773 	EXP 	Created unnamed Line = Line(__class__=<class 'psychopy.visual.line.Line'>, autoDraw=False, autoLog=True, closeShape=False, contrast=1.0, depth=0, fillColor=None, fillColorSpace='rgb', interpolate=True, lineColor='black', lineColorSpace='named', lineWidth=1.5, name='unnamed Line', opacity=1.0, ori=array(0.), pos=array([0., 0.]), size=array([1., 1.]), units='pix', vertices=array([[-0.5, -0.5],
       [ 0.5,  0.5]]), win=Window(...), windingRule=None)
4.5787 	EXP 	Created unnamed Line = Line(__class__=<class 'psychopy.visual.line.Line'>, autoDraw=False, autoLog=True, closeShape=False, contrast=1.0, depth=0, fillColor=None, fillColorSpace='rgb', interpolate=True, lineColor='black', lineColorSpace='named', lineWidth=1.5, name='unnamed Line', opacity=1.0, ori=array(0.), pos=array([0., 0.]), size=array([1., 1.]), units='pix', vertices=array([[-0.5, -0.5],
       [ 0.5,  0.5]]), win=Window(...), windingRule=None)
4.5800 	EXP 	Created unnamed Line = Line(__class__=<class 'psychopy.visual.line.Line'>, autoDraw=False, autoLog=True, closeShape=False, contrast=1.0, depth=0, fillColor=None, fillColorSpace='rgb', interpolate=True, lineColor='black', lineColorSpace='named', lineWidth=1.5, name='unnamed Line', opacity=1.0, ori=array(0.), pos=array([0., 0.]), size=array([1., 1.]), units='pix', vertices=array([[-0.5, -0.5],
       [ 0.5,  0.5]]), win=Window(...), windingRule=None)
4.5813 	EXP 	Created unnamed Line = Line(__class__=<class 'psychopy.visual.line.Line'>, autoDraw=False, autoLog=True, closeShape=False, contrast=1.0, depth=0, fillColor=None, fillColorSpace='rgb', interpolate=True, lineColor='black', lineColorSpace='named', lineWidth=1.5, name='unnamed Line', opacity=1.0, ori=array(0.), pos=array([0., 0.]), size=array([1., 1.]), units='pix', vertices=array([[-0.5, -0.5],
       [ 0.5,  0.5]]), win=Window(...), windingRule=None)
4.5933 	EXP 	Created unnamed ImageStim = ImageStim(__class__=<class 'psychopy.visual.image.ImageStim'>, autoLog=True, color=array([1., 1., 1.]), colorSpace='rgb', contrast=1.0, depth=0, flipHoriz=False, flipVert=False, image='images/2_11.png', interpolate=True, mask=None, maskParams=None, name='unnamed ImageStim', opacity=1.0, ori=0.0, pos=array([-200., -150.]), size=array([30., 30.]), texRes=128, units='pix', win=Window(...))
4.6037 	EXP 	Created unnamed ImageStim = ImageStim(__class__=<class 'psychopy.visual.image.ImageStim'>, autoLog=True, color=array([1., 1., 1.]), colorSpace='rgb', contrast=1.0, depth=0, flipHoriz=False, flipVert=False, image='images/15_11.png', interpolate=True, mask=None, maskParams=None, name='unnamed ImageStim', opacity=1.0, ori=0.0, pos=array([-100., -150.]), size=array([30., 30.]), texRes=128, units='pix', win=Window(...))
4.6129 	EXP 	Created unnamed ImageStim = ImageStim(__class__=<class 'psychopy.visual.image.ImageStim'>, autoLog=True, color=array([1., 1., 1.]), colorSpace='rgb', contrast=1.0, depth=0, flipHoriz=False, flipVert=False, image='images/17_11.png', interpolate=True, mask=None, maskParams=None, name='unnamed ImageStim', opacity=1.0, ori=0.0, pos=array([-200., -250.]), size=array([30., 30.]), texRes=128, units='pix', win=Window(...))
4.6240 	EXP 	Created unnamed ImageStim = ImageStim(__class__=<class 'psychopy.visual.image.ImageStim'>, autoLog=True, color=array([1., 1., 1.]), colorSpace='rgb', contrast=1.0, depth=0, flipHoriz=False, flipVert=False, image='images/13_11.png', interpolate=True, mask=None, maskParams=None, name='unnamed ImageStim', opacity=1.0, ori=0.0, pos=array([-100., -250.]), size=array([30., 30.]), texRes=128, units='pix', win=Window(...))
4.6251 	EXP 	Created unnamed Line = Line(__class__=<class 'psychopy.visual.line.Line'>, autoDraw=False, autoLog=True, closeShape=False, contrast=1.0, depth=0, fillColor=None, fillColorSpace='rgb', interpolate=True, lineColor='black', lineColorSpace='named', lineWidth=1.5, name='unnamed Line', opacity=1.0, ori=array(0.), pos=array([0., 0.]), size=array([1., 1.]), units='pix', vertices=array([[-0.5, -0.5],
       [ 0.5,  0.5]]), win=Window(...), windingRule=None)
4.6262 	EXP 	Created unnamed Line = Line(__class__=<class 'psychopy.visual.line.Line'>, autoDraw=False, autoLog=True, closeShape=False, contrast=1.0, depth=0, fillColor=None, fillColorSpace='rgb', interpolate=True, lineColor='black', lineColorSpace='named', lineWidth=1.5, name='unnamed Line', opacity=1.0, ori=array(0.), pos=array([0., 0.]), size=array([1., 1.]), units='pix', vertices=array([[-0.5, -0.5],
       [ 0.5,  0.5]]), win=Window(...), windingRule=None)
4.6272 	EXP 	Created unnamed Line = Line(__class__=<class 'psychopy.visual.line.Line'>, autoDraw=False, autoLog=True, closeShape=False, contrast=1.0, depth=0, fillColor=None, fillColorSpace='rgb', interpolate=True, lineColor='black', lineColorSpace='named', lineWidth=1.5, name='unnamed Line', opacity=1.0, ori=array(0.), pos=array([0., 0.]), size=array([1., 1.]), units='pix', vertices=array([[-0.5, -0.5],
       [ 0.5,  0.5]]), win=Window(...), windingRule=None)
4.6287 	EXP 	Created unnamed Line = Line(__class__=<class 'psychopy.visual.line.Line'>, autoDraw=False, autoLog=True, closeShape=False, contrast=1.0, depth=0, fillColor=None, fillColorSpace='rgb', interpolate=True, lineColor='black', lineColorSpace='named', lineWidth=1.5, name='unnamed Line', opacity=1.0, ori=array(0.), pos=array([0., 0.]), size=array([1., 1.]), units='pix', vertices=array([[-0.5, -0.5],
       [ 0.5,  0.5]]), win=Window(...), windingRule=None)
4.6298 	EXP 	Created unnamed Line = Line(__class__=<class 'psychopy.visual.line.Line'>, autoDraw=False, autoLog=True, closeShape=False, contrast=1.0, depth=0, fillColor=None, fillColorSpace='rgb', interpolate=True, lineColor='black', lineColorSpace='named', lineWidth=1.5, name='unnamed Line', opacity=1.0, ori=array(0.), pos=array([0., 0.]), size=array([1., 1.]), units='pix', vertices=array([[-0.5, -0.5],
       [ 0.5,  0.5]]), win=Window(...), windingRule=None)
4.6309 	EXP 	Created unnamed Line = Line(__class__=<class 'psychopy.visual.line.Line'>, autoDraw=False, autoLog=True, closeShape=False, contrast=1.0, depth=0, fillColor=None, fillColorSpace='rgb', interpolate=True, lineColor='black', lineColorSpace='named', lineWidth=1.5, name='unnamed Line', opacity=1.0, ori=array(0.), pos=array([0., 0.]), size=array([1., 1.]), units='pix', vertices=array([[-0.5, -0.5],
       [ 0.5,  0.5]]), win=Window(...), windingRule=None)
4.6324 	EXP 	Created unnamed Line = Line(__class__=<class 'psychopy.visual.line.Line'>, autoDraw=False, autoLog=True, closeShape=False, contrast=1.0, depth=0, fillColor=None, fillColorSpace='rgb', interpolate=True, lineColor='black', lineColorSpace='named', lineWidth=1.5, name='unnamed Line', opacity=1.0, ori=array(0.), pos=array([0., 0.]), size=array([1., 1.]), units='pix', vertices=array([[-0.5, -0.5],
       [ 0.5,  0.5]]), win=Window(...), windingRule=None)
4.6337 	EXP 	Created unnamed Line = Line(__class__=<class 'psychopy.visual.line.Line'>, autoDraw=False, autoLog=True, closeShape=False, contrast=1.0, depth=0, fillColor=None, fillColorSpace='rgb', interpolate=True, lineColor='black', lineColorSpace='named', lineWidth=1.5, name='unnamed Line', opacity=1.0, ori=array(0.), pos=array([0., 0.]), size=array([1., 1.]), units='pix', vertices=array([[-0.5, -0.5],
       [ 0.5,  0.5]]), win=Window(...), windingRule=None)
4.6354 	EXP 	Created unnamed Line = Line(__class__=<class 'psychopy.visual.line.Line'>, autoDraw=False, autoLog=True, closeShape=False, contrast=1.0, depth=0, fillColor=None, fillColorSpace='rgb', interpolate=True, lineColor='black', lineColorSpace='named', lineWidth=1.5, name='unnamed Line', opacity=1.0, ori=array(0.), pos=array([0., 0.]), size=array([1., 1.]), units='pix', vertices=array([[-0.5, -0.5],
       [ 0.5,  0.5]]), win=Window(...), windingRule=None)
4.6454 	EXP 	Created unnamed ImageStim = ImageStim(__class__=<class 'psychopy.visual.image.ImageStim'>, autoLog=True, color=array([1., 1., 1.]), colorSpace='rgb', contrast=1.0, depth=0, flipHoriz=False, flipVert=False, image='images/17_11.png', interpolate=True, mask=None, maskParams=None, name='unnamed ImageStim', opacity=1.0, ori=0.0, pos=array([ 100., -150.]), size=array([30., 30.]), texRes=128, units='pix', win=Window(...))
4.6565 	EXP 	Created unnamed ImageStim = ImageStim(__class__=<class 'psychopy.visual.image.ImageStim'>, autoLog=True, color=array([1., 1., 1.]), colorSpace='rgb', contrast=1.0, depth=0, flipHoriz=False, flipVert=False, image='images/13_11.png', interpolate=True, mask=None, maskParams=None, name='unnamed ImageStim', opacity=1.0, ori=0.0, pos=array([ 200., -150.]), size=array([30., 30.]), texRes=128, units='pix', win=Window(...))
4.6649 	EXP 	Created unnamed ImageStim = ImageStim(__class__=<class 'psychopy.visual.image.ImageStim'>, autoLog=True, color=array([1., 1., 1.]), colorSpace='rgb', contrast=1.0, depth=0, flipHoriz=False, flipVert=False, image='images/2_11.png', interpolate=True, mask=None, maskParams=None, name='unnamed ImageStim', opacity=1.0, ori=0.0, pos=array([ 100., -250.]), size=array([30., 30.]), texRes=128, units='pix', win=Window(...))
4.6753 	EXP 	Created unnamed ImageStim = ImageStim(__class__=<class 'psychopy.visual.image.ImageStim'>, autoLog=True, color=array([1., 1., 1.]), colorSpace='rgb', contrast=1.0, depth=0, flipHoriz=False, flipVert=False, image='images/15_11.png', interpolate=True, mask=None, maskParams=None, name='unnamed ImageStim', opacity=1.0, ori=0.0, pos=array([ 200., -250.]), size=array([30., 30.]), texRes=128, units='pix', win=Window(...))
4.6764 	EXP 	Created unnamed Line = Line(__class__=<class 'psychopy.visual.line.Line'>, autoDraw=False, autoLog=True, closeShape=False, contrast=1.0, depth=0, fillColor=None, fillColorSpace='rgb', interpolate=True, lineColor='black', lineColorSpace='named', lineWidth=1.5, name='unnamed Line', opacity=1.0, ori=array(0.), pos=array([0., 0.]), size=array([1., 1.]), units='pix', vertices=array([[-0.5, -0.5],
       [ 0.5,  0.5]]), win=Window(...), windingRule=None)
4.6774 	EXP 	Created unnamed Line = Line(__class__=<class 'psychopy.visual.line.Line'>, autoDraw=False, autoLog=True, closeShape=False, contrast=1.0, depth=0, fillColor=None, fillColorSpace='rgb', interpolate=True, lineColor='black', lineColorSpace='named', lineWidth=1.5, name='unnamed Line', opacity=1.0, ori=array(0.), pos=array([0., 0.]), size=array([1., 1.]), units='pix', vertices=array([[-0.5, -0.5],
       [ 0.5,  0.5]]), win=Window(...), windingRule=None)
4.6784 	EXP 	Created unnamed Line = Line(__class__=<class 'psychopy.visual.line.Line'>, autoDraw=False, autoLog=True, closeShape=False, contrast=1.0, depth=0, fillColor=None, fillColorSpace='rgb', interpolate=True, lineColor='black', lineColorSpace='named', lineWidth=1.5, name='unnamed Line', opacity=1.0, ori=array(0.), pos=array([0., 0.]), size=array([1., 1.]), units='pix', vertices=array([[-0.5, -0.5],
       [ 0.5,  0.5]]), win=Window(...), windingRule=None)
4.6798 	EXP 	Created unnamed Line = Line(__class__=<class 'psychopy.visual.line.Line'>, autoDraw=False, autoLog=True, closeShape=False, contrast=1.0, depth=0, fillColor=None, fillColorSpace='rgb', interpolate=True, lineColor='black', lineColorSpace='named', lineWidth=1.5, name='unnamed Line', opacity=1.0, ori=array(0.), pos=array([0., 0.]), size=array([1., 1.]), units='pix', vertices=array([[-0.5, -0.5],
       [ 0.5,  0.5]]), win=Window(...), windingRule=None)
4.6808 	EXP 	Created unnamed Line = Line(__class__=<class 'psychopy.visual.line.Line'>, autoDraw=False, autoLog=True, closeShape=False, contrast=1.0, depth=0, fillColor=None, fillColorSpace='rgb', interpolate=True, lineColor='black', lineColorSpace='named', lineWidth=1.5, name='unnamed Line', opacity=1.0, ori=array(0.), pos=array([0., 0.]), size=array([1., 1.]), units='pix', vertices=array([[-0.5, -0.5],
       [ 0.5,  0.5]]), win=Window(...), windingRule=None)
4.6818 	EXP 	Created unnamed Line = Line(__class__=<class 'psychopy.visual.line.Line'>, autoDraw=False, autoLog=True, closeShape=False, contrast=1.0, depth=0, fillColor=None, fillColorSpace='rgb', interpolate=True, lineColor='black', lineColorSpace='named', lineWidth=1.5, name='unnamed Line', opacity=1.0, ori=array(0.), pos=array([0., 0.]), size=array([1., 1.]), units='pix', vertices=array([[-0.5, -0.5],
       [ 0.5,  0.5]]), win=Window(...), windingRule=None)
4.6833 	EXP 	Created unnamed Line = Line(__class__=<class 'psychopy.visual.line.Line'>, autoDraw=False, autoLog=True, closeShape=False, contrast=1.0, depth=0, fillColor=None, fillColorSpace='rgb', interpolate=True, lineColor='black', lineColorSpace='named', lineWidth=1.5, name='unnamed Line', opacity=1.0, ori=array(0.), pos=array([0., 0.]), size=array([1., 1.]), units='pix', vertices=array([[-0.5, -0.5],
       [ 0.5,  0.5]]), win=Window(...), windingRule=None)
4.6850 	EXP 	Created unnamed Line = Line(__class__=<class 'psychopy.visual.line.Line'>, autoDraw=False, autoLog=True, closeShape=False, contrast=1.0, depth=0, fillColor=None, fillColorSpace='rgb', interpolate=True, lineColor='black', lineColorSpace='named', lineWidth=1.5, name='unnamed Line', opacity=1.0, ori=array(0.), pos=array([0., 0.]), size=array([1., 1.]), units='pix', vertices=array([[-0.5, -0.5],
       [ 0.5,  0.5]]), win=Window(...), windingRule=None)
4.6866 	EXP 	Created unnamed Line = Line(__class__=<class 'psychopy.visual.line.Line'>, autoDraw=False, autoLog=True, closeShape=False, contrast=1.0, depth=0, fillColor=None, fillColorSpace='rgb', interpolate=True, lineColor='black', lineColorSpace='named', lineWidth=1.5, name='unnamed Line', opacity=1.0, ori=array(0.), pos=array([0., 0.]), size=array([1., 1.]), units='pix', vertices=array([[-0.5, -0.5],
       [ 0.5,  0.5]]), win=Window(...), windingRule=None)
4.6956 	EXP 	Created unnamed ImageStim = ImageStim(__class__=<class 'psychopy.visual.image.ImageStim'>, autoLog=True, color=array([1., 1., 1.]), colorSpace='rgb', contrast=1.0, depth=0, flipHoriz=False, flipVert=False, image='images/17_11.png', interpolate=True, mask=None, maskParams=None, name='unnamed ImageStim', opacity=1.0, ori=0.0, pos=array([ 400., -150.]), size=array([30., 30.]), texRes=128, units='pix', win=Window(...))
4.7056 	EXP 	Created unnamed ImageStim = ImageStim(__class__=<class 'psychopy.visual.image.ImageStim'>, autoLog=True, color=array([1., 1., 1.]), colorSpace='rgb', contrast=1.0, depth=0, flipHoriz=False, flipVert=False, image='images/2_11.png', interpolate=True, mask=None, maskParams=None, name='unnamed ImageStim', opacity=1.0, ori=0.0, pos=array([ 500., -150.]), size=array([30., 30.]), texRes=128, units='pix', win=Window(...))
4.7141 	EXP 	Created unnamed ImageStim = ImageStim(__class__=<class 'psychopy.visual.image.ImageStim'>, autoLog=True, color=array([1., 1., 1.]), colorSpace='rgb', contrast=1.0, depth=0, flipHoriz=False, flipVert=False, image='images/15_11.png', interpolate=True, mask=None, maskParams=None, name='unnamed ImageStim', opacity=1.0, ori=0.0, pos=array([ 400., -250.]), size=array([30., 30.]), texRes=128, units='pix', win=Window(...))
4.7241 	EXP 	Created unnamed ImageStim = ImageStim(__class__=<class 'psychopy.visual.image.ImageStim'>, autoLog=True, color=array([1., 1., 1.]), colorSpace='rgb', contrast=1.0, depth=0, flipHoriz=False, flipVert=False, image='images/13_11.png', interpolate=True, mask=None, maskParams=None, name='unnamed ImageStim', opacity=1.0, ori=0.0, pos=array([ 500., -250.]), size=array([30., 30.]), texRes=128, units='pix', win=Window(...))
4.7251 	EXP 	Created unnamed Line = Line(__class__=<class 'psychopy.visual.line.Line'>, autoDraw=False, autoLog=True, closeShape=False, contrast=1.0, depth=0, fillColor=None, fillColorSpace='rgb', interpolate=True, lineColor='black', lineColorSpace='named', lineWidth=1.5, name='unnamed Line', opacity=1.0, ori=array(0.), pos=array([0., 0.]), size=array([1., 1.]), units='pix', vertices=array([[-0.5, -0.5],
       [ 0.5,  0.5]]), win=Window(...), windingRule=None)
4.7261 	EXP 	Created unnamed Line = Line(__class__=<class 'psychopy.visual.line.Line'>, autoDraw=False, autoLog=True, closeShape=False, contrast=1.0, depth=0, fillColor=None, fillColorSpace='rgb', interpolate=True, lineColor='black', lineColorSpace='named', lineWidth=1.5, name='unnamed Line', opacity=1.0, ori=array(0.), pos=array([0., 0.]), size=array([1., 1.]), units='pix', vertices=array([[-0.5, -0.5],
       [ 0.5,  0.5]]), win=Window(...), windingRule=None)
4.7271 	EXP 	Created unnamed Line = Line(__class__=<class 'psychopy.visual.line.Line'>, autoDraw=False, autoLog=True, closeShape=False, contrast=1.0, depth=0, fillColor=None, fillColorSpace='rgb', interpolate=True, lineColor='black', lineColorSpace='named', lineWidth=1.5, name='unnamed Line', opacity=1.0, ori=array(0.), pos=array([0., 0.]), size=array([1., 1.]), units='pix', vertices=array([[-0.5, -0.5],
       [ 0.5,  0.5]]), win=Window(...), windingRule=None)
4.7286 	EXP 	Created unnamed Line = Line(__class__=<class 'psychopy.visual.line.Line'>, autoDraw=False, autoLog=True, closeShape=False, contrast=1.0, depth=0, fillColor=None, fillColorSpace='rgb', interpolate=True, lineColor='black', lineColorSpace='named', lineWidth=1.5, name='unnamed Line', opacity=1.0, ori=array(0.), pos=array([0., 0.]), size=array([1., 1.]), units='pix', vertices=array([[-0.5, -0.5],
       [ 0.5,  0.5]]), win=Window(...), windingRule=None)
4.7296 	EXP 	Created unnamed Line = Line(__class__=<class 'psychopy.visual.line.Line'>, autoDraw=False, autoLog=True, closeShape=False, contrast=1.0, depth=0, fillColor=None, fillColorSpace='rgb', interpolate=True, lineColor='black', lineColorSpace='named', lineWidth=1.5, name='unnamed Line', opacity=1.0, ori=array(0.), pos=array([0., 0.]), size=array([1., 1.]), units='pix', vertices=array([[-0.5, -0.5],
       [ 0.5,  0.5]]), win=Window(...), windingRule=None)
4.7306 	EXP 	Created unnamed Line = Line(__class__=<class 'psychopy.visual.line.Line'>, autoDraw=False, autoLog=True, closeShape=False, contrast=1.0, depth=0, fillColor=None, fillColorSpace='rgb', interpolate=True, lineColor='black', lineColorSpace='named', lineWidth=1.5, name='unnamed Line', opacity=1.0, ori=array(0.), pos=array([0., 0.]), size=array([1., 1.]), units='pix', vertices=array([[-0.5, -0.5],
       [ 0.5,  0.5]]), win=Window(...), windingRule=None)
4.7321 	EXP 	Created unnamed Line = Line(__class__=<class 'psychopy.visual.line.Line'>, autoDraw=False, autoLog=True, closeShape=False, contrast=1.0, depth=0, fillColor=None, fillColorSpace='rgb', interpolate=True, lineColor='black', lineColorSpace='named', lineWidth=1.5, name='unnamed Line', opacity=1.0, ori=array(0.), pos=array([0., 0.]), size=array([1., 1.]), units='pix', vertices=array([[-0.5, -0.5],
       [ 0.5,  0.5]]), win=Window(...), windingRule=None)
4.7331 	EXP 	Created unnamed Line = Line(__class__=<class 'psychopy.visual.line.Line'>, autoDraw=False, autoLog=True, closeShape=False, contrast=1.0, depth=0, fillColor=None, fillColorSpace='rgb', interpolate=True, lineColor='black', lineColorSpace='named', lineWidth=1.5, name='unnamed Line', opacity=1.0, ori=array(0.), pos=array([0., 0.]), size=array([1., 1.]), units='pix', vertices=array([[-0.5, -0.5],
       [ 0.5,  0.5]]), win=Window(...), windingRule=None)
4.7344 	EXP 	Created unnamed Line = Line(__class__=<class 'psychopy.visual.line.Line'>, autoDraw=False, autoLog=True, closeShape=False, contrast=1.0, depth=0, fillColor=None, fillColorSpace='rgb', interpolate=True, lineColor='black', lineColorSpace='named', lineWidth=1.5, name='unnamed Line', opacity=1.0, ori=array(0.), pos=array([0., 0.]), size=array([1., 1.]), units='pix', vertices=array([[-0.5, -0.5],
       [ 0.5,  0.5]]), win=Window(...), windingRule=None)
4.7689 	EXP 	unnamed Line: start = [30.0, 130.0]
4.7689 	EXP 	unnamed Line: end = [-30.0, 70.0]
4.7689 	EXP 	unnamed Line: start = [-30.0, 84.14213562373095]
4.7689 	EXP 	unnamed Line: end = [-30.0, 70.0]
4.7689 	EXP 	unnamed Line: start = [-15.857864376269049, 70.0]
4.7689 	EXP 	unnamed Line: end = [-30.0, 70.0]
4.7689 	EXP 	unnamed Line: start = [-30.0, 130.0]
4.7689 	EXP 	unnamed Line: end = [30.0, 70.0]
4.7689 	EXP 	unnamed Line: start = [15.857864376269049, 70.0]
4.7689 	EXP 	unnamed Line: end = [30.0, 70.0]
4.7689 	EXP 	unnamed Line: start = [30.0, 84.14213562373095]
4.7689 	EXP 	unnamed Line: end = [30.0, 70.0]
4.7689 	EXP 	unnamed Line: start = [-50.0, 70.0]
4.7689 	EXP 	unnamed Line: end = [-50.0, 130.0]
4.7689 	EXP 	unnamed Line: start = [-40.0, 120.0]
4.7689 	EXP 	unnamed Line: end = [-50.0, 130.0]
4.7689 	EXP 	unnamed Line: start = [-60.0, 120.0]
4.7689 	EXP 	unnamed Line: end = [-50.0, 130.0]
4.7689 	EXP 	unnamed Line: start = [-415.0, -250.0]
4.7689 	EXP 	unnamed Line: end = [-485.0, -250.0]
4.7689 	EXP 	unnamed Line: start = [-475.0, -240.0]
4.7689 	EXP 	unnamed Line: end = [-485.0, -250.0]
4.7689 	EXP 	unnamed Line: start = [-475.0, -260.0]
4.7689 	EXP 	unnamed Line: end = [-485.0, -250.0]
4.7689 	EXP 	unnamed Line: start = [-415.0, -150.0]
4.7689 	EXP 	unnamed Line: end = [-485.0, -150.0]
4.7689 	EXP 	unnamed Line: start = [-475.0, -140.0]
4.7689 	EXP 	unnamed Line: end = [-485.0, -150.0]
4.7689 	EXP 	unnamed Line: start = [-475.0, -160.0]
4.7689 	EXP 	unnamed Line: end = [-485.0, -150.0]
4.7689 	EXP 	unnamed Line: start = [-400.0, -235.0]
4.7689 	EXP 	unnamed Line: end = [-400.0, -165.0]
4.7689 	EXP 	unnamed Line: start = [-390.0, -175.0]
4.7689 	EXP 	unnamed Line: end = [-400.0, -165.0]
4.7689 	EXP 	unnamed Line: start = [-410.0, -175.0]
4.7689 	EXP 	unnamed Line: end = [-400.0, -165.0]
4.7689 	EXP 	unnamed Line: start = [-200.0, -165.0]
4.7689 	EXP 	unnamed Line: end = [-200.0, -235.0]
4.7689 	EXP 	unnamed Line: start = [-210.0, -225.0]
4.7689 	EXP 	unnamed Line: end = [-200.0, -235.0]
4.7689 	EXP 	unnamed Line: start = [-190.0, -225.0]
4.7689 	EXP 	unnamed Line: end = [-200.0, -235.0]
4.7689 	EXP 	unnamed Line: start = [-100.0, -235.0]
4.7689 	EXP 	unnamed Line: end = [-100.0, -165.0]
4.7689 	EXP 	unnamed Line: start = [-90.0, -175.0]
4.7689 	EXP 	unnamed Line: end = [-100.0, -165.0]
4.7689 	EXP 	unnamed Line: start = [-110.0, -175.0]
4.7689 	EXP 	unnamed Line: end = [-100.0, -165.0]
4.7689 	EXP 	unnamed Line: start = [-185.0, -150.0]
4.7689 	EXP 	unnamed Line: end = [-115.0, -150.0]
4.7689 	EXP 	unnamed Line: start = [-125.0, -160.0]
4.7689 	EXP 	unnamed Line: end = [-115.0, -150.0]
4.7689 	EXP 	unnamed Line: start = [-125.0, -140.0]
4.7689 	EXP 	unnamed Line: end = [-115.0, -150.0]
4.7689 	EXP 	unnamed Line: start = [100.0, -165.0]
4.7689 	EXP 	unnamed Line: end = [100.0, -235.0]
4.7689 	EXP 	unnamed Line: start = [90.0, -225.0]
4.7689 	EXP 	unnamed Line: end = [100.0, -235.0]
4.7689 	EXP 	unnamed Line: start = [110.0, -225.0]
4.7689 	EXP 	unnamed Line: end = [100.0, -235.0]
4.7689 	EXP 	unnamed Line: start = [200.0, -235.0]
4.7689 	EXP 	unnamed Line: end = [200.0, -165.0]
4.7689 	EXP 	unnamed Line: start = [210.0, -175.0]
4.7689 	EXP 	unnamed Line: end = [200.0, -165.0]
4.7689 	EXP 	unnamed Line: start = [190.0, -175.0]
4.7689 	EXP 	unnamed Line: end = [200.0, -165.0]
4.7689 	EXP 	unnamed Line: start = [115.0, -250.0]
4.7689 	EXP 	unnamed Line: end = [185.0, -250.0]
4.7689 	EXP 	unnamed Line: start = [175.0, -260.0]
4.7689 	EXP 	unnamed Line: end = [185.0, -250.0]
4.7689 	EXP 	unnamed Line: start = [175.0, -240.0]
4.7689 	EXP 	unnamed Line: end = [185.0, -250.0]
4.7689 	EXP 	unnamed Line: start = [415.0, -150.0]
4.7689 	EXP 	unnamed Line: end = [485.0, -150.0]
4.7689 	EXP 	unnamed Line: start = [475.0, -160.0]
4.7689 	EXP 	unnamed Line: end = [485.0, -150.0]
4.7689 	EXP 	unnamed Line: start = [475.0, -140.0]
4.7689 	EXP 	unnamed Line: end = [485.0, -150.0]
4.7689 	EXP 	unnamed Line: start = [485.0, -250.0]
4.7689 	EXP 	unnamed Line: end = [415.0, -250.0]
4.7689 	EXP 	unnamed Line: start = [425.0, -240.0]
4.7689 	EXP 	unnamed Line: end = [415.0, -250.0]
4.7689 	EXP 	unnamed Line: start = [425.0, -260.0]
4.7689 	EXP 	unnamed Line: end = [415.0, -250.0]
4.7689 	EXP 	unnamed Line: start = [485.0, -165.0]
4.7689 	EXP 	unnamed Line: end = [415.0, -235.0]
4.7689 	EXP 	unnamed Line: start = [415.0, -220.85786437626905]
4.7689 	EXP 	unnamed Line: end = [415.0, -235.0]
4.7689 	EXP 	unnamed Line: start = [429.14213562373095, -235.0]
4.7689 	EXP 	unnamed Line: end = [415.0, -235.0]
4.7689 	EXP 	unnamed ImageStim: autoDraw = True
4.7689 	EXP 	unnamed ImageStim: autoDraw = True
4.7689 	EXP 	unnamed ImageStim: autoDraw = True
4.7689 	EXP 	unnamed ImageStim: autoDraw = True
4.7689 	EXP 	unnamed Line: autoDraw = True
4.7689 	EXP 	unnamed Line: autoDraw = True
4.7689 	EXP 	unnamed Line: autoDraw = True
4.7689 	EXP 	unnamed Line: autoDraw = True
4.7689 	EXP 	unnamed Line: autoDraw = True
4.7689 	EXP 	unnamed Line: autoDraw = True
4.7689 	EXP 	unnamed Line: autoDraw = True
4.7689 	EXP 	unnamed Line: autoDraw = True
4.7689 	EXP 	unnamed Line: autoDraw = True
4.7689 	EXP 	unnamed ImageStim: autoDraw = True
4.7689 	EXP 	unnamed ImageStim: autoDraw = True
4.7689 	EXP 	unnamed ImageStim: autoDraw = True
4.7689 	EXP 	unnamed ImageStim: autoDraw = True
4.7689 	EXP 	unnamed Line: autoDraw = True
4.7689 	EXP 	unnamed Line: autoDraw = True
4.7689 	EXP 	unnamed Line: autoDraw = True
4.7689 	EXP 	unnamed Line: autoDraw = True
4.7689 	EXP 	unnamed Line: autoDraw = True
4.7689 	EXP 	unnamed Line: autoDraw = True
4.7689 	EXP 	unnamed Line: autoDraw = True
4.7689 	EXP 	unnamed Line: autoDraw = True
4.7689 	EXP 	unnamed Line: autoDraw = True
4.7689 	EXP 	unnamed ImageStim: autoDraw = True
4.7689 	EXP 	unnamed ImageStim: autoDraw = True
4.7689 	EXP 	unnamed ImageStim: autoDraw = True
4.7689 	EXP 	unnamed ImageStim: autoDraw = True
4.7689 	EXP 	unnamed Line: autoDraw = True
4.7689 	EXP 	unnamed Line: autoDraw = True
4.7689 	EXP 	unnamed Line: autoDraw = True
4.7689 	EXP 	unnamed Line: autoDraw = True
4.7689 	EXP 	unnamed Line: autoDraw = True
4.7689 	EXP 	unnamed Line: autoDraw = True
4.7689 	EXP 	unnamed Line: autoDraw = True
4.7689 	EXP 	unnamed Line: autoDraw = True
4.7689 	EXP 	unnamed Line: autoDraw = True
4.7689 	EXP 	unnamed ImageStim: autoDraw = True
4.7689 	EXP 	unnamed ImageStim: autoDraw = True
4.7689 	EXP 	unnamed ImageStim: autoDraw = True
4.7689 	EXP 	unnamed ImageStim: autoDraw = True
4.7689 	EXP 	unnamed Line: autoDraw = True
4.7689 	EXP 	unnamed Line: autoDraw = True
4.7689 	EXP 	unnamed Line: autoDraw = True
4.7689 	EXP 	unnamed Line: autoDraw = True
4.7689 	EXP 	unnamed Line: autoDraw = True
4.7689 	EXP 	unnamed Line: autoDraw = True
4.7689 	EXP 	unnamed Line: autoDraw = True
4.7689 	EXP 	unnamed Line: autoDraw = True
4.7689 	EXP 	unnamed Line: autoDraw = True
4.7689 	EXP 	unnamed ImageStim: autoDraw = True
4.7689 	EXP 	unnamed ImageStim: autoDraw = True
4.7689 	EXP 	unnamed ImageStim: autoDraw = True
4.7689 	EXP 	unnamed ImageStim: autoDraw = True
4.7689 	EXP 	unnamed Line: autoDraw = True
4.7689 	EXP 	unnamed Line: autoDraw = True
4.7689 	EXP 	unnamed Line: autoDraw = True
4.7689 	EXP 	unnamed Line: autoDraw = True
4.7689 	EXP 	unnamed Line: autoDraw = True
4.7689 	EXP 	unnamed Line: autoDraw = True
4.7689 	EXP 	unnamed Line: autoDraw = True
4.7689 	EXP 	unnamed Line: autoDraw = True
4.7689 	EXP 	unnamed Line: autoDraw = True
