1.9569 	INFO 	Screen res set as: 1920x1080
1.9579 	INFO 	Loaded monitor calibration from ['2018_09_18 09:28']
2.5103 	EXP 	Created window1 = Window(allowGUI=True, allowStencil=False, args=UNKNOWN, autoLog=True, bitsMode=UNKNOWN, blendMode='avg', color='Gainsboro', colorSpace='named', fullscr=UNKNOWN, gamma=None, kwargs=UNKNOWN, lms=UNKNOWN, monitor=<psychopy.monitors.calibTools.Monitor object at 0x7ff4f0158f60>, multiSample=False, name='window1', numSamples=2, pos=None, screen=0, size=array([1920, 1080]), stereo=False, units='pix', useFBO=False, useRetina=False, viewOri=0.0, viewPos=None, viewScale=None, waitBlanking=True, winType='pygame')
2.5104 	INFO 	Detected framerate: 30 frames per sec.
2.5104 	INFO 	Mouse: using default window
2.6045 	EXP 	Created unnamed ImageStim = ImageStim(__class__=<class 'psychopy.visual.image.ImageStim'>, autoLog=True, color=array([1., 1., 1.]), colorSpace='rgb', contrast=1.0, depth=0, flipHoriz=False, flipVert=False, image='images/clock.png', interpolate=True, mask=None, maskParams=None, name='unnamed ImageStim', opacity=1.0, ori=0.0, pos=array([200., 200.]), size=array([200., 200.]), texRes=128, units='pix', win=Window(...))
2.6380 	INFO 	using sysFont Arial
2.6396 	EXP 	Created unnamed TextStim = TextStim(__class__=<class 'psychopy.visual.text.TextStim'>, alignHoriz='center', alignVert='center', antialias=True, autoLog=True, bold=False, color='black', colorSpace='named', contrast=1.0, depth=0, flipHoriz=False, flipVert=False, font='Arial', fontFiles=[], height=32, italic=False, name='unnamed TextStim', opacity=1.0, ori=0.0, pos=array([0., 0.]), rgb=array([0., 0., 0.]), text='Wstęp', units='pix', win=Window(...), wrapWidth=1920)
3.0700 	EXP 	Created unnamed ImageStim = ImageStim(__class__=<class 'psychopy.visual.image.ImageStim'>, autoLog=True, color=array([1., 1., 1.]), colorSpace='rgb', contrast=1.0, depth=0, flipHoriz=False, flipVert=False, image='images/20_11.png', interpolate=True, mask=None, maskParams=None, name='unnamed ImageStim', opacity=1.0, ori=0.0, pos=array([-50., 150.]), size=array([40., 40.]), texRes=128, units='pix', win=Window(...))
3.0807 	EXP 	Created unnamed ImageStim = ImageStim(__class__=<class 'psychopy.visual.image.ImageStim'>, autoLog=True, color=array([1., 1., 1.]), colorSpace='rgb', contrast=1.0, depth=0, flipHoriz=False, flipVert=False, image='images/6_11.png', interpolate=True, mask=None, maskParams=None, name='unnamed ImageStim', opacity=1.0, ori=0.0, pos=array([ 50., 150.]), size=array([40., 40.]), texRes=128, units='pix', win=Window(...))
3.0907 	EXP 	Created unnamed ImageStim = ImageStim(__class__=<class 'psychopy.visual.image.ImageStim'>, autoLog=True, color=array([1., 1., 1.]), colorSpace='rgb', contrast=1.0, depth=0, flipHoriz=False, flipVert=False, image='images/21_11.png', interpolate=True, mask=None, maskParams=None, name='unnamed ImageStim', opacity=1.0, ori=0.0, pos=array([-50.,  50.]), size=array([40., 40.]), texRes=128, units='pix', win=Window(...))
3.1013 	EXP 	Created unnamed ImageStim = ImageStim(__class__=<class 'psychopy.visual.image.ImageStim'>, autoLog=True, color=array([1., 1., 1.]), colorSpace='rgb', contrast=1.0, depth=0, flipHoriz=False, flipVert=False, image='images/24_11.png', interpolate=True, mask=None, maskParams=None, name='unnamed ImageStim', opacity=1.0, ori=0.0, pos=array([50., 50.]), size=array([40., 40.]), texRes=128, units='pix', win=Window(...))
3.1045 	EXP 	Created unnamed Line = Line(__class__=<class 'psychopy.visual.line.Line'>, autoDraw=False, autoLog=True, closeShape=False, contrast=1.0, depth=0, fillColor=None, fillColorSpace='rgb', interpolate=True, lineColor='black', lineColorSpace='named', lineWidth=1.5, name='unnamed Line', opacity=1.0, ori=array(0.), pos=array([0., 0.]), size=array([1., 1.]), units='pix', vertices=array([[-0.5, -0.5],
       [ 0.5,  0.5]]), win=Window(...), windingRule=None)
3.1056 	EXP 	Created unnamed Line = Line(__class__=<class 'psychopy.visual.line.Line'>, autoDraw=False, autoLog=True, closeShape=False, contrast=1.0, depth=0, fillColor=None, fillColorSpace='rgb', interpolate=True, lineColor='black', lineColorSpace='named', lineWidth=1.5, name='unnamed Line', opacity=1.0, ori=array(0.), pos=array([0., 0.]), size=array([1., 1.]), units='pix', vertices=array([[-0.5, -0.5],
       [ 0.5,  0.5]]), win=Window(...), windingRule=None)
3.1066 	EXP 	Created unnamed Line = Line(__class__=<class 'psychopy.visual.line.Line'>, autoDraw=False, autoLog=True, closeShape=False, contrast=1.0, depth=0, fillColor=None, fillColorSpace='rgb', interpolate=True, lineColor='black', lineColorSpace='named', lineWidth=1.5, name='unnamed Line', opacity=1.0, ori=array(0.), pos=array([0., 0.]), size=array([1., 1.]), units='pix', vertices=array([[-0.5, -0.5],
       [ 0.5,  0.5]]), win=Window(...), windingRule=None)
3.1081 	EXP 	Created unnamed Line = Line(__class__=<class 'psychopy.visual.line.Line'>, autoDraw=False, autoLog=True, closeShape=False, contrast=1.0, depth=0, fillColor=None, fillColorSpace='rgb', interpolate=True, lineColor='black', lineColorSpace='named', lineWidth=1.5, name='unnamed Line', opacity=1.0, ori=array(0.), pos=array([0., 0.]), size=array([1., 1.]), units='pix', vertices=array([[-0.5, -0.5],
       [ 0.5,  0.5]]), win=Window(...), windingRule=None)
3.1094 	EXP 	Created unnamed Line = Line(__class__=<class 'psychopy.visual.line.Line'>, autoDraw=False, autoLog=True, closeShape=False, contrast=1.0, depth=0, fillColor=None, fillColorSpace='rgb', interpolate=True, lineColor='black', lineColorSpace='named', lineWidth=1.5, name='unnamed Line', opacity=1.0, ori=array(0.), pos=array([0., 0.]), size=array([1., 1.]), units='pix', vertices=array([[-0.5, -0.5],
       [ 0.5,  0.5]]), win=Window(...), windingRule=None)
3.1112 	EXP 	Created unnamed Line = Line(__class__=<class 'psychopy.visual.line.Line'>, autoDraw=False, autoLog=True, closeShape=False, contrast=1.0, depth=0, fillColor=None, fillColorSpace='rgb', interpolate=True, lineColor='black', lineColorSpace='named', lineWidth=1.5, name='unnamed Line', opacity=1.0, ori=array(0.), pos=array([0., 0.]), size=array([1., 1.]), units='pix', vertices=array([[-0.5, -0.5],
       [ 0.5,  0.5]]), win=Window(...), windingRule=None)
3.1132 	EXP 	Created unnamed Line = Line(__class__=<class 'psychopy.visual.line.Line'>, autoDraw=False, autoLog=True, closeShape=False, contrast=1.0, depth=0, fillColor=None, fillColorSpace='rgb', interpolate=True, lineColor='black', lineColorSpace='named', lineWidth=1.5, name='unnamed Line', opacity=1.0, ori=array(0.), pos=array([0., 0.]), size=array([1., 1.]), units='pix', vertices=array([[-0.5, -0.5],
       [ 0.5,  0.5]]), win=Window(...), windingRule=None)
3.1142 	EXP 	Created unnamed Line = Line(__class__=<class 'psychopy.visual.line.Line'>, autoDraw=False, autoLog=True, closeShape=False, contrast=1.0, depth=0, fillColor=None, fillColorSpace='rgb', interpolate=True, lineColor='black', lineColorSpace='named', lineWidth=1.5, name='unnamed Line', opacity=1.0, ori=array(0.), pos=array([0., 0.]), size=array([1., 1.]), units='pix', vertices=array([[-0.5, -0.5],
       [ 0.5,  0.5]]), win=Window(...), windingRule=None)
3.1153 	EXP 	Created unnamed Line = Line(__class__=<class 'psychopy.visual.line.Line'>, autoDraw=False, autoLog=True, closeShape=False, contrast=1.0, depth=0, fillColor=None, fillColorSpace='rgb', interpolate=True, lineColor='black', lineColorSpace='named', lineWidth=1.5, name='unnamed Line', opacity=1.0, ori=array(0.), pos=array([0., 0.]), size=array([1., 1.]), units='pix', vertices=array([[-0.5, -0.5],
       [ 0.5,  0.5]]), win=Window(...), windingRule=None)
3.1254 	EXP 	Created unnamed ImageStim = ImageStim(__class__=<class 'psychopy.visual.image.ImageStim'>, autoLog=True, color=array([1., 1., 1.]), colorSpace='rgb', contrast=1.0, depth=0, flipHoriz=False, flipVert=False, image='images/21_11.png', interpolate=True, mask=None, maskParams=None, name='unnamed ImageStim', opacity=1.0, ori=0.0, pos=array([-500., -150.]), size=array([30., 30.]), texRes=128, units='pix', win=Window(...))
3.1346 	EXP 	Created unnamed ImageStim = ImageStim(__class__=<class 'psychopy.visual.image.ImageStim'>, autoLog=True, color=array([1., 1., 1.]), colorSpace='rgb', contrast=1.0, depth=0, flipHoriz=False, flipVert=False, image='images/6_11.png', interpolate=True, mask=None, maskParams=None, name='unnamed ImageStim', opacity=1.0, ori=0.0, pos=array([-400., -150.]), size=array([30., 30.]), texRes=128, units='pix', win=Window(...))
3.1446 	EXP 	Created unnamed ImageStim = ImageStim(__class__=<class 'psychopy.visual.image.ImageStim'>, autoLog=True, color=array([1., 1., 1.]), colorSpace='rgb', contrast=1.0, depth=0, flipHoriz=False, flipVert=False, image='images/24_11.png', interpolate=True, mask=None, maskParams=None, name='unnamed ImageStim', opacity=1.0, ori=0.0, pos=array([-500., -250.]), size=array([30., 30.]), texRes=128, units='pix', win=Window(...))
3.1535 	EXP 	Created unnamed ImageStim = ImageStim(__class__=<class 'psychopy.visual.image.ImageStim'>, autoLog=True, color=array([1., 1., 1.]), colorSpace='rgb', contrast=1.0, depth=0, flipHoriz=False, flipVert=False, image='images/20_11.png', interpolate=True, mask=None, maskParams=None, name='unnamed ImageStim', opacity=1.0, ori=0.0, pos=array([-400., -250.]), size=array([30., 30.]), texRes=128, units='pix', win=Window(...))
3.1546 	EXP 	Created unnamed Line = Line(__class__=<class 'psychopy.visual.line.Line'>, autoDraw=False, autoLog=True, closeShape=False, contrast=1.0, depth=0, fillColor=None, fillColorSpace='rgb', interpolate=True, lineColor='black', lineColorSpace='named', lineWidth=1.5, name='unnamed Line', opacity=1.0, ori=array(0.), pos=array([0., 0.]), size=array([1., 1.]), units='pix', vertices=array([[-0.5, -0.5],
       [ 0.5,  0.5]]), win=Window(...), windingRule=None)
3.1557 	EXP 	Created unnamed Line = Line(__class__=<class 'psychopy.visual.line.Line'>, autoDraw=False, autoLog=True, closeShape=False, contrast=1.0, depth=0, fillColor=None, fillColorSpace='rgb', interpolate=True, lineColor='black', lineColorSpace='named', lineWidth=1.5, name='unnamed Line', opacity=1.0, ori=array(0.), pos=array([0., 0.]), size=array([1., 1.]), units='pix', vertices=array([[-0.5, -0.5],
       [ 0.5,  0.5]]), win=Window(...), windingRule=None)
3.1568 	EXP 	Created unnamed Line = Line(__class__=<class 'psychopy.visual.line.Line'>, autoDraw=False, autoLog=True, closeShape=False, contrast=1.0, depth=0, fillColor=None, fillColorSpace='rgb', interpolate=True, lineColor='black', lineColorSpace='named', lineWidth=1.5, name='unnamed Line', opacity=1.0, ori=array(0.), pos=array([0., 0.]), size=array([1., 1.]), units='pix', vertices=array([[-0.5, -0.5],
       [ 0.5,  0.5]]), win=Window(...), windingRule=None)
3.1586 	EXP 	Created unnamed Line = Line(__class__=<class 'psychopy.visual.line.Line'>, autoDraw=False, autoLog=True, closeShape=False, contrast=1.0, depth=0, fillColor=None, fillColorSpace='rgb', interpolate=True, lineColor='black', lineColorSpace='named', lineWidth=1.5, name='unnamed Line', opacity=1.0, ori=array(0.), pos=array([0., 0.]), size=array([1., 1.]), units='pix', vertices=array([[-0.5, -0.5],
       [ 0.5,  0.5]]), win=Window(...), windingRule=None)
3.1597 	EXP 	Created unnamed Line = Line(__class__=<class 'psychopy.visual.line.Line'>, autoDraw=False, autoLog=True, closeShape=False, contrast=1.0, depth=0, fillColor=None, fillColorSpace='rgb', interpolate=True, lineColor='black', lineColorSpace='named', lineWidth=1.5, name='unnamed Line', opacity=1.0, ori=array(0.), pos=array([0., 0.]), size=array([1., 1.]), units='pix', vertices=array([[-0.5, -0.5],
       [ 0.5,  0.5]]), win=Window(...), windingRule=None)
3.1609 	EXP 	Created unnamed Line = Line(__class__=<class 'psychopy.visual.line.Line'>, autoDraw=False, autoLog=True, closeShape=False, contrast=1.0, depth=0, fillColor=None, fillColorSpace='rgb', interpolate=True, lineColor='black', lineColorSpace='named', lineWidth=1.5, name='unnamed Line', opacity=1.0, ori=array(0.), pos=array([0., 0.]), size=array([1., 1.]), units='pix', vertices=array([[-0.5, -0.5],
       [ 0.5,  0.5]]), win=Window(...), windingRule=None)
3.1625 	EXP 	Created unnamed Line = Line(__class__=<class 'psychopy.visual.line.Line'>, autoDraw=False, autoLog=True, closeShape=False, contrast=1.0, depth=0, fillColor=None, fillColorSpace='rgb', interpolate=True, lineColor='black', lineColorSpace='named', lineWidth=1.5, name='unnamed Line', opacity=1.0, ori=array(0.), pos=array([0., 0.]), size=array([1., 1.]), units='pix', vertices=array([[-0.5, -0.5],
       [ 0.5,  0.5]]), win=Window(...), windingRule=None)
3.1637 	EXP 	Created unnamed Line = Line(__class__=<class 'psychopy.visual.line.Line'>, autoDraw=False, autoLog=True, closeShape=False, contrast=1.0, depth=0, fillColor=None, fillColorSpace='rgb', interpolate=True, lineColor='black', lineColorSpace='named', lineWidth=1.5, name='unnamed Line', opacity=1.0, ori=array(0.), pos=array([0., 0.]), size=array([1., 1.]), units='pix', vertices=array([[-0.5, -0.5],
       [ 0.5,  0.5]]), win=Window(...), windingRule=None)
3.1650 	EXP 	Created unnamed Line = Line(__class__=<class 'psychopy.visual.line.Line'>, autoDraw=False, autoLog=True, closeShape=False, contrast=1.0, depth=0, fillColor=None, fillColorSpace='rgb', interpolate=True, lineColor='black', lineColorSpace='named', lineWidth=1.5, name='unnamed Line', opacity=1.0, ori=array(0.), pos=array([0., 0.]), size=array([1., 1.]), units='pix', vertices=array([[-0.5, -0.5],
       [ 0.5,  0.5]]), win=Window(...), windingRule=None)
3.1755 	EXP 	Created unnamed ImageStim = ImageStim(__class__=<class 'psychopy.visual.image.ImageStim'>, autoLog=True, color=array([1., 1., 1.]), colorSpace='rgb', contrast=1.0, depth=0, flipHoriz=False, flipVert=False, image='images/24_11.png', interpolate=True, mask=None, maskParams=None, name='unnamed ImageStim', opacity=1.0, ori=0.0, pos=array([-200., -150.]), size=array([30., 30.]), texRes=128, units='pix', win=Window(...))
3.1847 	EXP 	Created unnamed ImageStim = ImageStim(__class__=<class 'psychopy.visual.image.ImageStim'>, autoLog=True, color=array([1., 1., 1.]), colorSpace='rgb', contrast=1.0, depth=0, flipHoriz=False, flipVert=False, image='images/6_11.png', interpolate=True, mask=None, maskParams=None, name='unnamed ImageStim', opacity=1.0, ori=0.0, pos=array([-100., -150.]), size=array([30., 30.]), texRes=128, units='pix', win=Window(...))
3.1937 	EXP 	Created unnamed ImageStim = ImageStim(__class__=<class 'psychopy.visual.image.ImageStim'>, autoLog=True, color=array([1., 1., 1.]), colorSpace='rgb', contrast=1.0, depth=0, flipHoriz=False, flipVert=False, image='images/20_11.png', interpolate=True, mask=None, maskParams=None, name='unnamed ImageStim', opacity=1.0, ori=0.0, pos=array([-200., -250.]), size=array([30., 30.]), texRes=128, units='pix', win=Window(...))
3.2035 	EXP 	Created unnamed ImageStim = ImageStim(__class__=<class 'psychopy.visual.image.ImageStim'>, autoLog=True, color=array([1., 1., 1.]), colorSpace='rgb', contrast=1.0, depth=0, flipHoriz=False, flipVert=False, image='images/21_11.png', interpolate=True, mask=None, maskParams=None, name='unnamed ImageStim', opacity=1.0, ori=0.0, pos=array([-100., -250.]), size=array([30., 30.]), texRes=128, units='pix', win=Window(...))
3.2046 	EXP 	Created unnamed Line = Line(__class__=<class 'psychopy.visual.line.Line'>, autoDraw=False, autoLog=True, closeShape=False, contrast=1.0, depth=0, fillColor=None, fillColorSpace='rgb', interpolate=True, lineColor='black', lineColorSpace='named', lineWidth=1.5, name='unnamed Line', opacity=1.0, ori=array(0.), pos=array([0., 0.]), size=array([1., 1.]), units='pix', vertices=array([[-0.5, -0.5],
       [ 0.5,  0.5]]), win=Window(...), windingRule=None)
3.2056 	EXP 	Created unnamed Line = Line(__class__=<class 'psychopy.visual.line.Line'>, autoDraw=False, autoLog=True, closeShape=False, contrast=1.0, depth=0, fillColor=None, fillColorSpace='rgb', interpolate=True, lineColor='black', lineColorSpace='named', lineWidth=1.5, name='unnamed Line', opacity=1.0, ori=array(0.), pos=array([0., 0.]), size=array([1., 1.]), units='pix', vertices=array([[-0.5, -0.5],
       [ 0.5,  0.5]]), win=Window(...), windingRule=None)
3.2067 	EXP 	Created unnamed Line = Line(__class__=<class 'psychopy.visual.line.Line'>, autoDraw=False, autoLog=True, closeShape=False, contrast=1.0, depth=0, fillColor=None, fillColorSpace='rgb', interpolate=True, lineColor='black', lineColorSpace='named', lineWidth=1.5, name='unnamed Line', opacity=1.0, ori=array(0.), pos=array([0., 0.]), size=array([1., 1.]), units='pix', vertices=array([[-0.5, -0.5],
       [ 0.5,  0.5]]), win=Window(...), windingRule=None)
3.2082 	EXP 	Created unnamed Line = Line(__class__=<class 'psychopy.visual.line.Line'>, autoDraw=False, autoLog=True, closeShape=False, contrast=1.0, depth=0, fillColor=None, fillColorSpace='rgb', interpolate=True, lineColor='black', lineColorSpace='named', lineWidth=1.5, name='unnamed Line', opacity=1.0, ori=array(0.), pos=array([0., 0.]), size=array([1., 1.]), units='pix', vertices=array([[-0.5, -0.5],
       [ 0.5,  0.5]]), win=Window(...), windingRule=None)
3.2092 	EXP 	Created unnamed Line = Line(__class__=<class 'psychopy.visual.line.Line'>, autoDraw=False, autoLog=True, closeShape=False, contrast=1.0, depth=0, fillColor=None, fillColorSpace='rgb', interpolate=True, lineColor='black', lineColorSpace='named', lineWidth=1.5, name='unnamed Line', opacity=1.0, ori=array(0.), pos=array([0., 0.]), size=array([1., 1.]), units='pix', vertices=array([[-0.5, -0.5],
       [ 0.5,  0.5]]), win=Window(...), windingRule=None)
3.2103 	EXP 	Created unnamed Line = Line(__class__=<class 'psychopy.visual.line.Line'>, autoDraw=False, autoLog=True, closeShape=False, contrast=1.0, depth=0, fillColor=None, fillColorSpace='rgb', interpolate=True, lineColor='black', lineColorSpace='named', lineWidth=1.5, name='unnamed Line', opacity=1.0, ori=array(0.), pos=array([0., 0.]), size=array([1., 1.]), units='pix', vertices=array([[-0.5, -0.5],
       [ 0.5,  0.5]]), win=Window(...), windingRule=None)
3.2118 	EXP 	Created unnamed Line = Line(__class__=<class 'psychopy.visual.line.Line'>, autoDraw=False, autoLog=True, closeShape=False, contrast=1.0, depth=0, fillColor=None, fillColorSpace='rgb', interpolate=True, lineColor='black', lineColorSpace='named', lineWidth=1.5, name='unnamed Line', opacity=1.0, ori=array(0.), pos=array([0., 0.]), size=array([1., 1.]), units='pix', vertices=array([[-0.5, -0.5],
       [ 0.5,  0.5]]), win=Window(...), windingRule=None)
3.2128 	EXP 	Created unnamed Line = Line(__class__=<class 'psychopy.visual.line.Line'>, autoDraw=False, autoLog=True, closeShape=False, contrast=1.0, depth=0, fillColor=None, fillColorSpace='rgb', interpolate=True, lineColor='black', lineColorSpace='named', lineWidth=1.5, name='unnamed Line', opacity=1.0, ori=array(0.), pos=array([0., 0.]), size=array([1., 1.]), units='pix', vertices=array([[-0.5, -0.5],
       [ 0.5,  0.5]]), win=Window(...), windingRule=None)
3.2139 	EXP 	Created unnamed Line = Line(__class__=<class 'psychopy.visual.line.Line'>, autoDraw=False, autoLog=True, closeShape=False, contrast=1.0, depth=0, fillColor=None, fillColorSpace='rgb', interpolate=True, lineColor='black', lineColorSpace='named', lineWidth=1.5, name='unnamed Line', opacity=1.0, ori=array(0.), pos=array([0., 0.]), size=array([1., 1.]), units='pix', vertices=array([[-0.5, -0.5],
       [ 0.5,  0.5]]), win=Window(...), windingRule=None)
3.2232 	EXP 	Created unnamed ImageStim = ImageStim(__class__=<class 'psychopy.visual.image.ImageStim'>, autoLog=True, color=array([1., 1., 1.]), colorSpace='rgb', contrast=1.0, depth=0, flipHoriz=False, flipVert=False, image='images/20_11.png', interpolate=True, mask=None, maskParams=None, name='unnamed ImageStim', opacity=1.0, ori=0.0, pos=array([ 100., -150.]), size=array([30., 30.]), texRes=128, units='pix', win=Window(...))
3.2327 	EXP 	Created unnamed ImageStim = ImageStim(__class__=<class 'psychopy.visual.image.ImageStim'>, autoLog=True, color=array([1., 1., 1.]), colorSpace='rgb', contrast=1.0, depth=0, flipHoriz=False, flipVert=False, image='images/21_11.png', interpolate=True, mask=None, maskParams=None, name='unnamed ImageStim', opacity=1.0, ori=0.0, pos=array([ 200., -150.]), size=array([30., 30.]), texRes=128, units='pix', win=Window(...))
3.2417 	EXP 	Created unnamed ImageStim = ImageStim(__class__=<class 'psychopy.visual.image.ImageStim'>, autoLog=True, color=array([1., 1., 1.]), colorSpace='rgb', contrast=1.0, depth=0, flipHoriz=False, flipVert=False, image='images/24_11.png', interpolate=True, mask=None, maskParams=None, name='unnamed ImageStim', opacity=1.0, ori=0.0, pos=array([ 100., -250.]), size=array([30., 30.]), texRes=128, units='pix', win=Window(...))
3.2512 	EXP 	Created unnamed ImageStim = ImageStim(__class__=<class 'psychopy.visual.image.ImageStim'>, autoLog=True, color=array([1., 1., 1.]), colorSpace='rgb', contrast=1.0, depth=0, flipHoriz=False, flipVert=False, image='images/6_11.png', interpolate=True, mask=None, maskParams=None, name='unnamed ImageStim', opacity=1.0, ori=0.0, pos=array([ 200., -250.]), size=array([30., 30.]), texRes=128, units='pix', win=Window(...))
3.2524 	EXP 	Created unnamed Line = Line(__class__=<class 'psychopy.visual.line.Line'>, autoDraw=False, autoLog=True, closeShape=False, contrast=1.0, depth=0, fillColor=None, fillColorSpace='rgb', interpolate=True, lineColor='black', lineColorSpace='named', lineWidth=1.5, name='unnamed Line', opacity=1.0, ori=array(0.), pos=array([0., 0.]), size=array([1., 1.]), units='pix', vertices=array([[-0.5, -0.5],
       [ 0.5,  0.5]]), win=Window(...), windingRule=None)
3.2534 	EXP 	Created unnamed Line = Line(__class__=<class 'psychopy.visual.line.Line'>, autoDraw=False, autoLog=True, closeShape=False, contrast=1.0, depth=0, fillColor=None, fillColorSpace='rgb', interpolate=True, lineColor='black', lineColorSpace='named', lineWidth=1.5, name='unnamed Line', opacity=1.0, ori=array(0.), pos=array([0., 0.]), size=array([1., 1.]), units='pix', vertices=array([[-0.5, -0.5],
       [ 0.5,  0.5]]), win=Window(...), windingRule=None)
3.2545 	EXP 	Created unnamed Line = Line(__class__=<class 'psychopy.visual.line.Line'>, autoDraw=False, autoLog=True, closeShape=False, contrast=1.0, depth=0, fillColor=None, fillColorSpace='rgb', interpolate=True, lineColor='black', lineColorSpace='named', lineWidth=1.5, name='unnamed Line', opacity=1.0, ori=array(0.), pos=array([0., 0.]), size=array([1., 1.]), units='pix', vertices=array([[-0.5, -0.5],
       [ 0.5,  0.5]]), win=Window(...), windingRule=None)
3.2560 	EXP 	Created unnamed Line = Line(__class__=<class 'psychopy.visual.line.Line'>, autoDraw=False, autoLog=True, closeShape=False, contrast=1.0, depth=0, fillColor=None, fillColorSpace='rgb', interpolate=True, lineColor='black', lineColorSpace='named', lineWidth=1.5, name='unnamed Line', opacity=1.0, ori=array(0.), pos=array([0., 0.]), size=array([1., 1.]), units='pix', vertices=array([[-0.5, -0.5],
       [ 0.5,  0.5]]), win=Window(...), windingRule=None)
3.2570 	EXP 	Created unnamed Line = Line(__class__=<class 'psychopy.visual.line.Line'>, autoDraw=False, autoLog=True, closeShape=False, contrast=1.0, depth=0, fillColor=None, fillColorSpace='rgb', interpolate=True, lineColor='black', lineColorSpace='named', lineWidth=1.5, name='unnamed Line', opacity=1.0, ori=array(0.), pos=array([0., 0.]), size=array([1., 1.]), units='pix', vertices=array([[-0.5, -0.5],
       [ 0.5,  0.5]]), win=Window(...), windingRule=None)
3.2580 	EXP 	Created unnamed Line = Line(__class__=<class 'psychopy.visual.line.Line'>, autoDraw=False, autoLog=True, closeShape=False, contrast=1.0, depth=0, fillColor=None, fillColorSpace='rgb', interpolate=True, lineColor='black', lineColorSpace='named', lineWidth=1.5, name='unnamed Line', opacity=1.0, ori=array(0.), pos=array([0., 0.]), size=array([1., 1.]), units='pix', vertices=array([[-0.5, -0.5],
       [ 0.5,  0.5]]), win=Window(...), windingRule=None)
3.2596 	EXP 	Created unnamed Line = Line(__class__=<class 'psychopy.visual.line.Line'>, autoDraw=False, autoLog=True, closeShape=False, contrast=1.0, depth=0, fillColor=None, fillColorSpace='rgb', interpolate=True, lineColor='black', lineColorSpace='named', lineWidth=1.5, name='unnamed Line', opacity=1.0, ori=array(0.), pos=array([0., 0.]), size=array([1., 1.]), units='pix', vertices=array([[-0.5, -0.5],
       [ 0.5,  0.5]]), win=Window(...), windingRule=None)
3.2606 	EXP 	Created unnamed Line = Line(__class__=<class 'psychopy.visual.line.Line'>, autoDraw=False, autoLog=True, closeShape=False, contrast=1.0, depth=0, fillColor=None, fillColorSpace='rgb', interpolate=True, lineColor='black', lineColorSpace='named', lineWidth=1.5, name='unnamed Line', opacity=1.0, ori=array(0.), pos=array([0., 0.]), size=array([1., 1.]), units='pix', vertices=array([[-0.5, -0.5],
       [ 0.5,  0.5]]), win=Window(...), windingRule=None)
3.2617 	EXP 	Created unnamed Line = Line(__class__=<class 'psychopy.visual.line.Line'>, autoDraw=False, autoLog=True, closeShape=False, contrast=1.0, depth=0, fillColor=None, fillColorSpace='rgb', interpolate=True, lineColor='black', lineColorSpace='named', lineWidth=1.5, name='unnamed Line', opacity=1.0, ori=array(0.), pos=array([0., 0.]), size=array([1., 1.]), units='pix', vertices=array([[-0.5, -0.5],
       [ 0.5,  0.5]]), win=Window(...), windingRule=None)
3.2738 	EXP 	Created unnamed ImageStim = ImageStim(__class__=<class 'psychopy.visual.image.ImageStim'>, autoLog=True, color=array([1., 1., 1.]), colorSpace='rgb', contrast=1.0, depth=0, flipHoriz=False, flipVert=False, image='images/6_11.png', interpolate=True, mask=None, maskParams=None, name='unnamed ImageStim', opacity=1.0, ori=0.0, pos=array([ 400., -150.]), size=array([30., 30.]), texRes=128, units='pix', win=Window(...))
3.2843 	EXP 	Created unnamed ImageStim = ImageStim(__class__=<class 'psychopy.visual.image.ImageStim'>, autoLog=True, color=array([1., 1., 1.]), colorSpace='rgb', contrast=1.0, depth=0, flipHoriz=False, flipVert=False, image='images/21_11.png', interpolate=True, mask=None, maskParams=None, name='unnamed ImageStim', opacity=1.0, ori=0.0, pos=array([ 500., -150.]), size=array([30., 30.]), texRes=128, units='pix', win=Window(...))
3.2966 	EXP 	Created unnamed ImageStim = ImageStim(__class__=<class 'psychopy.visual.image.ImageStim'>, autoLog=True, color=array([1., 1., 1.]), colorSpace='rgb', contrast=1.0, depth=0, flipHoriz=False, flipVert=False, image='images/20_11.png', interpolate=True, mask=None, maskParams=None, name='unnamed ImageStim', opacity=1.0, ori=0.0, pos=array([ 400., -250.]), size=array([30., 30.]), texRes=128, units='pix', win=Window(...))
3.3073 	EXP 	Created unnamed ImageStim = ImageStim(__class__=<class 'psychopy.visual.image.ImageStim'>, autoLog=True, color=array([1., 1., 1.]), colorSpace='rgb', contrast=1.0, depth=0, flipHoriz=False, flipVert=False, image='images/24_11.png', interpolate=True, mask=None, maskParams=None, name='unnamed ImageStim', opacity=1.0, ori=0.0, pos=array([ 500., -250.]), size=array([30., 30.]), texRes=128, units='pix', win=Window(...))
3.3084 	EXP 	Created unnamed Line = Line(__class__=<class 'psychopy.visual.line.Line'>, autoDraw=False, autoLog=True, closeShape=False, contrast=1.0, depth=0, fillColor=None, fillColorSpace='rgb', interpolate=True, lineColor='black', lineColorSpace='named', lineWidth=1.5, name='unnamed Line', opacity=1.0, ori=array(0.), pos=array([0., 0.]), size=array([1., 1.]), units='pix', vertices=array([[-0.5, -0.5],
       [ 0.5,  0.5]]), win=Window(...), windingRule=None)
3.3095 	EXP 	Created unnamed Line = Line(__class__=<class 'psychopy.visual.line.Line'>, autoDraw=False, autoLog=True, closeShape=False, contrast=1.0, depth=0, fillColor=None, fillColorSpace='rgb', interpolate=True, lineColor='black', lineColorSpace='named', lineWidth=1.5, name='unnamed Line', opacity=1.0, ori=array(0.), pos=array([0., 0.]), size=array([1., 1.]), units='pix', vertices=array([[-0.5, -0.5],
       [ 0.5,  0.5]]), win=Window(...), windingRule=None)
3.3106 	EXP 	Created unnamed Line = Line(__class__=<class 'psychopy.visual.line.Line'>, autoDraw=False, autoLog=True, closeShape=False, contrast=1.0, depth=0, fillColor=None, fillColorSpace='rgb', interpolate=True, lineColor='black', lineColorSpace='named', lineWidth=1.5, name='unnamed Line', opacity=1.0, ori=array(0.), pos=array([0., 0.]), size=array([1., 1.]), units='pix', vertices=array([[-0.5, -0.5],
       [ 0.5,  0.5]]), win=Window(...), windingRule=None)
3.3123 	EXP 	Created unnamed Line = Line(__class__=<class 'psychopy.visual.line.Line'>, autoDraw=False, autoLog=True, closeShape=False, contrast=1.0, depth=0, fillColor=None, fillColorSpace='rgb', interpolate=True, lineColor='black', lineColorSpace='named', lineWidth=1.5, name='unnamed Line', opacity=1.0, ori=array(0.), pos=array([0., 0.]), size=array([1., 1.]), units='pix', vertices=array([[-0.5, -0.5],
       [ 0.5,  0.5]]), win=Window(...), windingRule=None)
3.3133 	EXP 	Created unnamed Line = Line(__class__=<class 'psychopy.visual.line.Line'>, autoDraw=False, autoLog=True, closeShape=False, contrast=1.0, depth=0, fillColor=None, fillColorSpace='rgb', interpolate=True, lineColor='black', lineColorSpace='named', lineWidth=1.5, name='unnamed Line', opacity=1.0, ori=array(0.), pos=array([0., 0.]), size=array([1., 1.]), units='pix', vertices=array([[-0.5, -0.5],
       [ 0.5,  0.5]]), win=Window(...), windingRule=None)
3.3143 	EXP 	Created unnamed Line = Line(__class__=<class 'psychopy.visual.line.Line'>, autoDraw=False, autoLog=True, closeShape=False, contrast=1.0, depth=0, fillColor=None, fillColorSpace='rgb', interpolate=True, lineColor='black', lineColorSpace='named', lineWidth=1.5, name='unnamed Line', opacity=1.0, ori=array(0.), pos=array([0., 0.]), size=array([1., 1.]), units='pix', vertices=array([[-0.5, -0.5],
       [ 0.5,  0.5]]), win=Window(...), windingRule=None)
3.3159 	EXP 	Created unnamed Line = Line(__class__=<class 'psychopy.visual.line.Line'>, autoDraw=False, autoLog=True, closeShape=False, contrast=1.0, depth=0, fillColor=None, fillColorSpace='rgb', interpolate=True, lineColor='black', lineColorSpace='named', lineWidth=1.5, name='unnamed Line', opacity=1.0, ori=array(0.), pos=array([0., 0.]), size=array([1., 1.]), units='pix', vertices=array([[-0.5, -0.5],
       [ 0.5,  0.5]]), win=Window(...), windingRule=None)
3.3169 	EXP 	Created unnamed Line = Line(__class__=<class 'psychopy.visual.line.Line'>, autoDraw=False, autoLog=True, closeShape=False, contrast=1.0, depth=0, fillColor=None, fillColorSpace='rgb', interpolate=True, lineColor='black', lineColorSpace='named', lineWidth=1.5, name='unnamed Line', opacity=1.0, ori=array(0.), pos=array([0., 0.]), size=array([1., 1.]), units='pix', vertices=array([[-0.5, -0.5],
       [ 0.5,  0.5]]), win=Window(...), windingRule=None)
3.3179 	EXP 	Created unnamed Line = Line(__class__=<class 'psychopy.visual.line.Line'>, autoDraw=False, autoLog=True, closeShape=False, contrast=1.0, depth=0, fillColor=None, fillColorSpace='rgb', interpolate=True, lineColor='black', lineColorSpace='named', lineWidth=1.5, name='unnamed Line', opacity=1.0, ori=array(0.), pos=array([0., 0.]), size=array([1., 1.]), units='pix', vertices=array([[-0.5, -0.5],
       [ 0.5,  0.5]]), win=Window(...), windingRule=None)
3.3516 	EXP 	unnamed Line: start = [30.0, 70.0]
3.3516 	EXP 	unnamed Line: end = [-30.0, 130.0]
3.3516 	EXP 	unnamed Line: start = [-15.857864376269049, 130.0]
3.3516 	EXP 	unnamed Line: end = [-30.0, 130.0]
3.3516 	EXP 	unnamed Line: start = [-30.0, 115.85786437626905]
3.3516 	EXP 	unnamed Line: end = [-30.0, 130.0]
3.3516 	EXP 	unnamed Line: start = [30.0, 150.0]
3.3516 	EXP 	unnamed Line: end = [-30.0, 150.0]
3.3516 	EXP 	unnamed Line: start = [-20.0, 160.0]
3.3516 	EXP 	unnamed Line: end = [-30.0, 150.0]
3.3516 	EXP 	unnamed Line: start = [-20.0, 140.0]
3.3516 	EXP 	unnamed Line: end = [-30.0, 150.0]
3.3516 	EXP 	unnamed Line: start = [30.0, 50.0]
3.3516 	EXP 	unnamed Line: end = [-30.0, 50.0]
3.3516 	EXP 	unnamed Line: start = [-20.0, 60.0]
3.3516 	EXP 	unnamed Line: end = [-30.0, 50.0]
3.3516 	EXP 	unnamed Line: start = [-20.0, 40.0]
3.3516 	EXP 	unnamed Line: end = [-30.0, 50.0]
3.3516 	EXP 	unnamed Line: start = [-485.0, -250.0]
3.3516 	EXP 	unnamed Line: end = [-415.0, -250.0]
3.3516 	EXP 	unnamed Line: start = [-425.0, -260.0]
3.3516 	EXP 	unnamed Line: end = [-415.0, -250.0]
3.3516 	EXP 	unnamed Line: start = [-425.0, -240.0]
3.3516 	EXP 	unnamed Line: end = [-415.0, -250.0]
3.3516 	EXP 	unnamed Line: start = [-400.0, -235.0]
3.3516 	EXP 	unnamed Line: end = [-400.0, -165.0]
3.3516 	EXP 	unnamed Line: start = [-390.0, -175.0]
3.3516 	EXP 	unnamed Line: end = [-400.0, -165.0]
3.3516 	EXP 	unnamed Line: start = [-410.0, -175.0]
3.3516 	EXP 	unnamed Line: end = [-400.0, -165.0]
3.3516 	EXP 	unnamed Line: start = [-500.0, -235.0]
3.3516 	EXP 	unnamed Line: end = [-500.0, -165.0]
3.3516 	EXP 	unnamed Line: start = [-490.0, -175.0]
3.3516 	EXP 	unnamed Line: end = [-500.0, -165.0]
3.3516 	EXP 	unnamed Line: start = [-510.0, -175.0]
3.3516 	EXP 	unnamed Line: end = [-500.0, -165.0]
3.3516 	EXP 	unnamed Line: start = [-200.0, -165.0]
3.3516 	EXP 	unnamed Line: end = [-200.0, -235.0]
3.3516 	EXP 	unnamed Line: start = [-210.0, -225.0]
3.3516 	EXP 	unnamed Line: end = [-200.0, -235.0]
3.3516 	EXP 	unnamed Line: start = [-190.0, -225.0]
3.3516 	EXP 	unnamed Line: end = [-200.0, -235.0]
3.3516 	EXP 	unnamed Line: start = [-115.0, -165.0]
3.3516 	EXP 	unnamed Line: end = [-185.0, -235.0]
3.3516 	EXP 	unnamed Line: start = [-185.0, -220.85786437626905]
3.3516 	EXP 	unnamed Line: end = [-185.0, -235.0]
3.3516 	EXP 	unnamed Line: start = [-170.85786437626905, -235.0]
3.3516 	EXP 	unnamed Line: end = [-185.0, -235.0]
3.3516 	EXP 	unnamed Line: start = [-115.0, -235.0]
3.3516 	EXP 	unnamed Line: end = [-185.0, -165.0]
3.3516 	EXP 	unnamed Line: start = [-170.85786437626905, -165.0]
3.3516 	EXP 	unnamed Line: end = [-185.0, -165.0]
3.3516 	EXP 	unnamed Line: start = [-185.0, -179.14213562373095]
3.3516 	EXP 	unnamed Line: end = [-185.0, -165.0]
3.3516 	EXP 	unnamed Line: start = [100.0, -165.0]
3.3516 	EXP 	unnamed Line: end = [100.0, -235.0]
3.3516 	EXP 	unnamed Line: start = [90.0, -225.0]
3.3516 	EXP 	unnamed Line: end = [100.0, -235.0]
3.3516 	EXP 	unnamed Line: start = [110.0, -225.0]
3.3516 	EXP 	unnamed Line: end = [100.0, -235.0]
3.3516 	EXP 	unnamed Line: start = [115.0, -165.0]
3.3516 	EXP 	unnamed Line: end = [185.0, -235.0]
3.3516 	EXP 	unnamed Line: start = [170.85786437626905, -235.0]
3.3516 	EXP 	unnamed Line: end = [185.0, -235.0]
3.3516 	EXP 	unnamed Line: start = [185.0, -220.85786437626905]
3.3516 	EXP 	unnamed Line: end = [185.0, -235.0]
3.3516 	EXP 	unnamed Line: start = [115.0, -235.0]
3.3516 	EXP 	unnamed Line: end = [185.0, -165.0]
3.3516 	EXP 	unnamed Line: start = [185.0, -179.14213562373095]
3.3516 	EXP 	unnamed Line: end = [185.0, -165.0]
3.3516 	EXP 	unnamed Line: start = [170.85786437626905, -165.0]
3.3516 	EXP 	unnamed Line: end = [185.0, -165.0]
3.3516 	EXP 	unnamed Line: start = [485.0, -250.0]
3.3516 	EXP 	unnamed Line: end = [415.0, -250.0]
3.3516 	EXP 	unnamed Line: start = [425.0, -240.0]
3.3516 	EXP 	unnamed Line: end = [415.0, -250.0]
3.3516 	EXP 	unnamed Line: start = [425.0, -260.0]
3.3516 	EXP 	unnamed Line: end = [415.0, -250.0]
3.3516 	EXP 	unnamed Line: start = [400.0, -165.0]
3.3516 	EXP 	unnamed Line: end = [400.0, -235.0]
3.3516 	EXP 	unnamed Line: start = [390.0, -225.0]
3.3516 	EXP 	unnamed Line: end = [400.0, -235.0]
3.3516 	EXP 	unnamed Line: start = [410.0, -225.0]
3.3516 	EXP 	unnamed Line: end = [400.0, -235.0]
3.3516 	EXP 	unnamed Line: start = [500.0, -235.0]
3.3516 	EXP 	unnamed Line: end = [500.0, -165.0]
3.3516 	EXP 	unnamed Line: start = [510.0, -175.0]
3.3516 	EXP 	unnamed Line: end = [500.0, -165.0]
3.3516 	EXP 	unnamed Line: start = [490.0, -175.0]
3.3516 	EXP 	unnamed Line: end = [500.0, -165.0]
3.3516 	EXP 	unnamed ImageStim: autoDraw = True
3.3516 	EXP 	unnamed ImageStim: autoDraw = True
3.3516 	EXP 	unnamed ImageStim: autoDraw = True
3.3516 	EXP 	unnamed ImageStim: autoDraw = True
3.3516 	EXP 	unnamed Line: autoDraw = True
3.3516 	EXP 	unnamed Line: autoDraw = True
3.3516 	EXP 	unnamed Line: autoDraw = True
3.3516 	EXP 	unnamed Line: autoDraw = True
3.3516 	EXP 	unnamed Line: autoDraw = True
3.3516 	EXP 	unnamed Line: autoDraw = True
3.3516 	EXP 	unnamed Line: autoDraw = True
3.3516 	EXP 	unnamed Line: autoDraw = True
3.3516 	EXP 	unnamed Line: autoDraw = True
3.3516 	EXP 	unnamed ImageStim: autoDraw = True
3.3516 	EXP 	unnamed ImageStim: autoDraw = True
3.3516 	EXP 	unnamed ImageStim: autoDraw = True
3.3516 	EXP 	unnamed ImageStim: autoDraw = True
3.3516 	EXP 	unnamed Line: autoDraw = True
3.3516 	EXP 	unnamed Line: autoDraw = True
3.3516 	EXP 	unnamed Line: autoDraw = True
3.3516 	EXP 	unnamed Line: autoDraw = True
3.3516 	EXP 	unnamed Line: autoDraw = True
3.3516 	EXP 	unnamed Line: autoDraw = True
3.3516 	EXP 	unnamed Line: autoDraw = True
3.3516 	EXP 	unnamed Line: autoDraw = True
3.3516 	EXP 	unnamed Line: autoDraw = True
3.3516 	EXP 	unnamed ImageStim: autoDraw = True
3.3516 	EXP 	unnamed ImageStim: autoDraw = True
3.3516 	EXP 	unnamed ImageStim: autoDraw = True
3.3516 	EXP 	unnamed ImageStim: autoDraw = True
3.3516 	EXP 	unnamed Line: autoDraw = True
3.3516 	EXP 	unnamed Line: autoDraw = True
3.3516 	EXP 	unnamed Line: autoDraw = True
3.3516 	EXP 	unnamed Line: autoDraw = True
3.3516 	EXP 	unnamed Line: autoDraw = True
3.3516 	EXP 	unnamed Line: autoDraw = True
3.3516 	EXP 	unnamed Line: autoDraw = True
3.3516 	EXP 	unnamed Line: autoDraw = True
3.3516 	EXP 	unnamed Line: autoDraw = True
3.3516 	EXP 	unnamed ImageStim: autoDraw = True
3.3516 	EXP 	unnamed ImageStim: autoDraw = True
3.3516 	EXP 	unnamed ImageStim: autoDraw = True
3.3516 	EXP 	unnamed ImageStim: autoDraw = True
3.3516 	EXP 	unnamed Line: autoDraw = True
3.3516 	EXP 	unnamed Line: autoDraw = True
3.3516 	EXP 	unnamed Line: autoDraw = True
3.3516 	EXP 	unnamed Line: autoDraw = True
3.3516 	EXP 	unnamed Line: autoDraw = True
3.3516 	EXP 	unnamed Line: autoDraw = True
3.3516 	EXP 	unnamed Line: autoDraw = True
3.3516 	EXP 	unnamed Line: autoDraw = True
3.3516 	EXP 	unnamed Line: autoDraw = True
3.3516 	EXP 	unnamed ImageStim: autoDraw = True
3.3516 	EXP 	unnamed ImageStim: autoDraw = True
3.3516 	EXP 	unnamed ImageStim: autoDraw = True
3.3516 	EXP 	unnamed ImageStim: autoDraw = True
3.3516 	EXP 	unnamed Line: autoDraw = True
3.3516 	EXP 	unnamed Line: autoDraw = True
3.3516 	EXP 	unnamed Line: autoDraw = True
3.3516 	EXP 	unnamed Line: autoDraw = True
3.3516 	EXP 	unnamed Line: autoDraw = True
3.3516 	EXP 	unnamed Line: autoDraw = True
3.3516 	EXP 	unnamed Line: autoDraw = True
3.3516 	EXP 	unnamed Line: autoDraw = True
3.3516 	EXP 	unnamed Line: autoDraw = True
26.3718 	EXP 	unnamed ImageStim: autoDraw = False
26.3718 	EXP 	unnamed ImageStim: autoDraw = False
26.3718 	EXP 	unnamed ImageStim: autoDraw = False
26.3718 	EXP 	unnamed ImageStim: autoDraw = False
26.3718 	EXP 	unnamed Line: autoDraw = False
26.3718 	EXP 	unnamed Line: autoDraw = False
26.3718 	EXP 	unnamed Line: autoDraw = False
26.3718 	EXP 	unnamed Line: autoDraw = False
26.3718 	EXP 	unnamed Line: autoDraw = False
26.3718 	EXP 	unnamed Line: autoDraw = False
26.3718 	EXP 	unnamed Line: autoDraw = False
26.3718 	EXP 	unnamed Line: autoDraw = False
26.3718 	EXP 	unnamed Line: autoDraw = False
26.3718 	EXP 	unnamed ImageStim: autoDraw = False
26.3718 	EXP 	unnamed ImageStim: autoDraw = False
26.3718 	EXP 	unnamed ImageStim: autoDraw = False
26.3718 	EXP 	unnamed ImageStim: autoDraw = False
26.3718 	EXP 	unnamed Line: autoDraw = False
26.3718 	EXP 	unnamed Line: autoDraw = False
26.3718 	EXP 	unnamed Line: autoDraw = False
26.3718 	EXP 	unnamed Line: autoDraw = False
26.3718 	EXP 	unnamed Line: autoDraw = False
26.3718 	EXP 	unnamed Line: autoDraw = False
26.3718 	EXP 	unnamed Line: autoDraw = False
26.3718 	EXP 	unnamed Line: autoDraw = False
26.3718 	EXP 	unnamed Line: autoDraw = False
26.3718 	EXP 	unnamed ImageStim: autoDraw = False
26.3718 	EXP 	unnamed ImageStim: autoDraw = False
26.3718 	EXP 	unnamed ImageStim: autoDraw = False
26.3718 	EXP 	unnamed ImageStim: autoDraw = False
26.3718 	EXP 	unnamed Line: autoDraw = False
26.3718 	EXP 	unnamed Line: autoDraw = False
26.3718 	EXP 	unnamed Line: autoDraw = False
26.3718 	EXP 	unnamed Line: autoDraw = False
26.3718 	EXP 	unnamed Line: autoDraw = False
26.3718 	EXP 	unnamed Line: autoDraw = False
26.3718 	EXP 	unnamed Line: autoDraw = False
26.3718 	EXP 	unnamed Line: autoDraw = False
26.3718 	EXP 	unnamed Line: autoDraw = False
26.3718 	EXP 	unnamed ImageStim: autoDraw = False
26.3718 	EXP 	unnamed ImageStim: autoDraw = False
26.3718 	EXP 	unnamed ImageStim: autoDraw = False
26.3718 	EXP 	unnamed ImageStim: autoDraw = False
26.3718 	EXP 	unnamed Line: autoDraw = False
26.3718 	EXP 	unnamed Line: autoDraw = False
26.3718 	EXP 	unnamed Line: autoDraw = False
26.3718 	EXP 	unnamed Line: autoDraw = False
26.3718 	EXP 	unnamed Line: autoDraw = False
26.3718 	EXP 	unnamed Line: autoDraw = False
26.3718 	EXP 	unnamed Line: autoDraw = False
26.3718 	EXP 	unnamed Line: autoDraw = False
26.3718 	EXP 	unnamed Line: autoDraw = False
26.3718 	EXP 	unnamed ImageStim: autoDraw = False
26.3718 	EXP 	unnamed ImageStim: autoDraw = False
26.3718 	EXP 	unnamed ImageStim: autoDraw = False
26.3718 	EXP 	unnamed ImageStim: autoDraw = False
26.3718 	EXP 	unnamed Line: autoDraw = False
26.3718 	EXP 	unnamed Line: autoDraw = False
26.3718 	EXP 	unnamed Line: autoDraw = False
26.3718 	EXP 	unnamed Line: autoDraw = False
26.3718 	EXP 	unnamed Line: autoDraw = False
26.3718 	EXP 	unnamed Line: autoDraw = False
26.3718 	EXP 	unnamed Line: autoDraw = False
26.3718 	EXP 	unnamed Line: autoDraw = False
26.3718 	EXP 	unnamed Line: autoDraw = False
27.3880 	EXP 	Created unnamed ImageStim = ImageStim(__class__=<class 'psychopy.visual.image.ImageStim'>, autoLog=True, color=array([1., 1., 1.]), colorSpace='rgb', contrast=1.0, depth=0, flipHoriz=False, flipVert=False, image='images/7_11.png', interpolate=True, mask=None, maskParams=None, name='unnamed ImageStim', opacity=1.0, ori=0.0, pos=array([-50., 150.]), size=array([40., 40.]), texRes=128, units='pix', win=Window(...))
27.3979 	EXP 	Created unnamed ImageStim = ImageStim(__class__=<class 'psychopy.visual.image.ImageStim'>, autoLog=True, color=array([1., 1., 1.]), colorSpace='rgb', contrast=1.0, depth=0, flipHoriz=False, flipVert=False, image='images/16_11.png', interpolate=True, mask=None, maskParams=None, name='unnamed ImageStim', opacity=1.0, ori=0.0, pos=array([ 50., 150.]), size=array([40., 40.]), texRes=128, units='pix', win=Window(...))
27.4076 	EXP 	Created unnamed ImageStim = ImageStim(__class__=<class 'psychopy.visual.image.ImageStim'>, autoLog=True, color=array([1., 1., 1.]), colorSpace='rgb', contrast=1.0, depth=0, flipHoriz=False, flipVert=False, image='images/13_11.png', interpolate=True, mask=None, maskParams=None, name='unnamed ImageStim', opacity=1.0, ori=0.0, pos=array([-50.,  50.]), size=array([40., 40.]), texRes=128, units='pix', win=Window(...))
27.4170 	EXP 	Created unnamed ImageStim = ImageStim(__class__=<class 'psychopy.visual.image.ImageStim'>, autoLog=True, color=array([1., 1., 1.]), colorSpace='rgb', contrast=1.0, depth=0, flipHoriz=False, flipVert=False, image='images/11_11.png', interpolate=True, mask=None, maskParams=None, name='unnamed ImageStim', opacity=1.0, ori=0.0, pos=array([50., 50.]), size=array([40., 40.]), texRes=128, units='pix', win=Window(...))
27.4181 	EXP 	Created unnamed Line = Line(__class__=<class 'psychopy.visual.line.Line'>, autoDraw=False, autoLog=True, closeShape=False, contrast=1.0, depth=0, fillColor=None, fillColorSpace='rgb', interpolate=True, lineColor='black', lineColorSpace='named', lineWidth=1.5, name='unnamed Line', opacity=1.0, ori=array(0.), pos=array([0., 0.]), size=array([1., 1.]), units='pix', vertices=array([[-0.5, -0.5],
       [ 0.5,  0.5]]), win=Window(...), windingRule=None)
27.4192 	EXP 	Created unnamed Line = Line(__class__=<class 'psychopy.visual.line.Line'>, autoDraw=False, autoLog=True, closeShape=False, contrast=1.0, depth=0, fillColor=None, fillColorSpace='rgb', interpolate=True, lineColor='black', lineColorSpace='named', lineWidth=1.5, name='unnamed Line', opacity=1.0, ori=array(0.), pos=array([0., 0.]), size=array([1., 1.]), units='pix', vertices=array([[-0.5, -0.5],
       [ 0.5,  0.5]]), win=Window(...), windingRule=None)
27.4202 	EXP 	Created unnamed Line = Line(__class__=<class 'psychopy.visual.line.Line'>, autoDraw=False, autoLog=True, closeShape=False, contrast=1.0, depth=0, fillColor=None, fillColorSpace='rgb', interpolate=True, lineColor='black', lineColorSpace='named', lineWidth=1.5, name='unnamed Line', opacity=1.0, ori=array(0.), pos=array([0., 0.]), size=array([1., 1.]), units='pix', vertices=array([[-0.5, -0.5],
       [ 0.5,  0.5]]), win=Window(...), windingRule=None)
27.4217 	EXP 	Created unnamed Line = Line(__class__=<class 'psychopy.visual.line.Line'>, autoDraw=False, autoLog=True, closeShape=False, contrast=1.0, depth=0, fillColor=None, fillColorSpace='rgb', interpolate=True, lineColor='black', lineColorSpace='named', lineWidth=1.5, name='unnamed Line', opacity=1.0, ori=array(0.), pos=array([0., 0.]), size=array([1., 1.]), units='pix', vertices=array([[-0.5, -0.5],
       [ 0.5,  0.5]]), win=Window(...), windingRule=None)
27.4228 	EXP 	Created unnamed Line = Line(__class__=<class 'psychopy.visual.line.Line'>, autoDraw=False, autoLog=True, closeShape=False, contrast=1.0, depth=0, fillColor=None, fillColorSpace='rgb', interpolate=True, lineColor='black', lineColorSpace='named', lineWidth=1.5, name='unnamed Line', opacity=1.0, ori=array(0.), pos=array([0., 0.]), size=array([1., 1.]), units='pix', vertices=array([[-0.5, -0.5],
       [ 0.5,  0.5]]), win=Window(...), windingRule=None)
27.4238 	EXP 	Created unnamed Line = Line(__class__=<class 'psychopy.visual.line.Line'>, autoDraw=False, autoLog=True, closeShape=False, contrast=1.0, depth=0, fillColor=None, fillColorSpace='rgb', interpolate=True, lineColor='black', lineColorSpace='named', lineWidth=1.5, name='unnamed Line', opacity=1.0, ori=array(0.), pos=array([0., 0.]), size=array([1., 1.]), units='pix', vertices=array([[-0.5, -0.5],
       [ 0.5,  0.5]]), win=Window(...), windingRule=None)
27.4253 	EXP 	Created unnamed Line = Line(__class__=<class 'psychopy.visual.line.Line'>, autoDraw=False, autoLog=True, closeShape=False, contrast=1.0, depth=0, fillColor=None, fillColorSpace='rgb', interpolate=True, lineColor='black', lineColorSpace='named', lineWidth=1.5, name='unnamed Line', opacity=1.0, ori=array(0.), pos=array([0., 0.]), size=array([1., 1.]), units='pix', vertices=array([[-0.5, -0.5],
       [ 0.5,  0.5]]), win=Window(...), windingRule=None)
27.4264 	EXP 	Created unnamed Line = Line(__class__=<class 'psychopy.visual.line.Line'>, autoDraw=False, autoLog=True, closeShape=False, contrast=1.0, depth=0, fillColor=None, fillColorSpace='rgb', interpolate=True, lineColor='black', lineColorSpace='named', lineWidth=1.5, name='unnamed Line', opacity=1.0, ori=array(0.), pos=array([0., 0.]), size=array([1., 1.]), units='pix', vertices=array([[-0.5, -0.5],
       [ 0.5,  0.5]]), win=Window(...), windingRule=None)
27.4274 	EXP 	Created unnamed Line = Line(__class__=<class 'psychopy.visual.line.Line'>, autoDraw=False, autoLog=True, closeShape=False, contrast=1.0, depth=0, fillColor=None, fillColorSpace='rgb', interpolate=True, lineColor='black', lineColorSpace='named', lineWidth=1.5, name='unnamed Line', opacity=1.0, ori=array(0.), pos=array([0., 0.]), size=array([1., 1.]), units='pix', vertices=array([[-0.5, -0.5],
       [ 0.5,  0.5]]), win=Window(...), windingRule=None)
27.4372 	EXP 	Created unnamed ImageStim = ImageStim(__class__=<class 'psychopy.visual.image.ImageStim'>, autoLog=True, color=array([1., 1., 1.]), colorSpace='rgb', contrast=1.0, depth=0, flipHoriz=False, flipVert=False, image='images/13_11.png', interpolate=True, mask=None, maskParams=None, name='unnamed ImageStim', opacity=1.0, ori=0.0, pos=array([-500., -150.]), size=array([30., 30.]), texRes=128, units='pix', win=Window(...))
27.4459 	EXP 	Created unnamed ImageStim = ImageStim(__class__=<class 'psychopy.visual.image.ImageStim'>, autoLog=True, color=array([1., 1., 1.]), colorSpace='rgb', contrast=1.0, depth=0, flipHoriz=False, flipVert=False, image='images/16_11.png', interpolate=True, mask=None, maskParams=None, name='unnamed ImageStim', opacity=1.0, ori=0.0, pos=array([-400., -150.]), size=array([30., 30.]), texRes=128, units='pix', win=Window(...))
27.4551 	EXP 	Created unnamed ImageStim = ImageStim(__class__=<class 'psychopy.visual.image.ImageStim'>, autoLog=True, color=array([1., 1., 1.]), colorSpace='rgb', contrast=1.0, depth=0, flipHoriz=False, flipVert=False, image='images/7_11.png', interpolate=True, mask=None, maskParams=None, name='unnamed ImageStim', opacity=1.0, ori=0.0, pos=array([-500., -250.]), size=array([30., 30.]), texRes=128, units='pix', win=Window(...))
27.4642 	EXP 	Created unnamed ImageStim = ImageStim(__class__=<class 'psychopy.visual.image.ImageStim'>, autoLog=True, color=array([1., 1., 1.]), colorSpace='rgb', contrast=1.0, depth=0, flipHoriz=False, flipVert=False, image='images/11_11.png', interpolate=True, mask=None, maskParams=None, name='unnamed ImageStim', opacity=1.0, ori=0.0, pos=array([-400., -250.]), size=array([30., 30.]), texRes=128, units='pix', win=Window(...))
27.4653 	EXP 	Created unnamed Line = Line(__class__=<class 'psychopy.visual.line.Line'>, autoDraw=False, autoLog=True, closeShape=False, contrast=1.0, depth=0, fillColor=None, fillColorSpace='rgb', interpolate=True, lineColor='black', lineColorSpace='named', lineWidth=1.5, name='unnamed Line', opacity=1.0, ori=array(0.), pos=array([0., 0.]), size=array([1., 1.]), units='pix', vertices=array([[-0.5, -0.5],
       [ 0.5,  0.5]]), win=Window(...), windingRule=None)
27.4664 	EXP 	Created unnamed Line = Line(__class__=<class 'psychopy.visual.line.Line'>, autoDraw=False, autoLog=True, closeShape=False, contrast=1.0, depth=0, fillColor=None, fillColorSpace='rgb', interpolate=True, lineColor='black', lineColorSpace='named', lineWidth=1.5, name='unnamed Line', opacity=1.0, ori=array(0.), pos=array([0., 0.]), size=array([1., 1.]), units='pix', vertices=array([[-0.5, -0.5],
       [ 0.5,  0.5]]), win=Window(...), windingRule=None)
27.4675 	EXP 	Created unnamed Line = Line(__class__=<class 'psychopy.visual.line.Line'>, autoDraw=False, autoLog=True, closeShape=False, contrast=1.0, depth=0, fillColor=None, fillColorSpace='rgb', interpolate=True, lineColor='black', lineColorSpace='named', lineWidth=1.5, name='unnamed Line', opacity=1.0, ori=array(0.), pos=array([0., 0.]), size=array([1., 1.]), units='pix', vertices=array([[-0.5, -0.5],
       [ 0.5,  0.5]]), win=Window(...), windingRule=None)
27.4690 	EXP 	Created unnamed Line = Line(__class__=<class 'psychopy.visual.line.Line'>, autoDraw=False, autoLog=True, closeShape=False, contrast=1.0, depth=0, fillColor=None, fillColorSpace='rgb', interpolate=True, lineColor='black', lineColorSpace='named', lineWidth=1.5, name='unnamed Line', opacity=1.0, ori=array(0.), pos=array([0., 0.]), size=array([1., 1.]), units='pix', vertices=array([[-0.5, -0.5],
       [ 0.5,  0.5]]), win=Window(...), windingRule=None)
27.4700 	EXP 	Created unnamed Line = Line(__class__=<class 'psychopy.visual.line.Line'>, autoDraw=False, autoLog=True, closeShape=False, contrast=1.0, depth=0, fillColor=None, fillColorSpace='rgb', interpolate=True, lineColor='black', lineColorSpace='named', lineWidth=1.5, name='unnamed Line', opacity=1.0, ori=array(0.), pos=array([0., 0.]), size=array([1., 1.]), units='pix', vertices=array([[-0.5, -0.5],
       [ 0.5,  0.5]]), win=Window(...), windingRule=None)
27.4711 	EXP 	Created unnamed Line = Line(__class__=<class 'psychopy.visual.line.Line'>, autoDraw=False, autoLog=True, closeShape=False, contrast=1.0, depth=0, fillColor=None, fillColorSpace='rgb', interpolate=True, lineColor='black', lineColorSpace='named', lineWidth=1.5, name='unnamed Line', opacity=1.0, ori=array(0.), pos=array([0., 0.]), size=array([1., 1.]), units='pix', vertices=array([[-0.5, -0.5],
       [ 0.5,  0.5]]), win=Window(...), windingRule=None)
27.4727 	EXP 	Created unnamed Line = Line(__class__=<class 'psychopy.visual.line.Line'>, autoDraw=False, autoLog=True, closeShape=False, contrast=1.0, depth=0, fillColor=None, fillColorSpace='rgb', interpolate=True, lineColor='black', lineColorSpace='named', lineWidth=1.5, name='unnamed Line', opacity=1.0, ori=array(0.), pos=array([0., 0.]), size=array([1., 1.]), units='pix', vertices=array([[-0.5, -0.5],
       [ 0.5,  0.5]]), win=Window(...), windingRule=None)
27.4737 	EXP 	Created unnamed Line = Line(__class__=<class 'psychopy.visual.line.Line'>, autoDraw=False, autoLog=True, closeShape=False, contrast=1.0, depth=0, fillColor=None, fillColorSpace='rgb', interpolate=True, lineColor='black', lineColorSpace='named', lineWidth=1.5, name='unnamed Line', opacity=1.0, ori=array(0.), pos=array([0., 0.]), size=array([1., 1.]), units='pix', vertices=array([[-0.5, -0.5],
       [ 0.5,  0.5]]), win=Window(...), windingRule=None)
27.4748 	EXP 	Created unnamed Line = Line(__class__=<class 'psychopy.visual.line.Line'>, autoDraw=False, autoLog=True, closeShape=False, contrast=1.0, depth=0, fillColor=None, fillColorSpace='rgb', interpolate=True, lineColor='black', lineColorSpace='named', lineWidth=1.5, name='unnamed Line', opacity=1.0, ori=array(0.), pos=array([0., 0.]), size=array([1., 1.]), units='pix', vertices=array([[-0.5, -0.5],
       [ 0.5,  0.5]]), win=Window(...), windingRule=None)
27.4846 	EXP 	Created unnamed ImageStim = ImageStim(__class__=<class 'psychopy.visual.image.ImageStim'>, autoLog=True, color=array([1., 1., 1.]), colorSpace='rgb', contrast=1.0, depth=0, flipHoriz=False, flipVert=False, image='images/13_11.png', interpolate=True, mask=None, maskParams=None, name='unnamed ImageStim', opacity=1.0, ori=0.0, pos=array([-200., -150.]), size=array([30., 30.]), texRes=128, units='pix', win=Window(...))
27.4936 	EXP 	Created unnamed ImageStim = ImageStim(__class__=<class 'psychopy.visual.image.ImageStim'>, autoLog=True, color=array([1., 1., 1.]), colorSpace='rgb', contrast=1.0, depth=0, flipHoriz=False, flipVert=False, image='images/11_11.png', interpolate=True, mask=None, maskParams=None, name='unnamed ImageStim', opacity=1.0, ori=0.0, pos=array([-100., -150.]), size=array([30., 30.]), texRes=128, units='pix', win=Window(...))
27.5021 	EXP 	Created unnamed ImageStim = ImageStim(__class__=<class 'psychopy.visual.image.ImageStim'>, autoLog=True, color=array([1., 1., 1.]), colorSpace='rgb', contrast=1.0, depth=0, flipHoriz=False, flipVert=False, image='images/16_11.png', interpolate=True, mask=None, maskParams=None, name='unnamed ImageStim', opacity=1.0, ori=0.0, pos=array([-200., -250.]), size=array([30., 30.]), texRes=128, units='pix', win=Window(...))
27.5115 	EXP 	Created unnamed ImageStim = ImageStim(__class__=<class 'psychopy.visual.image.ImageStim'>, autoLog=True, color=array([1., 1., 1.]), colorSpace='rgb', contrast=1.0, depth=0, flipHoriz=False, flipVert=False, image='images/7_11.png', interpolate=True, mask=None, maskParams=None, name='unnamed ImageStim', opacity=1.0, ori=0.0, pos=array([-100., -250.]), size=array([30., 30.]), texRes=128, units='pix', win=Window(...))
27.5126 	EXP 	Created unnamed Line = Line(__class__=<class 'psychopy.visual.line.Line'>, autoDraw=False, autoLog=True, closeShape=False, contrast=1.0, depth=0, fillColor=None, fillColorSpace='rgb', interpolate=True, lineColor='black', lineColorSpace='named', lineWidth=1.5, name='unnamed Line', opacity=1.0, ori=array(0.), pos=array([0., 0.]), size=array([1., 1.]), units='pix', vertices=array([[-0.5, -0.5],
       [ 0.5,  0.5]]), win=Window(...), windingRule=None)
27.5136 	EXP 	Created unnamed Line = Line(__class__=<class 'psychopy.visual.line.Line'>, autoDraw=False, autoLog=True, closeShape=False, contrast=1.0, depth=0, fillColor=None, fillColorSpace='rgb', interpolate=True, lineColor='black', lineColorSpace='named', lineWidth=1.5, name='unnamed Line', opacity=1.0, ori=array(0.), pos=array([0., 0.]), size=array([1., 1.]), units='pix', vertices=array([[-0.5, -0.5],
       [ 0.5,  0.5]]), win=Window(...), windingRule=None)
27.5146 	EXP 	Created unnamed Line = Line(__class__=<class 'psychopy.visual.line.Line'>, autoDraw=False, autoLog=True, closeShape=False, contrast=1.0, depth=0, fillColor=None, fillColorSpace='rgb', interpolate=True, lineColor='black', lineColorSpace='named', lineWidth=1.5, name='unnamed Line', opacity=1.0, ori=array(0.), pos=array([0., 0.]), size=array([1., 1.]), units='pix', vertices=array([[-0.5, -0.5],
       [ 0.5,  0.5]]), win=Window(...), windingRule=None)
27.5161 	EXP 	Created unnamed Line = Line(__class__=<class 'psychopy.visual.line.Line'>, autoDraw=False, autoLog=True, closeShape=False, contrast=1.0, depth=0, fillColor=None, fillColorSpace='rgb', interpolate=True, lineColor='black', lineColorSpace='named', lineWidth=1.5, name='unnamed Line', opacity=1.0, ori=array(0.), pos=array([0., 0.]), size=array([1., 1.]), units='pix', vertices=array([[-0.5, -0.5],
       [ 0.5,  0.5]]), win=Window(...), windingRule=None)
27.5171 	EXP 	Created unnamed Line = Line(__class__=<class 'psychopy.visual.line.Line'>, autoDraw=False, autoLog=True, closeShape=False, contrast=1.0, depth=0, fillColor=None, fillColorSpace='rgb', interpolate=True, lineColor='black', lineColorSpace='named', lineWidth=1.5, name='unnamed Line', opacity=1.0, ori=array(0.), pos=array([0., 0.]), size=array([1., 1.]), units='pix', vertices=array([[-0.5, -0.5],
       [ 0.5,  0.5]]), win=Window(...), windingRule=None)
27.5182 	EXP 	Created unnamed Line = Line(__class__=<class 'psychopy.visual.line.Line'>, autoDraw=False, autoLog=True, closeShape=False, contrast=1.0, depth=0, fillColor=None, fillColorSpace='rgb', interpolate=True, lineColor='black', lineColorSpace='named', lineWidth=1.5, name='unnamed Line', opacity=1.0, ori=array(0.), pos=array([0., 0.]), size=array([1., 1.]), units='pix', vertices=array([[-0.5, -0.5],
       [ 0.5,  0.5]]), win=Window(...), windingRule=None)
27.5197 	EXP 	Created unnamed Line = Line(__class__=<class 'psychopy.visual.line.Line'>, autoDraw=False, autoLog=True, closeShape=False, contrast=1.0, depth=0, fillColor=None, fillColorSpace='rgb', interpolate=True, lineColor='black', lineColorSpace='named', lineWidth=1.5, name='unnamed Line', opacity=1.0, ori=array(0.), pos=array([0., 0.]), size=array([1., 1.]), units='pix', vertices=array([[-0.5, -0.5],
       [ 0.5,  0.5]]), win=Window(...), windingRule=None)
27.5207 	EXP 	Created unnamed Line = Line(__class__=<class 'psychopy.visual.line.Line'>, autoDraw=False, autoLog=True, closeShape=False, contrast=1.0, depth=0, fillColor=None, fillColorSpace='rgb', interpolate=True, lineColor='black', lineColorSpace='named', lineWidth=1.5, name='unnamed Line', opacity=1.0, ori=array(0.), pos=array([0., 0.]), size=array([1., 1.]), units='pix', vertices=array([[-0.5, -0.5],
       [ 0.5,  0.5]]), win=Window(...), windingRule=None)
27.5217 	EXP 	Created unnamed Line = Line(__class__=<class 'psychopy.visual.line.Line'>, autoDraw=False, autoLog=True, closeShape=False, contrast=1.0, depth=0, fillColor=None, fillColorSpace='rgb', interpolate=True, lineColor='black', lineColorSpace='named', lineWidth=1.5, name='unnamed Line', opacity=1.0, ori=array(0.), pos=array([0., 0.]), size=array([1., 1.]), units='pix', vertices=array([[-0.5, -0.5],
       [ 0.5,  0.5]]), win=Window(...), windingRule=None)
27.5306 	EXP 	Created unnamed ImageStim = ImageStim(__class__=<class 'psychopy.visual.image.ImageStim'>, autoLog=True, color=array([1., 1., 1.]), colorSpace='rgb', contrast=1.0, depth=0, flipHoriz=False, flipVert=False, image='images/7_11.png', interpolate=True, mask=None, maskParams=None, name='unnamed ImageStim', opacity=1.0, ori=0.0, pos=array([ 100., -150.]), size=array([30., 30.]), texRes=128, units='pix', win=Window(...))
27.5403 	EXP 	Created unnamed ImageStim = ImageStim(__class__=<class 'psychopy.visual.image.ImageStim'>, autoLog=True, color=array([1., 1., 1.]), colorSpace='rgb', contrast=1.0, depth=0, flipHoriz=False, flipVert=False, image='images/11_11.png', interpolate=True, mask=None, maskParams=None, name='unnamed ImageStim', opacity=1.0, ori=0.0, pos=array([ 200., -150.]), size=array([30., 30.]), texRes=128, units='pix', win=Window(...))
27.5489 	EXP 	Created unnamed ImageStim = ImageStim(__class__=<class 'psychopy.visual.image.ImageStim'>, autoLog=True, color=array([1., 1., 1.]), colorSpace='rgb', contrast=1.0, depth=0, flipHoriz=False, flipVert=False, image='images/16_11.png', interpolate=True, mask=None, maskParams=None, name='unnamed ImageStim', opacity=1.0, ori=0.0, pos=array([ 100., -250.]), size=array([30., 30.]), texRes=128, units='pix', win=Window(...))
27.5582 	EXP 	Created unnamed ImageStim = ImageStim(__class__=<class 'psychopy.visual.image.ImageStim'>, autoLog=True, color=array([1., 1., 1.]), colorSpace='rgb', contrast=1.0, depth=0, flipHoriz=False, flipVert=False, image='images/13_11.png', interpolate=True, mask=None, maskParams=None, name='unnamed ImageStim', opacity=1.0, ori=0.0, pos=array([ 200., -250.]), size=array([30., 30.]), texRes=128, units='pix', win=Window(...))
27.5593 	EXP 	Created unnamed Line = Line(__class__=<class 'psychopy.visual.line.Line'>, autoDraw=False, autoLog=True, closeShape=False, contrast=1.0, depth=0, fillColor=None, fillColorSpace='rgb', interpolate=True, lineColor='black', lineColorSpace='named', lineWidth=1.5, name='unnamed Line', opacity=1.0, ori=array(0.), pos=array([0., 0.]), size=array([1., 1.]), units='pix', vertices=array([[-0.5, -0.5],
       [ 0.5,  0.5]]), win=Window(...), windingRule=None)
27.5603 	EXP 	Created unnamed Line = Line(__class__=<class 'psychopy.visual.line.Line'>, autoDraw=False, autoLog=True, closeShape=False, contrast=1.0, depth=0, fillColor=None, fillColorSpace='rgb', interpolate=True, lineColor='black', lineColorSpace='named', lineWidth=1.5, name='unnamed Line', opacity=1.0, ori=array(0.), pos=array([0., 0.]), size=array([1., 1.]), units='pix', vertices=array([[-0.5, -0.5],
       [ 0.5,  0.5]]), win=Window(...), windingRule=None)
27.5613 	EXP 	Created unnamed Line = Line(__class__=<class 'psychopy.visual.line.Line'>, autoDraw=False, autoLog=True, closeShape=False, contrast=1.0, depth=0, fillColor=None, fillColorSpace='rgb', interpolate=True, lineColor='black', lineColorSpace='named', lineWidth=1.5, name='unnamed Line', opacity=1.0, ori=array(0.), pos=array([0., 0.]), size=array([1., 1.]), units='pix', vertices=array([[-0.5, -0.5],
       [ 0.5,  0.5]]), win=Window(...), windingRule=None)
27.5628 	EXP 	Created unnamed Line = Line(__class__=<class 'psychopy.visual.line.Line'>, autoDraw=False, autoLog=True, closeShape=False, contrast=1.0, depth=0, fillColor=None, fillColorSpace='rgb', interpolate=True, lineColor='black', lineColorSpace='named', lineWidth=1.5, name='unnamed Line', opacity=1.0, ori=array(0.), pos=array([0., 0.]), size=array([1., 1.]), units='pix', vertices=array([[-0.5, -0.5],
       [ 0.5,  0.5]]), win=Window(...), windingRule=None)
27.5639 	EXP 	Created unnamed Line = Line(__class__=<class 'psychopy.visual.line.Line'>, autoDraw=False, autoLog=True, closeShape=False, contrast=1.0, depth=0, fillColor=None, fillColorSpace='rgb', interpolate=True, lineColor='black', lineColorSpace='named', lineWidth=1.5, name='unnamed Line', opacity=1.0, ori=array(0.), pos=array([0., 0.]), size=array([1., 1.]), units='pix', vertices=array([[-0.5, -0.5],
       [ 0.5,  0.5]]), win=Window(...), windingRule=None)
27.5649 	EXP 	Created unnamed Line = Line(__class__=<class 'psychopy.visual.line.Line'>, autoDraw=False, autoLog=True, closeShape=False, contrast=1.0, depth=0, fillColor=None, fillColorSpace='rgb', interpolate=True, lineColor='black', lineColorSpace='named', lineWidth=1.5, name='unnamed Line', opacity=1.0, ori=array(0.), pos=array([0., 0.]), size=array([1., 1.]), units='pix', vertices=array([[-0.5, -0.5],
       [ 0.5,  0.5]]), win=Window(...), windingRule=None)
27.5663 	EXP 	Created unnamed Line = Line(__class__=<class 'psychopy.visual.line.Line'>, autoDraw=False, autoLog=True, closeShape=False, contrast=1.0, depth=0, fillColor=None, fillColorSpace='rgb', interpolate=True, lineColor='black', lineColorSpace='named', lineWidth=1.5, name='unnamed Line', opacity=1.0, ori=array(0.), pos=array([0., 0.]), size=array([1., 1.]), units='pix', vertices=array([[-0.5, -0.5],
       [ 0.5,  0.5]]), win=Window(...), windingRule=None)
27.5674 	EXP 	Created unnamed Line = Line(__class__=<class 'psychopy.visual.line.Line'>, autoDraw=False, autoLog=True, closeShape=False, contrast=1.0, depth=0, fillColor=None, fillColorSpace='rgb', interpolate=True, lineColor='black', lineColorSpace='named', lineWidth=1.5, name='unnamed Line', opacity=1.0, ori=array(0.), pos=array([0., 0.]), size=array([1., 1.]), units='pix', vertices=array([[-0.5, -0.5],
       [ 0.5,  0.5]]), win=Window(...), windingRule=None)
27.5684 	EXP 	Created unnamed Line = Line(__class__=<class 'psychopy.visual.line.Line'>, autoDraw=False, autoLog=True, closeShape=False, contrast=1.0, depth=0, fillColor=None, fillColorSpace='rgb', interpolate=True, lineColor='black', lineColorSpace='named', lineWidth=1.5, name='unnamed Line', opacity=1.0, ori=array(0.), pos=array([0., 0.]), size=array([1., 1.]), units='pix', vertices=array([[-0.5, -0.5],
       [ 0.5,  0.5]]), win=Window(...), windingRule=None)
27.5774 	EXP 	Created unnamed ImageStim = ImageStim(__class__=<class 'psychopy.visual.image.ImageStim'>, autoLog=True, color=array([1., 1., 1.]), colorSpace='rgb', contrast=1.0, depth=0, flipHoriz=False, flipVert=False, image='images/7_11.png', interpolate=True, mask=None, maskParams=None, name='unnamed ImageStim', opacity=1.0, ori=0.0, pos=array([ 400., -150.]), size=array([30., 30.]), texRes=128, units='pix', win=Window(...))
27.5864 	EXP 	Created unnamed ImageStim = ImageStim(__class__=<class 'psychopy.visual.image.ImageStim'>, autoLog=True, color=array([1., 1., 1.]), colorSpace='rgb', contrast=1.0, depth=0, flipHoriz=False, flipVert=False, image='images/13_11.png', interpolate=True, mask=None, maskParams=None, name='unnamed ImageStim', opacity=1.0, ori=0.0, pos=array([ 500., -150.]), size=array([30., 30.]), texRes=128, units='pix', win=Window(...))
27.5955 	EXP 	Created unnamed ImageStim = ImageStim(__class__=<class 'psychopy.visual.image.ImageStim'>, autoLog=True, color=array([1., 1., 1.]), colorSpace='rgb', contrast=1.0, depth=0, flipHoriz=False, flipVert=False, image='images/11_11.png', interpolate=True, mask=None, maskParams=None, name='unnamed ImageStim', opacity=1.0, ori=0.0, pos=array([ 400., -250.]), size=array([30., 30.]), texRes=128, units='pix', win=Window(...))
27.6039 	EXP 	Created unnamed ImageStim = ImageStim(__class__=<class 'psychopy.visual.image.ImageStim'>, autoLog=True, color=array([1., 1., 1.]), colorSpace='rgb', contrast=1.0, depth=0, flipHoriz=False, flipVert=False, image='images/16_11.png', interpolate=True, mask=None, maskParams=None, name='unnamed ImageStim', opacity=1.0, ori=0.0, pos=array([ 500., -250.]), size=array([30., 30.]), texRes=128, units='pix', win=Window(...))
27.6050 	EXP 	Created unnamed Line = Line(__class__=<class 'psychopy.visual.line.Line'>, autoDraw=False, autoLog=True, closeShape=False, contrast=1.0, depth=0, fillColor=None, fillColorSpace='rgb', interpolate=True, lineColor='black', lineColorSpace='named', lineWidth=1.5, name='unnamed Line', opacity=1.0, ori=array(0.), pos=array([0., 0.]), size=array([1., 1.]), units='pix', vertices=array([[-0.5, -0.5],
       [ 0.5,  0.5]]), win=Window(...), windingRule=None)
27.6061 	EXP 	Created unnamed Line = Line(__class__=<class 'psychopy.visual.line.Line'>, autoDraw=False, autoLog=True, closeShape=False, contrast=1.0, depth=0, fillColor=None, fillColorSpace='rgb', interpolate=True, lineColor='black', lineColorSpace='named', lineWidth=1.5, name='unnamed Line', opacity=1.0, ori=array(0.), pos=array([0., 0.]), size=array([1., 1.]), units='pix', vertices=array([[-0.5, -0.5],
       [ 0.5,  0.5]]), win=Window(...), windingRule=None)
27.6072 	EXP 	Created unnamed Line = Line(__class__=<class 'psychopy.visual.line.Line'>, autoDraw=False, autoLog=True, closeShape=False, contrast=1.0, depth=0, fillColor=None, fillColorSpace='rgb', interpolate=True, lineColor='black', lineColorSpace='named', lineWidth=1.5, name='unnamed Line', opacity=1.0, ori=array(0.), pos=array([0., 0.]), size=array([1., 1.]), units='pix', vertices=array([[-0.5, -0.5],
       [ 0.5,  0.5]]), win=Window(...), windingRule=None)
27.6087 	EXP 	Created unnamed Line = Line(__class__=<class 'psychopy.visual.line.Line'>, autoDraw=False, autoLog=True, closeShape=False, contrast=1.0, depth=0, fillColor=None, fillColorSpace='rgb', interpolate=True, lineColor='black', lineColorSpace='named', lineWidth=1.5, name='unnamed Line', opacity=1.0, ori=array(0.), pos=array([0., 0.]), size=array([1., 1.]), units='pix', vertices=array([[-0.5, -0.5],
       [ 0.5,  0.5]]), win=Window(...), windingRule=None)
27.6097 	EXP 	Created unnamed Line = Line(__class__=<class 'psychopy.visual.line.Line'>, autoDraw=False, autoLog=True, closeShape=False, contrast=1.0, depth=0, fillColor=None, fillColorSpace='rgb', interpolate=True, lineColor='black', lineColorSpace='named', lineWidth=1.5, name='unnamed Line', opacity=1.0, ori=array(0.), pos=array([0., 0.]), size=array([1., 1.]), units='pix', vertices=array([[-0.5, -0.5],
       [ 0.5,  0.5]]), win=Window(...), windingRule=None)
27.6108 	EXP 	Created unnamed Line = Line(__class__=<class 'psychopy.visual.line.Line'>, autoDraw=False, autoLog=True, closeShape=False, contrast=1.0, depth=0, fillColor=None, fillColorSpace='rgb', interpolate=True, lineColor='black', lineColorSpace='named', lineWidth=1.5, name='unnamed Line', opacity=1.0, ori=array(0.), pos=array([0., 0.]), size=array([1., 1.]), units='pix', vertices=array([[-0.5, -0.5],
       [ 0.5,  0.5]]), win=Window(...), windingRule=None)
27.6123 	EXP 	Created unnamed Line = Line(__class__=<class 'psychopy.visual.line.Line'>, autoDraw=False, autoLog=True, closeShape=False, contrast=1.0, depth=0, fillColor=None, fillColorSpace='rgb', interpolate=True, lineColor='black', lineColorSpace='named', lineWidth=1.5, name='unnamed Line', opacity=1.0, ori=array(0.), pos=array([0., 0.]), size=array([1., 1.]), units='pix', vertices=array([[-0.5, -0.5],
       [ 0.5,  0.5]]), win=Window(...), windingRule=None)
27.6133 	EXP 	Created unnamed Line = Line(__class__=<class 'psychopy.visual.line.Line'>, autoDraw=False, autoLog=True, closeShape=False, contrast=1.0, depth=0, fillColor=None, fillColorSpace='rgb', interpolate=True, lineColor='black', lineColorSpace='named', lineWidth=1.5, name='unnamed Line', opacity=1.0, ori=array(0.), pos=array([0., 0.]), size=array([1., 1.]), units='pix', vertices=array([[-0.5, -0.5],
       [ 0.5,  0.5]]), win=Window(...), windingRule=None)
27.6145 	EXP 	Created unnamed Line = Line(__class__=<class 'psychopy.visual.line.Line'>, autoDraw=False, autoLog=True, closeShape=False, contrast=1.0, depth=0, fillColor=None, fillColorSpace='rgb', interpolate=True, lineColor='black', lineColorSpace='named', lineWidth=1.5, name='unnamed Line', opacity=1.0, ori=array(0.), pos=array([0., 0.]), size=array([1., 1.]), units='pix', vertices=array([[-0.5, -0.5],
       [ 0.5,  0.5]]), win=Window(...), windingRule=None)
27.6293 	EXP 	unnamed Line: start = [30.0, 130.0]
27.6293 	EXP 	unnamed Line: end = [-30.0, 70.0]
27.6293 	EXP 	unnamed Line: start = [-30.0, 84.14213562373095]
27.6293 	EXP 	unnamed Line: end = [-30.0, 70.0]
27.6293 	EXP 	unnamed Line: start = [-15.857864376269049, 70.0]
27.6293 	EXP 	unnamed Line: end = [-30.0, 70.0]
27.6293 	EXP 	unnamed Line: start = [30.0, 50.0]
27.6293 	EXP 	unnamed Line: end = [-30.0, 50.0]
27.6293 	EXP 	unnamed Line: start = [-20.0, 60.0]
27.6293 	EXP 	unnamed Line: end = [-30.0, 50.0]
27.6293 	EXP 	unnamed Line: start = [-20.0, 40.0]
27.6293 	EXP 	unnamed Line: end = [-30.0, 50.0]
27.6293 	EXP 	unnamed Line: start = [-30.0, 130.0]
27.6293 	EXP 	unnamed Line: end = [30.0, 70.0]
27.6293 	EXP 	unnamed Line: start = [15.857864376269049, 70.0]
27.6293 	EXP 	unnamed Line: end = [30.0, 70.0]
27.6293 	EXP 	unnamed Line: start = [30.0, 84.14213562373095]
27.6293 	EXP 	unnamed Line: end = [30.0, 70.0]
27.6293 	EXP 	unnamed Line: start = [-485.0, -150.0]
27.6293 	EXP 	unnamed Line: end = [-415.0, -150.0]
27.6293 	EXP 	unnamed Line: start = [-425.0, -160.0]
27.6293 	EXP 	unnamed Line: end = [-415.0, -150.0]
27.6293 	EXP 	unnamed Line: start = [-425.0, -140.0]
27.6293 	EXP 	unnamed Line: end = [-415.0, -150.0]
27.6293 	EXP 	unnamed Line: start = [-415.0, -235.0]
27.6293 	EXP 	unnamed Line: end = [-485.0, -165.0]
27.6293 	EXP 	unnamed Line: start = [-470.85786437626905, -165.0]
27.6293 	EXP 	unnamed Line: end = [-485.0, -165.0]
27.6293 	EXP 	unnamed Line: start = [-485.0, -179.14213562373095]
27.6293 	EXP 	unnamed Line: end = [-485.0, -165.0]
27.6293 	EXP 	unnamed Line: start = [-415.0, -250.0]
27.6293 	EXP 	unnamed Line: end = [-485.0, -250.0]
27.6293 	EXP 	unnamed Line: start = [-475.0, -240.0]
27.6293 	EXP 	unnamed Line: end = [-485.0, -250.0]
27.6293 	EXP 	unnamed Line: start = [-475.0, -260.0]
27.6293 	EXP 	unnamed Line: end = [-485.0, -250.0]
27.6293 	EXP 	unnamed Line: start = [-200.0, -235.0]
27.6293 	EXP 	unnamed Line: end = [-200.0, -165.0]
27.6293 	EXP 	unnamed Line: start = [-190.0, -175.0]
27.6293 	EXP 	unnamed Line: end = [-200.0, -165.0]
27.6293 	EXP 	unnamed Line: start = [-210.0, -175.0]
27.6293 	EXP 	unnamed Line: end = [-200.0, -165.0]
27.6293 	EXP 	unnamed Line: start = [-115.0, -150.0]
27.6293 	EXP 	unnamed Line: end = [-185.0, -150.0]
27.6293 	EXP 	unnamed Line: start = [-175.0, -140.0]
27.6293 	EXP 	unnamed Line: end = [-185.0, -150.0]
27.6293 	EXP 	unnamed Line: start = [-175.0, -160.0]
27.6293 	EXP 	unnamed Line: end = [-185.0, -150.0]
27.6293 	EXP 	unnamed Line: start = [-100.0, -165.0]
27.6293 	EXP 	unnamed Line: end = [-100.0, -235.0]
27.6293 	EXP 	unnamed Line: start = [-110.0, -225.0]
27.6293 	EXP 	unnamed Line: end = [-100.0, -235.0]
27.6293 	EXP 	unnamed Line: start = [-90.0, -225.0]
27.6293 	EXP 	unnamed Line: end = [-100.0, -235.0]
27.6293 	EXP 	unnamed Line: start = [185.0, -250.0]
27.6293 	EXP 	unnamed Line: end = [115.0, -250.0]
27.6293 	EXP 	unnamed Line: start = [125.0, -240.0]
27.6293 	EXP 	unnamed Line: end = [115.0, -250.0]
27.6293 	EXP 	unnamed Line: start = [125.0, -260.0]
27.6293 	EXP 	unnamed Line: end = [115.0, -250.0]
27.6293 	EXP 	unnamed Line: start = [200.0, -165.0]
27.6293 	EXP 	unnamed Line: end = [200.0, -235.0]
27.6293 	EXP 	unnamed Line: start = [190.0, -225.0]
27.6293 	EXP 	unnamed Line: end = [200.0, -235.0]
27.6293 	EXP 	unnamed Line: start = [210.0, -225.0]
27.6293 	EXP 	unnamed Line: end = [200.0, -235.0]
27.6293 	EXP 	unnamed Line: start = [115.0, -150.0]
27.6293 	EXP 	unnamed Line: end = [185.0, -150.0]
27.6293 	EXP 	unnamed Line: start = [175.0, -160.0]
27.6293 	EXP 	unnamed Line: end = [185.0, -150.0]
27.6293 	EXP 	unnamed Line: start = [175.0, -140.0]
27.6293 	EXP 	unnamed Line: end = [185.0, -150.0]
27.6293 	EXP 	unnamed Line: start = [500.0, -235.0]
27.6293 	EXP 	unnamed Line: end = [500.0, -165.0]
27.6293 	EXP 	unnamed Line: start = [510.0, -175.0]
27.6293 	EXP 	unnamed Line: end = [500.0, -165.0]
27.6293 	EXP 	unnamed Line: start = [490.0, -175.0]
27.6293 	EXP 	unnamed Line: end = [500.0, -165.0]
27.6293 	EXP 	unnamed Line: start = [415.0, -235.0]
27.6293 	EXP 	unnamed Line: end = [485.0, -165.0]
27.6293 	EXP 	unnamed Line: start = [485.0, -179.14213562373095]
27.6293 	EXP 	unnamed Line: end = [485.0, -165.0]
27.6293 	EXP 	unnamed Line: start = [470.85786437626905, -165.0]
27.6293 	EXP 	unnamed Line: end = [485.0, -165.0]
27.6293 	EXP 	unnamed Line: start = [400.0, -165.0]
27.6293 	EXP 	unnamed Line: end = [400.0, -235.0]
27.6293 	EXP 	unnamed Line: start = [390.0, -225.0]
27.6293 	EXP 	unnamed Line: end = [400.0, -235.0]
27.6293 	EXP 	unnamed Line: start = [410.0, -225.0]
27.6293 	EXP 	unnamed Line: end = [400.0, -235.0]
27.6293 	EXP 	unnamed ImageStim: autoDraw = True
27.6293 	EXP 	unnamed ImageStim: autoDraw = True
27.6293 	EXP 	unnamed ImageStim: autoDraw = True
27.6293 	EXP 	unnamed ImageStim: autoDraw = True
27.6293 	EXP 	unnamed Line: autoDraw = True
27.6293 	EXP 	unnamed Line: autoDraw = True
27.6293 	EXP 	unnamed Line: autoDraw = True
27.6293 	EXP 	unnamed Line: autoDraw = True
27.6293 	EXP 	unnamed Line: autoDraw = True
27.6293 	EXP 	unnamed Line: autoDraw = True
27.6293 	EXP 	unnamed Line: autoDraw = True
27.6293 	EXP 	unnamed Line: autoDraw = True
27.6293 	EXP 	unnamed Line: autoDraw = True
27.6293 	EXP 	unnamed ImageStim: autoDraw = True
27.6293 	EXP 	unnamed ImageStim: autoDraw = True
27.6293 	EXP 	unnamed ImageStim: autoDraw = True
27.6293 	EXP 	unnamed ImageStim: autoDraw = True
27.6293 	EXP 	unnamed Line: autoDraw = True
27.6293 	EXP 	unnamed Line: autoDraw = True
27.6293 	EXP 	unnamed Line: autoDraw = True
27.6293 	EXP 	unnamed Line: autoDraw = True
27.6293 	EXP 	unnamed Line: autoDraw = True
27.6293 	EXP 	unnamed Line: autoDraw = True
27.6293 	EXP 	unnamed Line: autoDraw = True
27.6293 	EXP 	unnamed Line: autoDraw = True
27.6293 	EXP 	unnamed Line: autoDraw = True
27.6293 	EXP 	unnamed ImageStim: autoDraw = True
27.6293 	EXP 	unnamed ImageStim: autoDraw = True
27.6293 	EXP 	unnamed ImageStim: autoDraw = True
27.6293 	EXP 	unnamed ImageStim: autoDraw = True
27.6293 	EXP 	unnamed Line: autoDraw = True
27.6293 	EXP 	unnamed Line: autoDraw = True
27.6293 	EXP 	unnamed Line: autoDraw = True
27.6293 	EXP 	unnamed Line: autoDraw = True
27.6293 	EXP 	unnamed Line: autoDraw = True
27.6293 	EXP 	unnamed Line: autoDraw = True
27.6293 	EXP 	unnamed Line: autoDraw = True
27.6293 	EXP 	unnamed Line: autoDraw = True
27.6293 	EXP 	unnamed Line: autoDraw = True
27.6293 	EXP 	unnamed ImageStim: autoDraw = True
27.6293 	EXP 	unnamed ImageStim: autoDraw = True
27.6293 	EXP 	unnamed ImageStim: autoDraw = True
27.6293 	EXP 	unnamed ImageStim: autoDraw = True
27.6293 	EXP 	unnamed Line: autoDraw = True
27.6293 	EXP 	unnamed Line: autoDraw = True
27.6293 	EXP 	unnamed Line: autoDraw = True
27.6293 	EXP 	unnamed Line: autoDraw = True
27.6293 	EXP 	unnamed Line: autoDraw = True
27.6293 	EXP 	unnamed Line: autoDraw = True
27.6293 	EXP 	unnamed Line: autoDraw = True
27.6293 	EXP 	unnamed Line: autoDraw = True
27.6293 	EXP 	unnamed Line: autoDraw = True
27.6293 	EXP 	unnamed ImageStim: autoDraw = True
27.6293 	EXP 	unnamed ImageStim: autoDraw = True
27.6293 	EXP 	unnamed ImageStim: autoDraw = True
27.6293 	EXP 	unnamed ImageStim: autoDraw = True
27.6293 	EXP 	unnamed Line: autoDraw = True
27.6293 	EXP 	unnamed Line: autoDraw = True
27.6293 	EXP 	unnamed Line: autoDraw = True
27.6293 	EXP 	unnamed Line: autoDraw = True
27.6293 	EXP 	unnamed Line: autoDraw = True
27.6293 	EXP 	unnamed Line: autoDraw = True
27.6293 	EXP 	unnamed Line: autoDraw = True
27.6293 	EXP 	unnamed Line: autoDraw = True
27.6293 	EXP 	unnamed Line: autoDraw = True
29.7380 	EXP 	unnamed ImageStim: autoDraw = False
29.7380 	EXP 	unnamed ImageStim: autoDraw = False
29.7380 	EXP 	unnamed ImageStim: autoDraw = False
29.7380 	EXP 	unnamed ImageStim: autoDraw = False
29.7380 	EXP 	unnamed Line: autoDraw = False
29.7380 	EXP 	unnamed Line: autoDraw = False
29.7380 	EXP 	unnamed Line: autoDraw = False
29.7380 	EXP 	unnamed Line: autoDraw = False
29.7380 	EXP 	unnamed Line: autoDraw = False
29.7380 	EXP 	unnamed Line: autoDraw = False
29.7380 	EXP 	unnamed Line: autoDraw = False
29.7380 	EXP 	unnamed Line: autoDraw = False
29.7380 	EXP 	unnamed Line: autoDraw = False
29.7380 	EXP 	unnamed ImageStim: autoDraw = False
29.7380 	EXP 	unnamed ImageStim: autoDraw = False
29.7380 	EXP 	unnamed ImageStim: autoDraw = False
29.7380 	EXP 	unnamed ImageStim: autoDraw = False
29.7380 	EXP 	unnamed Line: autoDraw = False
29.7380 	EXP 	unnamed Line: autoDraw = False
29.7380 	EXP 	unnamed Line: autoDraw = False
29.7380 	EXP 	unnamed Line: autoDraw = False
29.7380 	EXP 	unnamed Line: autoDraw = False
29.7380 	EXP 	unnamed Line: autoDraw = False
29.7380 	EXP 	unnamed Line: autoDraw = False
29.7380 	EXP 	unnamed Line: autoDraw = False
29.7380 	EXP 	unnamed Line: autoDraw = False
29.7380 	EXP 	unnamed ImageStim: autoDraw = False
29.7380 	EXP 	unnamed ImageStim: autoDraw = False
29.7380 	EXP 	unnamed ImageStim: autoDraw = False
29.7380 	EXP 	unnamed ImageStim: autoDraw = False
29.7380 	EXP 	unnamed Line: autoDraw = False
29.7380 	EXP 	unnamed Line: autoDraw = False
29.7380 	EXP 	unnamed Line: autoDraw = False
29.7380 	EXP 	unnamed Line: autoDraw = False
29.7380 	EXP 	unnamed Line: autoDraw = False
29.7380 	EXP 	unnamed Line: autoDraw = False
29.7380 	EXP 	unnamed Line: autoDraw = False
29.7380 	EXP 	unnamed Line: autoDraw = False
29.7380 	EXP 	unnamed Line: autoDraw = False
29.7380 	EXP 	unnamed ImageStim: autoDraw = False
29.7380 	EXP 	unnamed ImageStim: autoDraw = False
29.7380 	EXP 	unnamed ImageStim: autoDraw = False
29.7380 	EXP 	unnamed ImageStim: autoDraw = False
29.7380 	EXP 	unnamed Line: autoDraw = False
29.7380 	EXP 	unnamed Line: autoDraw = False
29.7380 	EXP 	unnamed Line: autoDraw = False
29.7380 	EXP 	unnamed Line: autoDraw = False
29.7380 	EXP 	unnamed Line: autoDraw = False
29.7380 	EXP 	unnamed Line: autoDraw = False
29.7380 	EXP 	unnamed Line: autoDraw = False
29.7380 	EXP 	unnamed Line: autoDraw = False
29.7380 	EXP 	unnamed Line: autoDraw = False
29.7380 	EXP 	unnamed ImageStim: autoDraw = False
29.7380 	EXP 	unnamed ImageStim: autoDraw = False
29.7380 	EXP 	unnamed ImageStim: autoDraw = False
29.7380 	EXP 	unnamed ImageStim: autoDraw = False
29.7380 	EXP 	unnamed Line: autoDraw = False
29.7380 	EXP 	unnamed Line: autoDraw = False
29.7380 	EXP 	unnamed Line: autoDraw = False
29.7380 	EXP 	unnamed Line: autoDraw = False
29.7380 	EXP 	unnamed Line: autoDraw = False
29.7380 	EXP 	unnamed Line: autoDraw = False
29.7380 	EXP 	unnamed Line: autoDraw = False
29.7380 	EXP 	unnamed Line: autoDraw = False
29.7380 	EXP 	unnamed Line: autoDraw = False
30.7413 	INFO 	using sysFont Arial
30.7427 	EXP 	Created unnamed TextStim = TextStim(__class__=<class 'psychopy.visual.text.TextStim'>, alignHoriz='center', alignVert='center', antialias=True, autoLog=True, bold=False, color='black', colorSpace='named', contrast=1.0, depth=0, flipHoriz=False, flipVert=False, font='Arial', fontFiles=[], height=32, italic=False, name='unnamed TextStim', opacity=1.0, ori=0.0, pos=array([0., 0.]), rgb=array([0., 0., 0.]), text='Po treningu', units='pix', win=Window(...), wrapWidth=1920)
30.7506 	CRITICAL 	Experiment finished by user! f7 pressed.
